                                      1 ;--------------------------------------------------------
                                      2 ; File Created by SDCC : free open source ISO C Compiler 
                                      3 ; Version 4.3.2 #14228 (Mac OS X x86_64)
                                      4 ;--------------------------------------------------------
                                      5 	.module buttonframe
                                      6 	.optsdcc -msm83
                                      7 	
                                      8 ;--------------------------------------------------------
                                      9 ; Public variables in this module
                                     10 ;--------------------------------------------------------
                                     11 	.globl _buttonframe_tiles
                                     12 	.globl b___func_buttonframe
                                     13 	.globl ___func_buttonframe
                                     14 ;--------------------------------------------------------
                                     15 ; special function registers
                                     16 ;--------------------------------------------------------
                                     17 ;--------------------------------------------------------
                                     18 ; ram data
                                     19 ;--------------------------------------------------------
                                     20 	.area _DATA
                                     21 ;--------------------------------------------------------
                                     22 ; ram data
                                     23 ;--------------------------------------------------------
                                     24 	.area _INITIALIZED
                                     25 ;--------------------------------------------------------
                                     26 ; absolute external ram data
                                     27 ;--------------------------------------------------------
                                     28 	.area _DABS (ABS)
                                     29 ;--------------------------------------------------------
                                     30 ; global & static initialisations
                                     31 ;--------------------------------------------------------
                                     32 	.area _HOME
                                     33 	.area _GSINIT
                                     34 	.area _GSFINAL
                                     35 	.area _GSINIT
                                     36 ;--------------------------------------------------------
                                     37 ; Home
                                     38 ;--------------------------------------------------------
                                     39 	.area _HOME
                                     40 	.area _HOME
                                     41 ;--------------------------------------------------------
                                     42 ; code
                                     43 ;--------------------------------------------------------
                                     44 	.area _CODE_2
                           000000    45 	G$__func_buttonframe$0$0	= .
                                     46 	.globl	G$__func_buttonframe$0$0
                           000000    47 	C$buttonframe.c$9$0_0$161	= .
                                     48 	.globl	C$buttonframe.c$9$0_0$161
                                     49 ;assets/buttonframe.c:9: BANKREF(buttonframe)
                                     50 ;	---------------------------------
                                     51 ; Function __func_buttonframe
                                     52 ; ---------------------------------
                           000002    53 	b___func_buttonframe	= 2
      000000                         54 ___func_buttonframe::
                                     55 	.local b___func_buttonframe 
                           000002    56 	___bank_buttonframe = b___func_buttonframe 
                                     57 	.globl ___bank_buttonframe 
                                     58 	.area _CODE_2
                           000000    59 G$buttonframe_tiles$0_0$0 == .
      000000                         60 _buttonframe_tiles:
      000000 00                      61 	.db #0x00	; 0
      000001 FF                      62 	.db #0xff	; 255
      000002 00                      63 	.db #0x00	; 0
      000003 80                      64 	.db #0x80	; 128
      000004 00                      65 	.db #0x00	; 0
      000005 80                      66 	.db #0x80	; 128
      000006 00                      67 	.db #0x00	; 0
      000007 80                      68 	.db #0x80	; 128
      000008 00                      69 	.db #0x00	; 0
      000009 80                      70 	.db #0x80	; 128
      00000A 00                      71 	.db #0x00	; 0
      00000B 80                      72 	.db #0x80	; 128
      00000C 00                      73 	.db #0x00	; 0
      00000D 80                      74 	.db #0x80	; 128
      00000E 00                      75 	.db #0x00	; 0
      00000F 80                      76 	.db #0x80	; 128
      000010 00                      77 	.db #0x00	; 0
      000011 FF                      78 	.db #0xff	; 255
      000012 00                      79 	.db #0x00	; 0
      000013 00                      80 	.db #0x00	; 0
      000014 00                      81 	.db #0x00	; 0
      000015 00                      82 	.db #0x00	; 0
      000016 00                      83 	.db #0x00	; 0
      000017 00                      84 	.db #0x00	; 0
      000018 00                      85 	.db #0x00	; 0
      000019 00                      86 	.db #0x00	; 0
      00001A 00                      87 	.db #0x00	; 0
      00001B 00                      88 	.db #0x00	; 0
      00001C 00                      89 	.db #0x00	; 0
      00001D 00                      90 	.db #0x00	; 0
      00001E 00                      91 	.db #0x00	; 0
      00001F 00                      92 	.db #0x00	; 0
      000020 00                      93 	.db #0x00	; 0
      000021 01                      94 	.db #0x01	; 1
      000022 00                      95 	.db #0x00	; 0
      000023 01                      96 	.db #0x01	; 1
      000024 00                      97 	.db #0x00	; 0
      000025 01                      98 	.db #0x01	; 1
      000026 00                      99 	.db #0x00	; 0
      000027 01                     100 	.db #0x01	; 1
      000028 00                     101 	.db #0x00	; 0
      000029 01                     102 	.db #0x01	; 1
      00002A 00                     103 	.db #0x00	; 0
      00002B 01                     104 	.db #0x01	; 1
      00002C 00                     105 	.db #0x00	; 0
      00002D 01                     106 	.db #0x01	; 1
      00002E 00                     107 	.db #0x00	; 0
      00002F 01                     108 	.db #0x01	; 1
      000030 00                     109 	.db #0x00	; 0
      000031 01                     110 	.db #0x01	; 1
      000032 00                     111 	.db #0x00	; 0
      000033 03                     112 	.db #0x03	; 3
      000034 01                     113 	.db #0x01	; 1
      000035 06                     114 	.db #0x06	; 6
      000036 02                     115 	.db #0x02	; 2
      000037 8C                     116 	.db #0x8c	; 140
      000038 04                     117 	.db #0x04	; 4
      000039 D8                     118 	.db #0xd8	; 216
      00003A 88                     119 	.db #0x88	; 136
      00003B 70                     120 	.db #0x70	; 112	'p'
      00003C 50                     121 	.db #0x50	; 80	'P'
      00003D 20                     122 	.db #0x20	; 32
      00003E 20                     123 	.db #0x20	; 32
      00003F 00                     124 	.db #0x00	; 0
                                    125 	.area _INITIALIZER
                                    126 	.area _CABS (ABS)
