                                      1 ;--------------------------------------------------------
                                      2 ; File Created by SDCC : free open source ISO C Compiler 
                                      3 ; Version 4.3.2 #14228 (Mac OS X x86_64)
                                      4 ;--------------------------------------------------------
                                      5 	.module font
                                      6 	.optsdcc -msm83
                                      7 	
                                      8 ;--------------------------------------------------------
                                      9 ; Public variables in this module
                                     10 ;--------------------------------------------------------
                                     11 	.globl _font
                                     12 ;--------------------------------------------------------
                                     13 ; special function registers
                                     14 ;--------------------------------------------------------
                                     15 ;--------------------------------------------------------
                                     16 ; ram data
                                     17 ;--------------------------------------------------------
                                     18 	.area _DATA
                                     19 ;--------------------------------------------------------
                                     20 ; ram data
                                     21 ;--------------------------------------------------------
                                     22 	.area _INITIALIZED
                           000000    23 G$font$0_0$0==.
      000000                         24 _font::
      000000                         25 	.ds 160
                                     26 ;--------------------------------------------------------
                                     27 ; absolute external ram data
                                     28 ;--------------------------------------------------------
                                     29 	.area _DABS (ABS)
                                     30 ;--------------------------------------------------------
                                     31 ; global & static initialisations
                                     32 ;--------------------------------------------------------
                                     33 	.area _HOME
                                     34 	.area _GSINIT
                                     35 	.area _GSFINAL
                                     36 	.area _GSINIT
                                     37 ;--------------------------------------------------------
                                     38 ; Home
                                     39 ;--------------------------------------------------------
                                     40 	.area _HOME
                                     41 	.area _HOME
                                     42 ;--------------------------------------------------------
                                     43 ; code
                                     44 ;--------------------------------------------------------
                                     45 	.area _CODE
                                     46 	.area _CODE
                                     47 	.area _INITIALIZER
                           000000    48 Ffont$__xinit_font$0_0$0 == .
      000000                         49 __xinit__font:
      000000 E0                      50 	.db #0xe0	; 224
      000001 00                      51 	.db #0x00	; 0
      000002 A0                      52 	.db #0xa0	; 160
      000003 00                      53 	.db #0x00	; 0
      000004 A0                      54 	.db #0xa0	; 160
      000005 00                      55 	.db #0x00	; 0
      000006 A0                      56 	.db #0xa0	; 160
      000007 00                      57 	.db #0x00	; 0
      000008 E0                      58 	.db #0xe0	; 224
      000009 00                      59 	.db #0x00	; 0
      00000A 00                      60 	.db #0x00	; 0
      00000B 00                      61 	.db #0x00	; 0
      00000C 00                      62 	.db #0x00	; 0
      00000D 00                      63 	.db #0x00	; 0
      00000E 00                      64 	.db #0x00	; 0
      00000F 00                      65 	.db #0x00	; 0
      000010 40                      66 	.db #0x40	; 64
      000011 00                      67 	.db #0x00	; 0
      000012 C0                      68 	.db #0xc0	; 192
      000013 00                      69 	.db #0x00	; 0
      000014 40                      70 	.db #0x40	; 64
      000015 00                      71 	.db #0x00	; 0
      000016 40                      72 	.db #0x40	; 64
      000017 00                      73 	.db #0x00	; 0
      000018 E0                      74 	.db #0xe0	; 224
      000019 00                      75 	.db #0x00	; 0
      00001A 00                      76 	.db #0x00	; 0
      00001B 00                      77 	.db #0x00	; 0
      00001C 00                      78 	.db #0x00	; 0
      00001D 00                      79 	.db #0x00	; 0
      00001E 00                      80 	.db #0x00	; 0
      00001F 00                      81 	.db #0x00	; 0
      000020 E0                      82 	.db #0xe0	; 224
      000021 00                      83 	.db #0x00	; 0
      000022 20                      84 	.db #0x20	; 32
      000023 00                      85 	.db #0x00	; 0
      000024 40                      86 	.db #0x40	; 64
      000025 00                      87 	.db #0x00	; 0
      000026 80                      88 	.db #0x80	; 128
      000027 00                      89 	.db #0x00	; 0
      000028 E0                      90 	.db #0xe0	; 224
      000029 00                      91 	.db #0x00	; 0
      00002A 00                      92 	.db #0x00	; 0
      00002B 00                      93 	.db #0x00	; 0
      00002C 00                      94 	.db #0x00	; 0
      00002D 00                      95 	.db #0x00	; 0
      00002E 00                      96 	.db #0x00	; 0
      00002F 00                      97 	.db #0x00	; 0
      000030 E0                      98 	.db #0xe0	; 224
      000031 00                      99 	.db #0x00	; 0
      000032 20                     100 	.db #0x20	; 32
      000033 00                     101 	.db #0x00	; 0
      000034 60                     102 	.db #0x60	; 96
      000035 00                     103 	.db #0x00	; 0
      000036 20                     104 	.db #0x20	; 32
      000037 00                     105 	.db #0x00	; 0
      000038 E0                     106 	.db #0xe0	; 224
      000039 00                     107 	.db #0x00	; 0
      00003A 00                     108 	.db #0x00	; 0
      00003B 00                     109 	.db #0x00	; 0
      00003C 00                     110 	.db #0x00	; 0
      00003D 00                     111 	.db #0x00	; 0
      00003E 00                     112 	.db #0x00	; 0
      00003F 00                     113 	.db #0x00	; 0
      000040 A0                     114 	.db #0xa0	; 160
      000041 00                     115 	.db #0x00	; 0
      000042 A0                     116 	.db #0xa0	; 160
      000043 00                     117 	.db #0x00	; 0
      000044 E0                     118 	.db #0xe0	; 224
      000045 00                     119 	.db #0x00	; 0
      000046 20                     120 	.db #0x20	; 32
      000047 00                     121 	.db #0x00	; 0
      000048 20                     122 	.db #0x20	; 32
      000049 00                     123 	.db #0x00	; 0
      00004A 00                     124 	.db #0x00	; 0
      00004B 00                     125 	.db #0x00	; 0
      00004C 00                     126 	.db #0x00	; 0
      00004D 00                     127 	.db #0x00	; 0
      00004E 00                     128 	.db #0x00	; 0
      00004F 00                     129 	.db #0x00	; 0
      000050 E0                     130 	.db #0xe0	; 224
      000051 00                     131 	.db #0x00	; 0
      000052 80                     132 	.db #0x80	; 128
      000053 00                     133 	.db #0x00	; 0
      000054 E0                     134 	.db #0xe0	; 224
      000055 00                     135 	.db #0x00	; 0
      000056 20                     136 	.db #0x20	; 32
      000057 00                     137 	.db #0x00	; 0
      000058 E0                     138 	.db #0xe0	; 224
      000059 00                     139 	.db #0x00	; 0
      00005A 00                     140 	.db #0x00	; 0
      00005B 00                     141 	.db #0x00	; 0
      00005C 00                     142 	.db #0x00	; 0
      00005D 00                     143 	.db #0x00	; 0
      00005E 00                     144 	.db #0x00	; 0
      00005F 00                     145 	.db #0x00	; 0
      000060 E0                     146 	.db #0xe0	; 224
      000061 00                     147 	.db #0x00	; 0
      000062 80                     148 	.db #0x80	; 128
      000063 00                     149 	.db #0x00	; 0
      000064 E0                     150 	.db #0xe0	; 224
      000065 00                     151 	.db #0x00	; 0
      000066 A0                     152 	.db #0xa0	; 160
      000067 00                     153 	.db #0x00	; 0
      000068 E0                     154 	.db #0xe0	; 224
      000069 00                     155 	.db #0x00	; 0
      00006A 00                     156 	.db #0x00	; 0
      00006B 00                     157 	.db #0x00	; 0
      00006C 00                     158 	.db #0x00	; 0
      00006D 00                     159 	.db #0x00	; 0
      00006E 00                     160 	.db #0x00	; 0
      00006F 00                     161 	.db #0x00	; 0
      000070 E0                     162 	.db #0xe0	; 224
      000071 00                     163 	.db #0x00	; 0
      000072 20                     164 	.db #0x20	; 32
      000073 00                     165 	.db #0x00	; 0
      000074 40                     166 	.db #0x40	; 64
      000075 00                     167 	.db #0x00	; 0
      000076 40                     168 	.db #0x40	; 64
      000077 00                     169 	.db #0x00	; 0
      000078 40                     170 	.db #0x40	; 64
      000079 00                     171 	.db #0x00	; 0
      00007A 00                     172 	.db #0x00	; 0
      00007B 00                     173 	.db #0x00	; 0
      00007C 00                     174 	.db #0x00	; 0
      00007D 00                     175 	.db #0x00	; 0
      00007E 00                     176 	.db #0x00	; 0
      00007F 00                     177 	.db #0x00	; 0
      000080 E0                     178 	.db #0xe0	; 224
      000081 00                     179 	.db #0x00	; 0
      000082 A0                     180 	.db #0xa0	; 160
      000083 00                     181 	.db #0x00	; 0
      000084 E0                     182 	.db #0xe0	; 224
      000085 00                     183 	.db #0x00	; 0
      000086 A0                     184 	.db #0xa0	; 160
      000087 00                     185 	.db #0x00	; 0
      000088 E0                     186 	.db #0xe0	; 224
      000089 00                     187 	.db #0x00	; 0
      00008A 00                     188 	.db #0x00	; 0
      00008B 00                     189 	.db #0x00	; 0
      00008C 00                     190 	.db #0x00	; 0
      00008D 00                     191 	.db #0x00	; 0
      00008E 00                     192 	.db #0x00	; 0
      00008F 00                     193 	.db #0x00	; 0
      000090 E0                     194 	.db #0xe0	; 224
      000091 00                     195 	.db #0x00	; 0
      000092 A0                     196 	.db #0xa0	; 160
      000093 00                     197 	.db #0x00	; 0
      000094 E0                     198 	.db #0xe0	; 224
      000095 00                     199 	.db #0x00	; 0
      000096 20                     200 	.db #0x20	; 32
      000097 00                     201 	.db #0x00	; 0
      000098 E0                     202 	.db #0xe0	; 224
      000099 00                     203 	.db #0x00	; 0
      00009A 00                     204 	.db #0x00	; 0
      00009B 00                     205 	.db #0x00	; 0
      00009C 00                     206 	.db #0x00	; 0
      00009D 00                     207 	.db #0x00	; 0
      00009E 00                     208 	.db #0x00	; 0
      00009F 00                     209 	.db #0x00	; 0
                                    210 	.area _CABS (ABS)
