                                      1 ;--------------------------------------------------------
                                      2 ; File Created by SDCC : free open source ISO C Compiler 
                                      3 ; Version 4.3.2 #14228 (Mac OS X x86_64)
                                      4 ;--------------------------------------------------------
                                      5 	.module level
                                      6 	.optsdcc -msm83
                                      7 	
                                      8 ;--------------------------------------------------------
                                      9 ; Public variables in this module
                                     10 ;--------------------------------------------------------
                                     11 	.globl b___func_bank_level
                                     12 	.globl ___func_bank_level
                                     13 	.globl _level_array
                                     14 ;--------------------------------------------------------
                                     15 ; special function registers
                                     16 ;--------------------------------------------------------
                                     17 ;--------------------------------------------------------
                                     18 ; ram data
                                     19 ;--------------------------------------------------------
                                     20 	.area _DATA
                                     21 ;--------------------------------------------------------
                                     22 ; ram data
                                     23 ;--------------------------------------------------------
                                     24 	.area _INITIALIZED
                           000000    25 G$level_array$0_0$0==.
      000000                         26 _level_array::
      000000                         27 	.ds 1536
                                     28 ;--------------------------------------------------------
                                     29 ; absolute external ram data
                                     30 ;--------------------------------------------------------
                                     31 	.area _DABS (ABS)
                                     32 ;--------------------------------------------------------
                                     33 ; global & static initialisations
                                     34 ;--------------------------------------------------------
                                     35 	.area _HOME
                                     36 	.area _GSINIT
                                     37 	.area _GSFINAL
                                     38 	.area _GSINIT
                                     39 ;--------------------------------------------------------
                                     40 ; Home
                                     41 ;--------------------------------------------------------
                                     42 	.area _HOME
                                     43 	.area _HOME
                                     44 ;--------------------------------------------------------
                                     45 ; code
                                     46 ;--------------------------------------------------------
                                     47 	.area _CODE_1
                           000000    48 	G$__func_bank_level$0$0	= .
                                     49 	.globl	G$__func_bank_level$0$0
                           000000    50 	C$level.c$5$0_0$130	= .
                                     51 	.globl	C$level.c$5$0_0$130
                                     52 ;src/level.c:5: BANKREF(bank_level)
                                     53 ;	---------------------------------
                                     54 ; Function __func_bank_level
                                     55 ; ---------------------------------
                           000001    56 	b___func_bank_level	= 1
      000000                         57 ___func_bank_level::
                                     58 	.local b___func_bank_level 
                           000001    59 	___bank_bank_level = b___func_bank_level 
                                     60 	.globl ___bank_bank_level 
                                     61 	.area _CODE_1
                                     62 	.area _INITIALIZER
                           000000    63 Flevel$__xinit_level_array$0_0$0 == .
      000000                         64 __xinit__level_array:
      000000 00                      65 	.db #0x00	; 0
      000001 00                      66 	.db #0x00	; 0
      000002 00                      67 	.db #0x00	; 0
      000003 00                      68 	.db #0x00	; 0
      000004 00                      69 	.db #0x00	; 0
      000005 00                      70 	.db #0x00	; 0
      000006 00                      71 	.db #0x00	; 0
      000007 00                      72 	.db #0x00	; 0
      000008 00                      73 	.db #0x00	; 0
      000009 00                      74 	.db #0x00	; 0
      00000A 00                      75 	.db #0x00	; 0
      00000B 00                      76 	.db #0x00	; 0
      00000C 00                      77 	.db #0x00	; 0
      00000D 00                      78 	.db #0x00	; 0
      00000E 00                      79 	.db #0x00	; 0
      00000F 00                      80 	.db #0x00	; 0
      000010 00                      81 	.db #0x00	; 0
      000011 00                      82 	.db #0x00	; 0
      000012 00                      83 	.db #0x00	; 0
      000013 00                      84 	.db #0x00	; 0
      000014 00                      85 	.db #0x00	; 0
      000015 00                      86 	.db #0x00	; 0
      000016 00                      87 	.db #0x00	; 0
      000017 00                      88 	.db #0x00	; 0
      000018 00                      89 	.db #0x00	; 0
      000019 00                      90 	.db #0x00	; 0
      00001A 00                      91 	.db #0x00	; 0
      00001B 00                      92 	.db #0x00	; 0
      00001C 00                      93 	.db #0x00	; 0
      00001D 00                      94 	.db #0x00	; 0
      00001E 00                      95 	.db #0x00	; 0
      00001F 00                      96 	.db #0x00	; 0
      000020 00                      97 	.db #0x00	; 0
      000021 00                      98 	.db #0x00	; 0
      000022 00                      99 	.db #0x00	; 0
      000023 00                     100 	.db #0x00	; 0
      000024 00                     101 	.db #0x00	; 0
      000025 00                     102 	.db #0x00	; 0
      000026 00                     103 	.db #0x00	; 0
      000027 00                     104 	.db #0x00	; 0
      000028 00                     105 	.db #0x00	; 0
      000029 00                     106 	.db #0x00	; 0
      00002A 00                     107 	.db #0x00	; 0
      00002B 00                     108 	.db #0x00	; 0
      00002C 00                     109 	.db #0x00	; 0
      00002D 00                     110 	.db #0x00	; 0
      00002E 00                     111 	.db #0x00	; 0
      00002F 00                     112 	.db #0x00	; 0
      000030 00                     113 	.db #0x00	; 0
      000031 00                     114 	.db #0x00	; 0
      000032 00                     115 	.db #0x00	; 0
      000033 00                     116 	.db #0x00	; 0
      000034 00                     117 	.db #0x00	; 0
      000035 00                     118 	.db #0x00	; 0
      000036 00                     119 	.db #0x00	; 0
      000037 00                     120 	.db #0x00	; 0
      000038 00                     121 	.db #0x00	; 0
      000039 00                     122 	.db #0x00	; 0
      00003A 00                     123 	.db #0x00	; 0
      00003B 00                     124 	.db #0x00	; 0
      00003C 00                     125 	.db #0x00	; 0
      00003D 00                     126 	.db #0x00	; 0
      00003E 00                     127 	.db #0x00	; 0
      00003F 00                     128 	.db #0x00	; 0
      000040 00                     129 	.db #0x00	; 0
      000041 00                     130 	.db #0x00	; 0
      000042 00                     131 	.db #0x00	; 0
      000043 00                     132 	.db #0x00	; 0
      000044 00                     133 	.db #0x00	; 0
      000045 00                     134 	.db #0x00	; 0
      000046 00                     135 	.db #0x00	; 0
      000047 00                     136 	.db #0x00	; 0
      000048 00                     137 	.db #0x00	; 0
      000049 00                     138 	.db #0x00	; 0
      00004A 00                     139 	.db #0x00	; 0
      00004B 00                     140 	.db #0x00	; 0
      00004C 00                     141 	.db #0x00	; 0
      00004D 00                     142 	.db #0x00	; 0
      00004E 00                     143 	.db #0x00	; 0
      00004F 00                     144 	.db #0x00	; 0
      000050 00                     145 	.db #0x00	; 0
      000051 00                     146 	.db #0x00	; 0
      000052 00                     147 	.db #0x00	; 0
      000053 00                     148 	.db #0x00	; 0
      000054 00                     149 	.db #0x00	; 0
      000055 00                     150 	.db #0x00	; 0
      000056 00                     151 	.db #0x00	; 0
      000057 00                     152 	.db #0x00	; 0
      000058 00                     153 	.db #0x00	; 0
      000059 00                     154 	.db #0x00	; 0
      00005A 00                     155 	.db #0x00	; 0
      00005B 00                     156 	.db #0x00	; 0
      00005C 00                     157 	.db #0x00	; 0
      00005D 00                     158 	.db #0x00	; 0
      00005E 00                     159 	.db #0x00	; 0
      00005F 00                     160 	.db #0x00	; 0
      000060 02                     161 	.db #0x02	; 2
      000061 02                     162 	.db #0x02	; 2
      000062 02                     163 	.db #0x02	; 2
      000063 02                     164 	.db #0x02	; 2
      000064 02                     165 	.db #0x02	; 2
      000065 02                     166 	.db #0x02	; 2
      000066 02                     167 	.db #0x02	; 2
      000067 02                     168 	.db #0x02	; 2
      000068 02                     169 	.db #0x02	; 2
      000069 02                     170 	.db #0x02	; 2
      00006A 02                     171 	.db #0x02	; 2
      00006B 02                     172 	.db #0x02	; 2
      00006C 02                     173 	.db #0x02	; 2
      00006D 02                     174 	.db #0x02	; 2
      00006E 02                     175 	.db #0x02	; 2
      00006F 02                     176 	.db #0x02	; 2
      000070 01                     177 	.db #0x01	; 1
      000071 01                     178 	.db #0x01	; 1
      000072 01                     179 	.db #0x01	; 1
      000073 01                     180 	.db #0x01	; 1
      000074 03                     181 	.db #0x03	; 3
      000075 01                     182 	.db #0x01	; 1
      000076 01                     183 	.db #0x01	; 1
      000077 01                     184 	.db #0x01	; 1
      000078 03                     185 	.db #0x03	; 3
      000079 01                     186 	.db #0x01	; 1
      00007A 01                     187 	.db #0x01	; 1
      00007B 04                     188 	.db #0x04	; 4
      00007C 01                     189 	.db #0x01	; 1
      00007D 01                     190 	.db #0x01	; 1
      00007E 01                     191 	.db #0x01	; 1
      00007F 01                     192 	.db #0x01	; 1
      000080 01                     193 	.db #0x01	; 1
      000081 00                     194 	.db #0x00	; 0
      000082 01                     195 	.db #0x01	; 1
      000083 01                     196 	.db #0x01	; 1
      000084 01                     197 	.db #0x01	; 1
      000085 01                     198 	.db #0x01	; 1
      000086 01                     199 	.db #0x01	; 1
      000087 05                     200 	.db #0x05	; 5
      000088 01                     201 	.db #0x01	; 1
      000089 01                     202 	.db #0x01	; 1
      00008A 01                     203 	.db #0x01	; 1
      00008B 01                     204 	.db #0x01	; 1
      00008C 01                     205 	.db #0x01	; 1
      00008D 01                     206 	.db #0x01	; 1
      00008E 01                     207 	.db #0x01	; 1
      00008F 01                     208 	.db #0x01	; 1
      000090 01                     209 	.db #0x01	; 1
      000091 00                     210 	.db #0x00	; 0
      000092 01                     211 	.db #0x01	; 1
      000093 01                     212 	.db #0x01	; 1
      000094 01                     213 	.db #0x01	; 1
      000095 00                     214 	.db #0x00	; 0
      000096 01                     215 	.db #0x01	; 1
      000097 01                     216 	.db #0x01	; 1
      000098 01                     217 	.db #0x01	; 1
      000099 00                     218 	.db #0x00	; 0
      00009A 00                     219 	.db #0x00	; 0
      00009B 01                     220 	.db #0x01	; 1
      00009C 01                     221 	.db #0x01	; 1
      00009D 03                     222 	.db #0x03	; 3
      00009E 01                     223 	.db #0x01	; 1
      00009F 01                     224 	.db #0x01	; 1
      0000A0 01                     225 	.db #0x01	; 1
      0000A1 06                     226 	.db #0x06	; 6
      0000A2 03                     227 	.db #0x03	; 3
      0000A3 01                     228 	.db #0x01	; 1
      0000A4 01                     229 	.db #0x01	; 1
      0000A5 01                     230 	.db #0x01	; 1
      0000A6 04                     231 	.db #0x04	; 4
      0000A7 01                     232 	.db #0x01	; 1
      0000A8 01                     233 	.db #0x01	; 1
      0000A9 01                     234 	.db #0x01	; 1
      0000AA 00                     235 	.db #0x00	; 0
      0000AB 01                     236 	.db #0x01	; 1
      0000AC 01                     237 	.db #0x01	; 1
      0000AD 01                     238 	.db #0x01	; 1
      0000AE 01                     239 	.db #0x01	; 1
      0000AF 01                     240 	.db #0x01	; 1
      0000B0 01                     241 	.db #0x01	; 1
      0000B1 01                     242 	.db #0x01	; 1
      0000B2 01                     243 	.db #0x01	; 1
      0000B3 01                     244 	.db #0x01	; 1
      0000B4 04                     245 	.db #0x04	; 4
      0000B5 01                     246 	.db #0x01	; 1
      0000B6 01                     247 	.db #0x01	; 1
      0000B7 01                     248 	.db #0x01	; 1
      0000B8 03                     249 	.db #0x03	; 3
      0000B9 01                     250 	.db #0x01	; 1
      0000BA 01                     251 	.db #0x01	; 1
      0000BB 03                     252 	.db #0x03	; 3
      0000BC 01                     253 	.db #0x01	; 1
      0000BD 01                     254 	.db #0x01	; 1
      0000BE 01                     255 	.db #0x01	; 1
      0000BF 00                     256 	.db #0x00	; 0
      0000C0 01                     257 	.db #0x01	; 1
      0000C1 01                     258 	.db #0x01	; 1
      0000C2 01                     259 	.db #0x01	; 1
      0000C3 07                     260 	.db #0x07	; 7
      0000C4 01                     261 	.db #0x01	; 1
      0000C5 01                     262 	.db #0x01	; 1
      0000C6 01                     263 	.db #0x01	; 1
      0000C7 07                     264 	.db #0x07	; 7
      0000C8 01                     265 	.db #0x01	; 1
      0000C9 01                     266 	.db #0x01	; 1
      0000CA 01                     267 	.db #0x01	; 1
      0000CB 01                     268 	.db #0x01	; 1
      0000CC 05                     269 	.db #0x05	; 5
      0000CD 04                     270 	.db #0x04	; 4
      0000CE 01                     271 	.db #0x01	; 1
      0000CF 01                     272 	.db #0x01	; 1
      0000D0 01                     273 	.db #0x01	; 1
      0000D1 01                     274 	.db #0x01	; 1
      0000D2 00                     275 	.db #0x00	; 0
      0000D3 00                     276 	.db #0x00	; 0
      0000D4 01                     277 	.db #0x01	; 1
      0000D5 01                     278 	.db #0x01	; 1
      0000D6 00                     279 	.db #0x00	; 0
      0000D7 00                     280 	.db #0x00	; 0
      0000D8 01                     281 	.db #0x01	; 1
      0000D9 01                     282 	.db #0x01	; 1
      0000DA 01                     283 	.db #0x01	; 1
      0000DB 01                     284 	.db #0x01	; 1
      0000DC 01                     285 	.db #0x01	; 1
      0000DD 01                     286 	.db #0x01	; 1
      0000DE 01                     287 	.db #0x01	; 1
      0000DF 01                     288 	.db #0x01	; 1
      0000E0 01                     289 	.db #0x01	; 1
      0000E1 04                     290 	.db #0x04	; 4
      0000E2 00                     291 	.db #0x00	; 0
      0000E3 01                     292 	.db #0x01	; 1
      0000E4 01                     293 	.db #0x01	; 1
      0000E5 01                     294 	.db #0x01	; 1
      0000E6 01                     295 	.db #0x01	; 1
      0000E7 00                     296 	.db #0x00	; 0
      0000E8 01                     297 	.db #0x01	; 1
      0000E9 04                     298 	.db #0x04	; 4
      0000EA 01                     299 	.db #0x01	; 1
      0000EB 03                     300 	.db #0x03	; 3
      0000EC 01                     301 	.db #0x01	; 1
      0000ED 01                     302 	.db #0x01	; 1
      0000EE 01                     303 	.db #0x01	; 1
      0000EF 01                     304 	.db #0x01	; 1
      0000F0 01                     305 	.db #0x01	; 1
      0000F1 01                     306 	.db #0x01	; 1
      0000F2 01                     307 	.db #0x01	; 1
      0000F3 01                     308 	.db #0x01	; 1
      0000F4 01                     309 	.db #0x01	; 1
      0000F5 01                     310 	.db #0x01	; 1
      0000F6 01                     311 	.db #0x01	; 1
      0000F7 01                     312 	.db #0x01	; 1
      0000F8 01                     313 	.db #0x01	; 1
      0000F9 01                     314 	.db #0x01	; 1
      0000FA 01                     315 	.db #0x01	; 1
      0000FB 01                     316 	.db #0x01	; 1
      0000FC 05                     317 	.db #0x05	; 5
      0000FD 01                     318 	.db #0x01	; 1
      0000FE 01                     319 	.db #0x01	; 1
      0000FF 03                     320 	.db #0x03	; 3
      000100 01                     321 	.db #0x01	; 1
      000101 03                     322 	.db #0x03	; 3
      000102 01                     323 	.db #0x01	; 1
      000103 01                     324 	.db #0x01	; 1
      000104 01                     325 	.db #0x01	; 1
      000105 03                     326 	.db #0x03	; 3
      000106 01                     327 	.db #0x01	; 1
      000107 00                     328 	.db #0x00	; 0
      000108 01                     329 	.db #0x01	; 1
      000109 01                     330 	.db #0x01	; 1
      00010A 01                     331 	.db #0x01	; 1
      00010B 01                     332 	.db #0x01	; 1
      00010C 01                     333 	.db #0x01	; 1
      00010D 05                     334 	.db #0x05	; 5
      00010E 01                     335 	.db #0x01	; 1
      00010F 01                     336 	.db #0x01	; 1
      000110 01                     337 	.db #0x01	; 1
      000111 01                     338 	.db #0x01	; 1
      000112 00                     339 	.db #0x00	; 0
      000113 01                     340 	.db #0x01	; 1
      000114 01                     341 	.db #0x01	; 1
      000115 01                     342 	.db #0x01	; 1
      000116 01                     343 	.db #0x01	; 1
      000117 01                     344 	.db #0x01	; 1
      000118 01                     345 	.db #0x01	; 1
      000119 03                     346 	.db #0x03	; 3
      00011A 01                     347 	.db #0x01	; 1
      00011B 01                     348 	.db #0x01	; 1
      00011C 03                     349 	.db #0x03	; 3
      00011D 01                     350 	.db #0x01	; 1
      00011E 01                     351 	.db #0x01	; 1
      00011F 01                     352 	.db #0x01	; 1
      000120 07                     353 	.db #0x07	; 7
      000121 01                     354 	.db #0x01	; 1
      000122 00                     355 	.db #0x00	; 0
      000123 06                     356 	.db #0x06	; 6
      000124 01                     357 	.db #0x01	; 1
      000125 01                     358 	.db #0x01	; 1
      000126 01                     359 	.db #0x01	; 1
      000127 01                     360 	.db #0x01	; 1
      000128 01                     361 	.db #0x01	; 1
      000129 01                     362 	.db #0x01	; 1
      00012A 06                     363 	.db #0x06	; 6
      00012B 01                     364 	.db #0x01	; 1
      00012C 01                     365 	.db #0x01	; 1
      00012D 01                     366 	.db #0x01	; 1
      00012E 01                     367 	.db #0x01	; 1
      00012F 01                     368 	.db #0x01	; 1
      000130 01                     369 	.db #0x01	; 1
      000131 01                     370 	.db #0x01	; 1
      000132 01                     371 	.db #0x01	; 1
      000133 00                     372 	.db #0x00	; 0
      000134 01                     373 	.db #0x01	; 1
      000135 01                     374 	.db #0x01	; 1
      000136 03                     375 	.db #0x03	; 3
      000137 00                     376 	.db #0x00	; 0
      000138 01                     377 	.db #0x01	; 1
      000139 01                     378 	.db #0x01	; 1
      00013A 01                     379 	.db #0x01	; 1
      00013B 01                     380 	.db #0x01	; 1
      00013C 01                     381 	.db #0x01	; 1
      00013D 01                     382 	.db #0x01	; 1
      00013E 03                     383 	.db #0x03	; 3
      00013F 01                     384 	.db #0x01	; 1
      000140 01                     385 	.db #0x01	; 1
      000141 01                     386 	.db #0x01	; 1
      000142 01                     387 	.db #0x01	; 1
      000143 01                     388 	.db #0x01	; 1
      000144 01                     389 	.db #0x01	; 1
      000145 01                     390 	.db #0x01	; 1
      000146 01                     391 	.db #0x01	; 1
      000147 01                     392 	.db #0x01	; 1
      000148 01                     393 	.db #0x01	; 1
      000149 01                     394 	.db #0x01	; 1
      00014A 01                     395 	.db #0x01	; 1
      00014B 01                     396 	.db #0x01	; 1
      00014C 01                     397 	.db #0x01	; 1
      00014D 01                     398 	.db #0x01	; 1
      00014E 01                     399 	.db #0x01	; 1
      00014F 01                     400 	.db #0x01	; 1
      000150 01                     401 	.db #0x01	; 1
      000151 01                     402 	.db #0x01	; 1
      000152 06                     403 	.db #0x06	; 6
      000153 01                     404 	.db #0x01	; 1
      000154 01                     405 	.db #0x01	; 1
      000155 07                     406 	.db #0x07	; 7
      000156 01                     407 	.db #0x01	; 1
      000157 01                     408 	.db #0x01	; 1
      000158 01                     409 	.db #0x01	; 1
      000159 01                     410 	.db #0x01	; 1
      00015A 00                     411 	.db #0x00	; 0
      00015B 01                     412 	.db #0x01	; 1
      00015C 06                     413 	.db #0x06	; 6
      00015D 01                     414 	.db #0x01	; 1
      00015E 01                     415 	.db #0x01	; 1
      00015F 01                     416 	.db #0x01	; 1
      000160 01                     417 	.db #0x01	; 1
      000161 01                     418 	.db #0x01	; 1
      000162 01                     419 	.db #0x01	; 1
      000163 01                     420 	.db #0x01	; 1
      000164 01                     421 	.db #0x01	; 1
      000165 01                     422 	.db #0x01	; 1
      000166 01                     423 	.db #0x01	; 1
      000167 01                     424 	.db #0x01	; 1
      000168 01                     425 	.db #0x01	; 1
      000169 01                     426 	.db #0x01	; 1
      00016A 00                     427 	.db #0x00	; 0
      00016B 01                     428 	.db #0x01	; 1
      00016C 01                     429 	.db #0x01	; 1
      00016D 01                     430 	.db #0x01	; 1
      00016E 01                     431 	.db #0x01	; 1
      00016F 04                     432 	.db #0x04	; 4
      000170 01                     433 	.db #0x01	; 1
      000171 01                     434 	.db #0x01	; 1
      000172 01                     435 	.db #0x01	; 1
      000173 05                     436 	.db #0x05	; 5
      000174 01                     437 	.db #0x01	; 1
      000175 01                     438 	.db #0x01	; 1
      000176 00                     439 	.db #0x00	; 0
      000177 01                     440 	.db #0x01	; 1
      000178 07                     441 	.db #0x07	; 7
      000179 01                     442 	.db #0x01	; 1
      00017A 00                     443 	.db #0x00	; 0
      00017B 01                     444 	.db #0x01	; 1
      00017C 01                     445 	.db #0x01	; 1
      00017D 01                     446 	.db #0x01	; 1
      00017E 01                     447 	.db #0x01	; 1
      00017F 01                     448 	.db #0x01	; 1
      000180 01                     449 	.db #0x01	; 1
      000181 01                     450 	.db #0x01	; 1
      000182 03                     451 	.db #0x03	; 3
      000183 01                     452 	.db #0x01	; 1
      000184 01                     453 	.db #0x01	; 1
      000185 01                     454 	.db #0x01	; 1
      000186 00                     455 	.db #0x00	; 0
      000187 01                     456 	.db #0x01	; 1
      000188 01                     457 	.db #0x01	; 1
      000189 01                     458 	.db #0x01	; 1
      00018A 00                     459 	.db #0x00	; 0
      00018B 01                     460 	.db #0x01	; 1
      00018C 01                     461 	.db #0x01	; 1
      00018D 01                     462 	.db #0x01	; 1
      00018E 01                     463 	.db #0x01	; 1
      00018F 01                     464 	.db #0x01	; 1
      000190 01                     465 	.db #0x01	; 1
      000191 01                     466 	.db #0x01	; 1
      000192 01                     467 	.db #0x01	; 1
      000193 01                     468 	.db #0x01	; 1
      000194 01                     469 	.db #0x01	; 1
      000195 01                     470 	.db #0x01	; 1
      000196 00                     471 	.db #0x00	; 0
      000197 01                     472 	.db #0x01	; 1
      000198 01                     473 	.db #0x01	; 1
      000199 01                     474 	.db #0x01	; 1
      00019A 01                     475 	.db #0x01	; 1
      00019B 05                     476 	.db #0x05	; 5
      00019C 01                     477 	.db #0x01	; 1
      00019D 01                     478 	.db #0x01	; 1
      00019E 01                     479 	.db #0x01	; 1
      00019F 01                     480 	.db #0x01	; 1
      0001A0 01                     481 	.db #0x01	; 1
      0001A1 06                     482 	.db #0x06	; 6
      0001A2 01                     483 	.db #0x01	; 1
      0001A3 01                     484 	.db #0x01	; 1
      0001A4 07                     485 	.db #0x07	; 7
      0001A5 01                     486 	.db #0x01	; 1
      0001A6 01                     487 	.db #0x01	; 1
      0001A7 01                     488 	.db #0x01	; 1
      0001A8 01                     489 	.db #0x01	; 1
      0001A9 01                     490 	.db #0x01	; 1
      0001AA 01                     491 	.db #0x01	; 1
      0001AB 01                     492 	.db #0x01	; 1
      0001AC 01                     493 	.db #0x01	; 1
      0001AD 01                     494 	.db #0x01	; 1
      0001AE 01                     495 	.db #0x01	; 1
      0001AF 01                     496 	.db #0x01	; 1
      0001B0 01                     497 	.db #0x01	; 1
      0001B1 00                     498 	.db #0x00	; 0
      0001B2 01                     499 	.db #0x01	; 1
      0001B3 01                     500 	.db #0x01	; 1
      0001B4 01                     501 	.db #0x01	; 1
      0001B5 01                     502 	.db #0x01	; 1
      0001B6 01                     503 	.db #0x01	; 1
      0001B7 01                     504 	.db #0x01	; 1
      0001B8 01                     505 	.db #0x01	; 1
      0001B9 01                     506 	.db #0x01	; 1
      0001BA 01                     507 	.db #0x01	; 1
      0001BB 01                     508 	.db #0x01	; 1
      0001BC 01                     509 	.db #0x01	; 1
      0001BD 01                     510 	.db #0x01	; 1
      0001BE 03                     511 	.db #0x03	; 3
      0001BF 01                     512 	.db #0x01	; 1
      0001C0 01                     513 	.db #0x01	; 1
      0001C1 00                     514 	.db #0x00	; 0
      0001C2 00                     515 	.db #0x00	; 0
      0001C3 01                     516 	.db #0x01	; 1
      0001C4 01                     517 	.db #0x01	; 1
      0001C5 01                     518 	.db #0x01	; 1
      0001C6 01                     519 	.db #0x01	; 1
      0001C7 07                     520 	.db #0x07	; 7
      0001C8 01                     521 	.db #0x01	; 1
      0001C9 01                     522 	.db #0x01	; 1
      0001CA 01                     523 	.db #0x01	; 1
      0001CB 01                     524 	.db #0x01	; 1
      0001CC 01                     525 	.db #0x01	; 1
      0001CD 01                     526 	.db #0x01	; 1
      0001CE 01                     527 	.db #0x01	; 1
      0001CF 01                     528 	.db #0x01	; 1
      0001D0 01                     529 	.db #0x01	; 1
      0001D1 01                     530 	.db #0x01	; 1
      0001D2 00                     531 	.db #0x00	; 0
      0001D3 01                     532 	.db #0x01	; 1
      0001D4 01                     533 	.db #0x01	; 1
      0001D5 01                     534 	.db #0x01	; 1
      0001D6 01                     535 	.db #0x01	; 1
      0001D7 01                     536 	.db #0x01	; 1
      0001D8 01                     537 	.db #0x01	; 1
      0001D9 01                     538 	.db #0x01	; 1
      0001DA 00                     539 	.db #0x00	; 0
      0001DB 00                     540 	.db #0x00	; 0
      0001DC 01                     541 	.db #0x01	; 1
      0001DD 01                     542 	.db #0x01	; 1
      0001DE 01                     543 	.db #0x01	; 1
      0001DF 01                     544 	.db #0x01	; 1
      0001E0 01                     545 	.db #0x01	; 1
      0001E1 01                     546 	.db #0x01	; 1
      0001E2 01                     547 	.db #0x01	; 1
      0001E3 00                     548 	.db #0x00	; 0
      0001E4 01                     549 	.db #0x01	; 1
      0001E5 01                     550 	.db #0x01	; 1
      0001E6 01                     551 	.db #0x01	; 1
      0001E7 01                     552 	.db #0x01	; 1
      0001E8 01                     553 	.db #0x01	; 1
      0001E9 01                     554 	.db #0x01	; 1
      0001EA 00                     555 	.db #0x00	; 0
      0001EB 01                     556 	.db #0x01	; 1
      0001EC 01                     557 	.db #0x01	; 1
      0001ED 01                     558 	.db #0x01	; 1
      0001EE 01                     559 	.db #0x01	; 1
      0001EF 07                     560 	.db #0x07	; 7
      0001F0 01                     561 	.db #0x01	; 1
      0001F1 01                     562 	.db #0x01	; 1
      0001F2 01                     563 	.db #0x01	; 1
      0001F3 01                     564 	.db #0x01	; 1
      0001F4 04                     565 	.db #0x04	; 4
      0001F5 01                     566 	.db #0x01	; 1
      0001F6 01                     567 	.db #0x01	; 1
      0001F7 01                     568 	.db #0x01	; 1
      0001F8 01                     569 	.db #0x01	; 1
      0001F9 00                     570 	.db #0x00	; 0
      0001FA 01                     571 	.db #0x01	; 1
      0001FB 06                     572 	.db #0x06	; 6
      0001FC 01                     573 	.db #0x01	; 1
      0001FD 01                     574 	.db #0x01	; 1
      0001FE 01                     575 	.db #0x01	; 1
      0001FF 01                     576 	.db #0x01	; 1
      000200 01                     577 	.db #0x01	; 1
      000201 07                     578 	.db #0x07	; 7
      000202 01                     579 	.db #0x01	; 1
      000203 01                     580 	.db #0x01	; 1
      000204 01                     581 	.db #0x01	; 1
      000205 01                     582 	.db #0x01	; 1
      000206 05                     583 	.db #0x05	; 5
      000207 00                     584 	.db #0x00	; 0
      000208 01                     585 	.db #0x01	; 1
      000209 01                     586 	.db #0x01	; 1
      00020A 01                     587 	.db #0x01	; 1
      00020B 01                     588 	.db #0x01	; 1
      00020C 01                     589 	.db #0x01	; 1
      00020D 01                     590 	.db #0x01	; 1
      00020E 01                     591 	.db #0x01	; 1
      00020F 01                     592 	.db #0x01	; 1
      000210 01                     593 	.db #0x01	; 1
      000211 01                     594 	.db #0x01	; 1
      000212 01                     595 	.db #0x01	; 1
      000213 01                     596 	.db #0x01	; 1
      000214 01                     597 	.db #0x01	; 1
      000215 01                     598 	.db #0x01	; 1
      000216 01                     599 	.db #0x01	; 1
      000217 01                     600 	.db #0x01	; 1
      000218 01                     601 	.db #0x01	; 1
      000219 01                     602 	.db #0x01	; 1
      00021A 01                     603 	.db #0x01	; 1
      00021B 01                     604 	.db #0x01	; 1
      00021C 01                     605 	.db #0x01	; 1
      00021D 07                     606 	.db #0x07	; 7
      00021E 01                     607 	.db #0x01	; 1
      00021F 01                     608 	.db #0x01	; 1
      000220 01                     609 	.db #0x01	; 1
      000221 01                     610 	.db #0x01	; 1
      000222 01                     611 	.db #0x01	; 1
      000223 01                     612 	.db #0x01	; 1
      000224 01                     613 	.db #0x01	; 1
      000225 01                     614 	.db #0x01	; 1
      000226 01                     615 	.db #0x01	; 1
      000227 01                     616 	.db #0x01	; 1
      000228 01                     617 	.db #0x01	; 1
      000229 01                     618 	.db #0x01	; 1
      00022A 01                     619 	.db #0x01	; 1
      00022B 01                     620 	.db #0x01	; 1
      00022C 01                     621 	.db #0x01	; 1
      00022D 01                     622 	.db #0x01	; 1
      00022E 01                     623 	.db #0x01	; 1
      00022F 01                     624 	.db #0x01	; 1
      000230 01                     625 	.db #0x01	; 1
      000231 00                     626 	.db #0x00	; 0
      000232 01                     627 	.db #0x01	; 1
      000233 01                     628 	.db #0x01	; 1
      000234 01                     629 	.db #0x01	; 1
      000235 07                     630 	.db #0x07	; 7
      000236 01                     631 	.db #0x01	; 1
      000237 01                     632 	.db #0x01	; 1
      000238 01                     633 	.db #0x01	; 1
      000239 03                     634 	.db #0x03	; 3
      00023A 01                     635 	.db #0x01	; 1
      00023B 01                     636 	.db #0x01	; 1
      00023C 01                     637 	.db #0x01	; 1
      00023D 01                     638 	.db #0x01	; 1
      00023E 01                     639 	.db #0x01	; 1
      00023F 01                     640 	.db #0x01	; 1
      000240 01                     641 	.db #0x01	; 1
      000241 01                     642 	.db #0x01	; 1
      000242 01                     643 	.db #0x01	; 1
      000243 00                     644 	.db #0x00	; 0
      000244 01                     645 	.db #0x01	; 1
      000245 01                     646 	.db #0x01	; 1
      000246 01                     647 	.db #0x01	; 1
      000247 01                     648 	.db #0x01	; 1
      000248 01                     649 	.db #0x01	; 1
      000249 01                     650 	.db #0x01	; 1
      00024A 00                     651 	.db #0x00	; 0
      00024B 01                     652 	.db #0x01	; 1
      00024C 01                     653 	.db #0x01	; 1
      00024D 01                     654 	.db #0x01	; 1
      00024E 01                     655 	.db #0x01	; 1
      00024F 07                     656 	.db #0x07	; 7
      000250 01                     657 	.db #0x01	; 1
      000251 01                     658 	.db #0x01	; 1
      000252 05                     659 	.db #0x05	; 5
      000253 01                     660 	.db #0x01	; 1
      000254 00                     661 	.db #0x00	; 0
      000255 01                     662 	.db #0x01	; 1
      000256 01                     663 	.db #0x01	; 1
      000257 01                     664 	.db #0x01	; 1
      000258 01                     665 	.db #0x01	; 1
      000259 01                     666 	.db #0x01	; 1
      00025A 01                     667 	.db #0x01	; 1
      00025B 01                     668 	.db #0x01	; 1
      00025C 01                     669 	.db #0x01	; 1
      00025D 00                     670 	.db #0x00	; 0
      00025E 01                     671 	.db #0x01	; 1
      00025F 01                     672 	.db #0x01	; 1
      000260 01                     673 	.db #0x01	; 1
      000261 01                     674 	.db #0x01	; 1
      000262 01                     675 	.db #0x01	; 1
      000263 01                     676 	.db #0x01	; 1
      000264 01                     677 	.db #0x01	; 1
      000265 01                     678 	.db #0x01	; 1
      000266 01                     679 	.db #0x01	; 1
      000267 01                     680 	.db #0x01	; 1
      000268 01                     681 	.db #0x01	; 1
      000269 01                     682 	.db #0x01	; 1
      00026A 01                     683 	.db #0x01	; 1
      00026B 04                     684 	.db #0x04	; 4
      00026C 00                     685 	.db #0x00	; 0
      00026D 01                     686 	.db #0x01	; 1
      00026E 01                     687 	.db #0x01	; 1
      00026F 01                     688 	.db #0x01	; 1
      000270 01                     689 	.db #0x01	; 1
      000271 01                     690 	.db #0x01	; 1
      000272 01                     691 	.db #0x01	; 1
      000273 01                     692 	.db #0x01	; 1
      000274 01                     693 	.db #0x01	; 1
      000275 01                     694 	.db #0x01	; 1
      000276 01                     695 	.db #0x01	; 1
      000277 01                     696 	.db #0x01	; 1
      000278 01                     697 	.db #0x01	; 1
      000279 00                     698 	.db #0x00	; 0
      00027A 01                     699 	.db #0x01	; 1
      00027B 00                     700 	.db #0x00	; 0
      00027C 01                     701 	.db #0x01	; 1
      00027D 01                     702 	.db #0x01	; 1
      00027E 01                     703 	.db #0x01	; 1
      00027F 01                     704 	.db #0x01	; 1
      000280 01                     705 	.db #0x01	; 1
      000281 01                     706 	.db #0x01	; 1
      000282 01                     707 	.db #0x01	; 1
      000283 01                     708 	.db #0x01	; 1
      000284 07                     709 	.db #0x07	; 7
      000285 01                     710 	.db #0x01	; 1
      000286 01                     711 	.db #0x01	; 1
      000287 01                     712 	.db #0x01	; 1
      000288 01                     713 	.db #0x01	; 1
      000289 07                     714 	.db #0x07	; 7
      00028A 00                     715 	.db #0x00	; 0
      00028B 01                     716 	.db #0x01	; 1
      00028C 01                     717 	.db #0x01	; 1
      00028D 01                     718 	.db #0x01	; 1
      00028E 01                     719 	.db #0x01	; 1
      00028F 01                     720 	.db #0x01	; 1
      000290 01                     721 	.db #0x01	; 1
      000291 06                     722 	.db #0x06	; 6
      000292 01                     723 	.db #0x01	; 1
      000293 01                     724 	.db #0x01	; 1
      000294 00                     725 	.db #0x00	; 0
      000295 01                     726 	.db #0x01	; 1
      000296 01                     727 	.db #0x01	; 1
      000297 01                     728 	.db #0x01	; 1
      000298 01                     729 	.db #0x01	; 1
      000299 01                     730 	.db #0x01	; 1
      00029A 01                     731 	.db #0x01	; 1
      00029B 01                     732 	.db #0x01	; 1
      00029C 00                     733 	.db #0x00	; 0
      00029D 07                     734 	.db #0x07	; 7
      00029E 01                     735 	.db #0x01	; 1
      00029F 01                     736 	.db #0x01	; 1
      0002A0 01                     737 	.db #0x01	; 1
      0002A1 01                     738 	.db #0x01	; 1
      0002A2 01                     739 	.db #0x01	; 1
      0002A3 01                     740 	.db #0x01	; 1
      0002A4 01                     741 	.db #0x01	; 1
      0002A5 01                     742 	.db #0x01	; 1
      0002A6 01                     743 	.db #0x01	; 1
      0002A7 01                     744 	.db #0x01	; 1
      0002A8 01                     745 	.db #0x01	; 1
      0002A9 01                     746 	.db #0x01	; 1
      0002AA 01                     747 	.db #0x01	; 1
      0002AB 00                     748 	.db #0x00	; 0
      0002AC 01                     749 	.db #0x01	; 1
      0002AD 01                     750 	.db #0x01	; 1
      0002AE 01                     751 	.db #0x01	; 1
      0002AF 01                     752 	.db #0x01	; 1
      0002B0 01                     753 	.db #0x01	; 1
      0002B1 01                     754 	.db #0x01	; 1
      0002B2 00                     755 	.db #0x00	; 0
      0002B3 01                     756 	.db #0x01	; 1
      0002B4 01                     757 	.db #0x01	; 1
      0002B5 01                     758 	.db #0x01	; 1
      0002B6 01                     759 	.db #0x01	; 1
      0002B7 01                     760 	.db #0x01	; 1
      0002B8 01                     761 	.db #0x01	; 1
      0002B9 01                     762 	.db #0x01	; 1
      0002BA 01                     763 	.db #0x01	; 1
      0002BB 01                     764 	.db #0x01	; 1
      0002BC 01                     765 	.db #0x01	; 1
      0002BD 01                     766 	.db #0x01	; 1
      0002BE 01                     767 	.db #0x01	; 1
      0002BF 01                     768 	.db #0x01	; 1
      0002C0 01                     769 	.db #0x01	; 1
      0002C1 01                     770 	.db #0x01	; 1
      0002C2 01                     771 	.db #0x01	; 1
      0002C3 01                     772 	.db #0x01	; 1
      0002C4 05                     773 	.db #0x05	; 5
      0002C5 01                     774 	.db #0x01	; 1
      0002C6 01                     775 	.db #0x01	; 1
      0002C7 01                     776 	.db #0x01	; 1
      0002C8 07                     777 	.db #0x07	; 7
      0002C9 01                     778 	.db #0x01	; 1
      0002CA 01                     779 	.db #0x01	; 1
      0002CB 01                     780 	.db #0x01	; 1
      0002CC 04                     781 	.db #0x04	; 4
      0002CD 01                     782 	.db #0x01	; 1
      0002CE 01                     783 	.db #0x01	; 1
      0002CF 01                     784 	.db #0x01	; 1
      0002D0 01                     785 	.db #0x01	; 1
      0002D1 01                     786 	.db #0x01	; 1
      0002D2 01                     787 	.db #0x01	; 1
      0002D3 01                     788 	.db #0x01	; 1
      0002D4 01                     789 	.db #0x01	; 1
      0002D5 01                     790 	.db #0x01	; 1
      0002D6 01                     791 	.db #0x01	; 1
      0002D7 01                     792 	.db #0x01	; 1
      0002D8 01                     793 	.db #0x01	; 1
      0002D9 01                     794 	.db #0x01	; 1
      0002DA 01                     795 	.db #0x01	; 1
      0002DB 01                     796 	.db #0x01	; 1
      0002DC 01                     797 	.db #0x01	; 1
      0002DD 01                     798 	.db #0x01	; 1
      0002DE 01                     799 	.db #0x01	; 1
      0002DF 06                     800 	.db #0x06	; 6
      0002E0 01                     801 	.db #0x01	; 1
      0002E1 01                     802 	.db #0x01	; 1
      0002E2 01                     803 	.db #0x01	; 1
      0002E3 01                     804 	.db #0x01	; 1
      0002E4 01                     805 	.db #0x01	; 1
      0002E5 01                     806 	.db #0x01	; 1
      0002E6 01                     807 	.db #0x01	; 1
      0002E7 01                     808 	.db #0x01	; 1
      0002E8 01                     809 	.db #0x01	; 1
      0002E9 01                     810 	.db #0x01	; 1
      0002EA 01                     811 	.db #0x01	; 1
      0002EB 01                     812 	.db #0x01	; 1
      0002EC 01                     813 	.db #0x01	; 1
      0002ED 01                     814 	.db #0x01	; 1
      0002EE 01                     815 	.db #0x01	; 1
      0002EF 01                     816 	.db #0x01	; 1
      0002F0 01                     817 	.db #0x01	; 1
      0002F1 01                     818 	.db #0x01	; 1
      0002F2 06                     819 	.db #0x06	; 6
      0002F3 01                     820 	.db #0x01	; 1
      0002F4 00                     821 	.db #0x00	; 0
      0002F5 01                     822 	.db #0x01	; 1
      0002F6 01                     823 	.db #0x01	; 1
      0002F7 01                     824 	.db #0x01	; 1
      0002F8 01                     825 	.db #0x01	; 1
      0002F9 01                     826 	.db #0x01	; 1
      0002FA 01                     827 	.db #0x01	; 1
      0002FB 01                     828 	.db #0x01	; 1
      0002FC 00                     829 	.db #0x00	; 0
      0002FD 07                     830 	.db #0x07	; 7
      0002FE 01                     831 	.db #0x01	; 1
      0002FF 01                     832 	.db #0x01	; 1
      000300 06                     833 	.db #0x06	; 6
      000301 01                     834 	.db #0x01	; 1
      000302 01                     835 	.db #0x01	; 1
      000303 01                     836 	.db #0x01	; 1
      000304 01                     837 	.db #0x01	; 1
      000305 01                     838 	.db #0x01	; 1
      000306 01                     839 	.db #0x01	; 1
      000307 01                     840 	.db #0x01	; 1
      000308 01                     841 	.db #0x01	; 1
      000309 01                     842 	.db #0x01	; 1
      00030A 01                     843 	.db #0x01	; 1
      00030B 01                     844 	.db #0x01	; 1
      00030C 01                     845 	.db #0x01	; 1
      00030D 01                     846 	.db #0x01	; 1
      00030E 01                     847 	.db #0x01	; 1
      00030F 01                     848 	.db #0x01	; 1
      000310 01                     849 	.db #0x01	; 1
      000311 01                     850 	.db #0x01	; 1
      000312 01                     851 	.db #0x01	; 1
      000313 00                     852 	.db #0x00	; 0
      000314 01                     853 	.db #0x01	; 1
      000315 01                     854 	.db #0x01	; 1
      000316 01                     855 	.db #0x01	; 1
      000317 03                     856 	.db #0x03	; 3
      000318 01                     857 	.db #0x01	; 1
      000319 01                     858 	.db #0x01	; 1
      00031A 01                     859 	.db #0x01	; 1
      00031B 01                     860 	.db #0x01	; 1
      00031C 01                     861 	.db #0x01	; 1
      00031D 01                     862 	.db #0x01	; 1
      00031E 01                     863 	.db #0x01	; 1
      00031F 01                     864 	.db #0x01	; 1
      000320 01                     865 	.db #0x01	; 1
      000321 01                     866 	.db #0x01	; 1
      000322 00                     867 	.db #0x00	; 0
      000323 01                     868 	.db #0x01	; 1
      000324 01                     869 	.db #0x01	; 1
      000325 01                     870 	.db #0x01	; 1
      000326 01                     871 	.db #0x01	; 1
      000327 01                     872 	.db #0x01	; 1
      000328 01                     873 	.db #0x01	; 1
      000329 01                     874 	.db #0x01	; 1
      00032A 01                     875 	.db #0x01	; 1
      00032B 01                     876 	.db #0x01	; 1
      00032C 04                     877 	.db #0x04	; 4
      00032D 01                     878 	.db #0x01	; 1
      00032E 01                     879 	.db #0x01	; 1
      00032F 01                     880 	.db #0x01	; 1
      000330 01                     881 	.db #0x01	; 1
      000331 03                     882 	.db #0x03	; 3
      000332 01                     883 	.db #0x01	; 1
      000333 01                     884 	.db #0x01	; 1
      000334 01                     885 	.db #0x01	; 1
      000335 01                     886 	.db #0x01	; 1
      000336 01                     887 	.db #0x01	; 1
      000337 01                     888 	.db #0x01	; 1
      000338 01                     889 	.db #0x01	; 1
      000339 01                     890 	.db #0x01	; 1
      00033A 01                     891 	.db #0x01	; 1
      00033B 01                     892 	.db #0x01	; 1
      00033C 01                     893 	.db #0x01	; 1
      00033D 01                     894 	.db #0x01	; 1
      00033E 01                     895 	.db #0x01	; 1
      00033F 01                     896 	.db #0x01	; 1
      000340 01                     897 	.db #0x01	; 1
      000341 01                     898 	.db #0x01	; 1
      000342 01                     899 	.db #0x01	; 1
      000343 01                     900 	.db #0x01	; 1
      000344 03                     901 	.db #0x03	; 3
      000345 01                     902 	.db #0x01	; 1
      000346 01                     903 	.db #0x01	; 1
      000347 01                     904 	.db #0x01	; 1
      000348 01                     905 	.db #0x01	; 1
      000349 01                     906 	.db #0x01	; 1
      00034A 01                     907 	.db #0x01	; 1
      00034B 01                     908 	.db #0x01	; 1
      00034C 01                     909 	.db #0x01	; 1
      00034D 01                     910 	.db #0x01	; 1
      00034E 01                     911 	.db #0x01	; 1
      00034F 01                     912 	.db #0x01	; 1
      000350 01                     913 	.db #0x01	; 1
      000351 01                     914 	.db #0x01	; 1
      000352 01                     915 	.db #0x01	; 1
      000353 01                     916 	.db #0x01	; 1
      000354 01                     917 	.db #0x01	; 1
      000355 01                     918 	.db #0x01	; 1
      000356 01                     919 	.db #0x01	; 1
      000357 01                     920 	.db #0x01	; 1
      000358 06                     921 	.db #0x06	; 6
      000359 01                     922 	.db #0x01	; 1
      00035A 01                     923 	.db #0x01	; 1
      00035B 01                     924 	.db #0x01	; 1
      00035C 01                     925 	.db #0x01	; 1
      00035D 01                     926 	.db #0x01	; 1
      00035E 01                     927 	.db #0x01	; 1
      00035F 01                     928 	.db #0x01	; 1
      000360 01                     929 	.db #0x01	; 1
      000361 01                     930 	.db #0x01	; 1
      000362 01                     931 	.db #0x01	; 1
      000363 01                     932 	.db #0x01	; 1
      000364 01                     933 	.db #0x01	; 1
      000365 01                     934 	.db #0x01	; 1
      000366 00                     935 	.db #0x00	; 0
      000367 01                     936 	.db #0x01	; 1
      000368 01                     937 	.db #0x01	; 1
      000369 01                     938 	.db #0x01	; 1
      00036A 01                     939 	.db #0x01	; 1
      00036B 01                     940 	.db #0x01	; 1
      00036C 01                     941 	.db #0x01	; 1
      00036D 07                     942 	.db #0x07	; 7
      00036E 01                     943 	.db #0x01	; 1
      00036F 01                     944 	.db #0x01	; 1
      000370 01                     945 	.db #0x01	; 1
      000371 01                     946 	.db #0x01	; 1
      000372 07                     947 	.db #0x07	; 7
      000373 01                     948 	.db #0x01	; 1
      000374 01                     949 	.db #0x01	; 1
      000375 01                     950 	.db #0x01	; 1
      000376 01                     951 	.db #0x01	; 1
      000377 01                     952 	.db #0x01	; 1
      000378 01                     953 	.db #0x01	; 1
      000379 01                     954 	.db #0x01	; 1
      00037A 07                     955 	.db #0x07	; 7
      00037B 01                     956 	.db #0x01	; 1
      00037C 01                     957 	.db #0x01	; 1
      00037D 01                     958 	.db #0x01	; 1
      00037E 01                     959 	.db #0x01	; 1
      00037F 01                     960 	.db #0x01	; 1
      000380 01                     961 	.db #0x01	; 1
      000381 01                     962 	.db #0x01	; 1
      000382 01                     963 	.db #0x01	; 1
      000383 01                     964 	.db #0x01	; 1
      000384 01                     965 	.db #0x01	; 1
      000385 01                     966 	.db #0x01	; 1
      000386 01                     967 	.db #0x01	; 1
      000387 01                     968 	.db #0x01	; 1
      000388 01                     969 	.db #0x01	; 1
      000389 01                     970 	.db #0x01	; 1
      00038A 01                     971 	.db #0x01	; 1
      00038B 01                     972 	.db #0x01	; 1
      00038C 01                     973 	.db #0x01	; 1
      00038D 01                     974 	.db #0x01	; 1
      00038E 01                     975 	.db #0x01	; 1
      00038F 01                     976 	.db #0x01	; 1
      000390 01                     977 	.db #0x01	; 1
      000391 01                     978 	.db #0x01	; 1
      000392 01                     979 	.db #0x01	; 1
      000393 01                     980 	.db #0x01	; 1
      000394 01                     981 	.db #0x01	; 1
      000395 07                     982 	.db #0x07	; 7
      000396 01                     983 	.db #0x01	; 1
      000397 01                     984 	.db #0x01	; 1
      000398 01                     985 	.db #0x01	; 1
      000399 01                     986 	.db #0x01	; 1
      00039A 01                     987 	.db #0x01	; 1
      00039B 01                     988 	.db #0x01	; 1
      00039C 01                     989 	.db #0x01	; 1
      00039D 01                     990 	.db #0x01	; 1
      00039E 01                     991 	.db #0x01	; 1
      00039F 01                     992 	.db #0x01	; 1
      0003A0 01                     993 	.db #0x01	; 1
      0003A1 01                     994 	.db #0x01	; 1
      0003A2 01                     995 	.db #0x01	; 1
      0003A3 01                     996 	.db #0x01	; 1
      0003A4 01                     997 	.db #0x01	; 1
      0003A5 01                     998 	.db #0x01	; 1
      0003A6 01                     999 	.db #0x01	; 1
      0003A7 01                    1000 	.db #0x01	; 1
      0003A8 01                    1001 	.db #0x01	; 1
      0003A9 01                    1002 	.db #0x01	; 1
      0003AA 01                    1003 	.db #0x01	; 1
      0003AB 01                    1004 	.db #0x01	; 1
      0003AC 01                    1005 	.db #0x01	; 1
      0003AD 01                    1006 	.db #0x01	; 1
      0003AE 01                    1007 	.db #0x01	; 1
      0003AF 06                    1008 	.db #0x06	; 6
      0003B0 07                    1009 	.db #0x07	; 7
      0003B1 01                    1010 	.db #0x01	; 1
      0003B2 01                    1011 	.db #0x01	; 1
      0003B3 01                    1012 	.db #0x01	; 1
      0003B4 01                    1013 	.db #0x01	; 1
      0003B5 01                    1014 	.db #0x01	; 1
      0003B6 01                    1015 	.db #0x01	; 1
      0003B7 01                    1016 	.db #0x01	; 1
      0003B8 01                    1017 	.db #0x01	; 1
      0003B9 04                    1018 	.db #0x04	; 4
      0003BA 01                    1019 	.db #0x01	; 1
      0003BB 01                    1020 	.db #0x01	; 1
      0003BC 01                    1021 	.db #0x01	; 1
      0003BD 03                    1022 	.db #0x03	; 3
      0003BE 01                    1023 	.db #0x01	; 1
      0003BF 01                    1024 	.db #0x01	; 1
      0003C0 01                    1025 	.db #0x01	; 1
      0003C1 01                    1026 	.db #0x01	; 1
      0003C2 06                    1027 	.db #0x06	; 6
      0003C3 01                    1028 	.db #0x01	; 1
      0003C4 01                    1029 	.db #0x01	; 1
      0003C5 01                    1030 	.db #0x01	; 1
      0003C6 01                    1031 	.db #0x01	; 1
      0003C7 01                    1032 	.db #0x01	; 1
      0003C8 01                    1033 	.db #0x01	; 1
      0003C9 01                    1034 	.db #0x01	; 1
      0003CA 01                    1035 	.db #0x01	; 1
      0003CB 01                    1036 	.db #0x01	; 1
      0003CC 01                    1037 	.db #0x01	; 1
      0003CD 01                    1038 	.db #0x01	; 1
      0003CE 01                    1039 	.db #0x01	; 1
      0003CF 01                    1040 	.db #0x01	; 1
      0003D0 01                    1041 	.db #0x01	; 1
      0003D1 01                    1042 	.db #0x01	; 1
      0003D2 01                    1043 	.db #0x01	; 1
      0003D3 01                    1044 	.db #0x01	; 1
      0003D4 01                    1045 	.db #0x01	; 1
      0003D5 01                    1046 	.db #0x01	; 1
      0003D6 00                    1047 	.db #0x00	; 0
      0003D7 01                    1048 	.db #0x01	; 1
      0003D8 01                    1049 	.db #0x01	; 1
      0003D9 01                    1050 	.db #0x01	; 1
      0003DA 01                    1051 	.db #0x01	; 1
      0003DB 01                    1052 	.db #0x01	; 1
      0003DC 01                    1053 	.db #0x01	; 1
      0003DD 01                    1054 	.db #0x01	; 1
      0003DE 01                    1055 	.db #0x01	; 1
      0003DF 01                    1056 	.db #0x01	; 1
      0003E0 01                    1057 	.db #0x01	; 1
      0003E1 01                    1058 	.db #0x01	; 1
      0003E2 01                    1059 	.db #0x01	; 1
      0003E3 01                    1060 	.db #0x01	; 1
      0003E4 01                    1061 	.db #0x01	; 1
      0003E5 01                    1062 	.db #0x01	; 1
      0003E6 01                    1063 	.db #0x01	; 1
      0003E7 01                    1064 	.db #0x01	; 1
      0003E8 01                    1065 	.db #0x01	; 1
      0003E9 01                    1066 	.db #0x01	; 1
      0003EA 01                    1067 	.db #0x01	; 1
      0003EB 01                    1068 	.db #0x01	; 1
      0003EC 01                    1069 	.db #0x01	; 1
      0003ED 01                    1070 	.db #0x01	; 1
      0003EE 01                    1071 	.db #0x01	; 1
      0003EF 01                    1072 	.db #0x01	; 1
      0003F0 01                    1073 	.db #0x01	; 1
      0003F1 01                    1074 	.db #0x01	; 1
      0003F2 01                    1075 	.db #0x01	; 1
      0003F3 01                    1076 	.db #0x01	; 1
      0003F4 01                    1077 	.db #0x01	; 1
      0003F5 01                    1078 	.db #0x01	; 1
      0003F6 00                    1079 	.db #0x00	; 0
      0003F7 01                    1080 	.db #0x01	; 1
      0003F8 05                    1081 	.db #0x05	; 5
      0003F9 01                    1082 	.db #0x01	; 1
      0003FA 01                    1083 	.db #0x01	; 1
      0003FB 01                    1084 	.db #0x01	; 1
      0003FC 01                    1085 	.db #0x01	; 1
      0003FD 01                    1086 	.db #0x01	; 1
      0003FE 01                    1087 	.db #0x01	; 1
      0003FF 01                    1088 	.db #0x01	; 1
      000400 01                    1089 	.db #0x01	; 1
      000401 06                    1090 	.db #0x06	; 6
      000402 01                    1091 	.db #0x01	; 1
      000403 01                    1092 	.db #0x01	; 1
      000404 01                    1093 	.db #0x01	; 1
      000405 01                    1094 	.db #0x01	; 1
      000406 01                    1095 	.db #0x01	; 1
      000407 01                    1096 	.db #0x01	; 1
      000408 01                    1097 	.db #0x01	; 1
      000409 01                    1098 	.db #0x01	; 1
      00040A 01                    1099 	.db #0x01	; 1
      00040B 01                    1100 	.db #0x01	; 1
      00040C 01                    1101 	.db #0x01	; 1
      00040D 01                    1102 	.db #0x01	; 1
      00040E 01                    1103 	.db #0x01	; 1
      00040F 01                    1104 	.db #0x01	; 1
      000410 01                    1105 	.db #0x01	; 1
      000411 01                    1106 	.db #0x01	; 1
      000412 01                    1107 	.db #0x01	; 1
      000413 01                    1108 	.db #0x01	; 1
      000414 07                    1109 	.db #0x07	; 7
      000415 01                    1110 	.db #0x01	; 1
      000416 01                    1111 	.db #0x01	; 1
      000417 01                    1112 	.db #0x01	; 1
      000418 01                    1113 	.db #0x01	; 1
      000419 01                    1114 	.db #0x01	; 1
      00041A 01                    1115 	.db #0x01	; 1
      00041B 01                    1116 	.db #0x01	; 1
      00041C 01                    1117 	.db #0x01	; 1
      00041D 03                    1118 	.db #0x03	; 3
      00041E 01                    1119 	.db #0x01	; 1
      00041F 01                    1120 	.db #0x01	; 1
      000420 01                    1121 	.db #0x01	; 1
      000421 01                    1122 	.db #0x01	; 1
      000422 01                    1123 	.db #0x01	; 1
      000423 01                    1124 	.db #0x01	; 1
      000424 01                    1125 	.db #0x01	; 1
      000425 01                    1126 	.db #0x01	; 1
      000426 01                    1127 	.db #0x01	; 1
      000427 01                    1128 	.db #0x01	; 1
      000428 01                    1129 	.db #0x01	; 1
      000429 01                    1130 	.db #0x01	; 1
      00042A 01                    1131 	.db #0x01	; 1
      00042B 01                    1132 	.db #0x01	; 1
      00042C 01                    1133 	.db #0x01	; 1
      00042D 01                    1134 	.db #0x01	; 1
      00042E 01                    1135 	.db #0x01	; 1
      00042F 01                    1136 	.db #0x01	; 1
      000430 01                    1137 	.db #0x01	; 1
      000431 01                    1138 	.db #0x01	; 1
      000432 01                    1139 	.db #0x01	; 1
      000433 01                    1140 	.db #0x01	; 1
      000434 01                    1141 	.db #0x01	; 1
      000435 01                    1142 	.db #0x01	; 1
      000436 01                    1143 	.db #0x01	; 1
      000437 01                    1144 	.db #0x01	; 1
      000438 01                    1145 	.db #0x01	; 1
      000439 01                    1146 	.db #0x01	; 1
      00043A 01                    1147 	.db #0x01	; 1
      00043B 01                    1148 	.db #0x01	; 1
      00043C 01                    1149 	.db #0x01	; 1
      00043D 01                    1150 	.db #0x01	; 1
      00043E 01                    1151 	.db #0x01	; 1
      00043F 01                    1152 	.db #0x01	; 1
      000440 01                    1153 	.db #0x01	; 1
      000441 01                    1154 	.db #0x01	; 1
      000442 01                    1155 	.db #0x01	; 1
      000443 07                    1156 	.db #0x07	; 7
      000444 01                    1157 	.db #0x01	; 1
      000445 01                    1158 	.db #0x01	; 1
      000446 01                    1159 	.db #0x01	; 1
      000447 04                    1160 	.db #0x04	; 4
      000448 01                    1161 	.db #0x01	; 1
      000449 01                    1162 	.db #0x01	; 1
      00044A 01                    1163 	.db #0x01	; 1
      00044B 01                    1164 	.db #0x01	; 1
      00044C 01                    1165 	.db #0x01	; 1
      00044D 01                    1166 	.db #0x01	; 1
      00044E 01                    1167 	.db #0x01	; 1
      00044F 01                    1168 	.db #0x01	; 1
      000450 01                    1169 	.db #0x01	; 1
      000451 01                    1170 	.db #0x01	; 1
      000452 01                    1171 	.db #0x01	; 1
      000453 01                    1172 	.db #0x01	; 1
      000454 01                    1173 	.db #0x01	; 1
      000455 01                    1174 	.db #0x01	; 1
      000456 01                    1175 	.db #0x01	; 1
      000457 01                    1176 	.db #0x01	; 1
      000458 01                    1177 	.db #0x01	; 1
      000459 01                    1178 	.db #0x01	; 1
      00045A 01                    1179 	.db #0x01	; 1
      00045B 05                    1180 	.db #0x05	; 5
      00045C 01                    1181 	.db #0x01	; 1
      00045D 01                    1182 	.db #0x01	; 1
      00045E 01                    1183 	.db #0x01	; 1
      00045F 01                    1184 	.db #0x01	; 1
      000460 01                    1185 	.db #0x01	; 1
      000461 01                    1186 	.db #0x01	; 1
      000462 01                    1187 	.db #0x01	; 1
      000463 01                    1188 	.db #0x01	; 1
      000464 01                    1189 	.db #0x01	; 1
      000465 01                    1190 	.db #0x01	; 1
      000466 01                    1191 	.db #0x01	; 1
      000467 01                    1192 	.db #0x01	; 1
      000468 01                    1193 	.db #0x01	; 1
      000469 01                    1194 	.db #0x01	; 1
      00046A 01                    1195 	.db #0x01	; 1
      00046B 01                    1196 	.db #0x01	; 1
      00046C 01                    1197 	.db #0x01	; 1
      00046D 01                    1198 	.db #0x01	; 1
      00046E 01                    1199 	.db #0x01	; 1
      00046F 01                    1200 	.db #0x01	; 1
      000470 01                    1201 	.db #0x01	; 1
      000471 01                    1202 	.db #0x01	; 1
      000472 01                    1203 	.db #0x01	; 1
      000473 01                    1204 	.db #0x01	; 1
      000474 01                    1205 	.db #0x01	; 1
      000475 01                    1206 	.db #0x01	; 1
      000476 01                    1207 	.db #0x01	; 1
      000477 01                    1208 	.db #0x01	; 1
      000478 01                    1209 	.db #0x01	; 1
      000479 01                    1210 	.db #0x01	; 1
      00047A 01                    1211 	.db #0x01	; 1
      00047B 01                    1212 	.db #0x01	; 1
      00047C 01                    1213 	.db #0x01	; 1
      00047D 01                    1214 	.db #0x01	; 1
      00047E 01                    1215 	.db #0x01	; 1
      00047F 01                    1216 	.db #0x01	; 1
      000480 01                    1217 	.db #0x01	; 1
      000481 03                    1218 	.db #0x03	; 3
      000482 01                    1219 	.db #0x01	; 1
      000483 01                    1220 	.db #0x01	; 1
      000484 01                    1221 	.db #0x01	; 1
      000485 01                    1222 	.db #0x01	; 1
      000486 01                    1223 	.db #0x01	; 1
      000487 01                    1224 	.db #0x01	; 1
      000488 01                    1225 	.db #0x01	; 1
      000489 01                    1226 	.db #0x01	; 1
      00048A 01                    1227 	.db #0x01	; 1
      00048B 05                    1228 	.db #0x05	; 5
      00048C 01                    1229 	.db #0x01	; 1
      00048D 01                    1230 	.db #0x01	; 1
      00048E 01                    1231 	.db #0x01	; 1
      00048F 01                    1232 	.db #0x01	; 1
      000490 01                    1233 	.db #0x01	; 1
      000491 01                    1234 	.db #0x01	; 1
      000492 01                    1235 	.db #0x01	; 1
      000493 01                    1236 	.db #0x01	; 1
      000494 01                    1237 	.db #0x01	; 1
      000495 01                    1238 	.db #0x01	; 1
      000496 01                    1239 	.db #0x01	; 1
      000497 05                    1240 	.db #0x05	; 5
      000498 01                    1241 	.db #0x01	; 1
      000499 01                    1242 	.db #0x01	; 1
      00049A 01                    1243 	.db #0x01	; 1
      00049B 01                    1244 	.db #0x01	; 1
      00049C 01                    1245 	.db #0x01	; 1
      00049D 01                    1246 	.db #0x01	; 1
      00049E 01                    1247 	.db #0x01	; 1
      00049F 01                    1248 	.db #0x01	; 1
      0004A0 01                    1249 	.db #0x01	; 1
      0004A1 01                    1250 	.db #0x01	; 1
      0004A2 01                    1251 	.db #0x01	; 1
      0004A3 01                    1252 	.db #0x01	; 1
      0004A4 01                    1253 	.db #0x01	; 1
      0004A5 01                    1254 	.db #0x01	; 1
      0004A6 01                    1255 	.db #0x01	; 1
      0004A7 01                    1256 	.db #0x01	; 1
      0004A8 01                    1257 	.db #0x01	; 1
      0004A9 01                    1258 	.db #0x01	; 1
      0004AA 01                    1259 	.db #0x01	; 1
      0004AB 01                    1260 	.db #0x01	; 1
      0004AC 01                    1261 	.db #0x01	; 1
      0004AD 01                    1262 	.db #0x01	; 1
      0004AE 01                    1263 	.db #0x01	; 1
      0004AF 01                    1264 	.db #0x01	; 1
      0004B0 01                    1265 	.db #0x01	; 1
      0004B1 01                    1266 	.db #0x01	; 1
      0004B2 01                    1267 	.db #0x01	; 1
      0004B3 01                    1268 	.db #0x01	; 1
      0004B4 01                    1269 	.db #0x01	; 1
      0004B5 01                    1270 	.db #0x01	; 1
      0004B6 01                    1271 	.db #0x01	; 1
      0004B7 01                    1272 	.db #0x01	; 1
      0004B8 01                    1273 	.db #0x01	; 1
      0004B9 01                    1274 	.db #0x01	; 1
      0004BA 01                    1275 	.db #0x01	; 1
      0004BB 01                    1276 	.db #0x01	; 1
      0004BC 01                    1277 	.db #0x01	; 1
      0004BD 01                    1278 	.db #0x01	; 1
      0004BE 01                    1279 	.db #0x01	; 1
      0004BF 01                    1280 	.db #0x01	; 1
      0004C0 01                    1281 	.db #0x01	; 1
      0004C1 01                    1282 	.db #0x01	; 1
      0004C2 01                    1283 	.db #0x01	; 1
      0004C3 01                    1284 	.db #0x01	; 1
      0004C4 01                    1285 	.db #0x01	; 1
      0004C5 01                    1286 	.db #0x01	; 1
      0004C6 01                    1287 	.db #0x01	; 1
      0004C7 01                    1288 	.db #0x01	; 1
      0004C8 01                    1289 	.db #0x01	; 1
      0004C9 01                    1290 	.db #0x01	; 1
      0004CA 01                    1291 	.db #0x01	; 1
      0004CB 01                    1292 	.db #0x01	; 1
      0004CC 01                    1293 	.db #0x01	; 1
      0004CD 01                    1294 	.db #0x01	; 1
      0004CE 01                    1295 	.db #0x01	; 1
      0004CF 01                    1296 	.db #0x01	; 1
      0004D0 01                    1297 	.db #0x01	; 1
      0004D1 01                    1298 	.db #0x01	; 1
      0004D2 01                    1299 	.db #0x01	; 1
      0004D3 01                    1300 	.db #0x01	; 1
      0004D4 01                    1301 	.db #0x01	; 1
      0004D5 01                    1302 	.db #0x01	; 1
      0004D6 01                    1303 	.db #0x01	; 1
      0004D7 01                    1304 	.db #0x01	; 1
      0004D8 01                    1305 	.db #0x01	; 1
      0004D9 01                    1306 	.db #0x01	; 1
      0004DA 01                    1307 	.db #0x01	; 1
      0004DB 01                    1308 	.db #0x01	; 1
      0004DC 01                    1309 	.db #0x01	; 1
      0004DD 01                    1310 	.db #0x01	; 1
      0004DE 01                    1311 	.db #0x01	; 1
      0004DF 01                    1312 	.db #0x01	; 1
      0004E0 01                    1313 	.db #0x01	; 1
      0004E1 01                    1314 	.db #0x01	; 1
      0004E2 01                    1315 	.db #0x01	; 1
      0004E3 01                    1316 	.db #0x01	; 1
      0004E4 01                    1317 	.db #0x01	; 1
      0004E5 01                    1318 	.db #0x01	; 1
      0004E6 01                    1319 	.db #0x01	; 1
      0004E7 01                    1320 	.db #0x01	; 1
      0004E8 01                    1321 	.db #0x01	; 1
      0004E9 01                    1322 	.db #0x01	; 1
      0004EA 01                    1323 	.db #0x01	; 1
      0004EB 01                    1324 	.db #0x01	; 1
      0004EC 01                    1325 	.db #0x01	; 1
      0004ED 01                    1326 	.db #0x01	; 1
      0004EE 01                    1327 	.db #0x01	; 1
      0004EF 01                    1328 	.db #0x01	; 1
      0004F0 01                    1329 	.db #0x01	; 1
      0004F1 01                    1330 	.db #0x01	; 1
      0004F2 01                    1331 	.db #0x01	; 1
      0004F3 01                    1332 	.db #0x01	; 1
      0004F4 01                    1333 	.db #0x01	; 1
      0004F5 01                    1334 	.db #0x01	; 1
      0004F6 01                    1335 	.db #0x01	; 1
      0004F7 01                    1336 	.db #0x01	; 1
      0004F8 01                    1337 	.db #0x01	; 1
      0004F9 01                    1338 	.db #0x01	; 1
      0004FA 01                    1339 	.db #0x01	; 1
      0004FB 01                    1340 	.db #0x01	; 1
      0004FC 01                    1341 	.db #0x01	; 1
      0004FD 01                    1342 	.db #0x01	; 1
      0004FE 01                    1343 	.db #0x01	; 1
      0004FF 01                    1344 	.db #0x01	; 1
      000500 01                    1345 	.db #0x01	; 1
      000501 01                    1346 	.db #0x01	; 1
      000502 01                    1347 	.db #0x01	; 1
      000503 01                    1348 	.db #0x01	; 1
      000504 01                    1349 	.db #0x01	; 1
      000505 01                    1350 	.db #0x01	; 1
      000506 01                    1351 	.db #0x01	; 1
      000507 01                    1352 	.db #0x01	; 1
      000508 01                    1353 	.db #0x01	; 1
      000509 01                    1354 	.db #0x01	; 1
      00050A 01                    1355 	.db #0x01	; 1
      00050B 01                    1356 	.db #0x01	; 1
      00050C 01                    1357 	.db #0x01	; 1
      00050D 01                    1358 	.db #0x01	; 1
      00050E 01                    1359 	.db #0x01	; 1
      00050F 01                    1360 	.db #0x01	; 1
      000510 01                    1361 	.db #0x01	; 1
      000511 01                    1362 	.db #0x01	; 1
      000512 01                    1363 	.db #0x01	; 1
      000513 01                    1364 	.db #0x01	; 1
      000514 01                    1365 	.db #0x01	; 1
      000515 01                    1366 	.db #0x01	; 1
      000516 01                    1367 	.db #0x01	; 1
      000517 01                    1368 	.db #0x01	; 1
      000518 01                    1369 	.db #0x01	; 1
      000519 01                    1370 	.db #0x01	; 1
      00051A 01                    1371 	.db #0x01	; 1
      00051B 01                    1372 	.db #0x01	; 1
      00051C 01                    1373 	.db #0x01	; 1
      00051D 01                    1374 	.db #0x01	; 1
      00051E 01                    1375 	.db #0x01	; 1
      00051F 01                    1376 	.db #0x01	; 1
      000520 01                    1377 	.db #0x01	; 1
      000521 01                    1378 	.db #0x01	; 1
      000522 01                    1379 	.db #0x01	; 1
      000523 01                    1380 	.db #0x01	; 1
      000524 01                    1381 	.db #0x01	; 1
      000525 01                    1382 	.db #0x01	; 1
      000526 01                    1383 	.db #0x01	; 1
      000527 01                    1384 	.db #0x01	; 1
      000528 01                    1385 	.db #0x01	; 1
      000529 01                    1386 	.db #0x01	; 1
      00052A 01                    1387 	.db #0x01	; 1
      00052B 01                    1388 	.db #0x01	; 1
      00052C 01                    1389 	.db #0x01	; 1
      00052D 01                    1390 	.db #0x01	; 1
      00052E 01                    1391 	.db #0x01	; 1
      00052F 01                    1392 	.db #0x01	; 1
      000530 01                    1393 	.db #0x01	; 1
      000531 01                    1394 	.db #0x01	; 1
      000532 01                    1395 	.db #0x01	; 1
      000533 01                    1396 	.db #0x01	; 1
      000534 01                    1397 	.db #0x01	; 1
      000535 01                    1398 	.db #0x01	; 1
      000536 01                    1399 	.db #0x01	; 1
      000537 01                    1400 	.db #0x01	; 1
      000538 01                    1401 	.db #0x01	; 1
      000539 01                    1402 	.db #0x01	; 1
      00053A 01                    1403 	.db #0x01	; 1
      00053B 01                    1404 	.db #0x01	; 1
      00053C 01                    1405 	.db #0x01	; 1
      00053D 01                    1406 	.db #0x01	; 1
      00053E 01                    1407 	.db #0x01	; 1
      00053F 01                    1408 	.db #0x01	; 1
      000540 01                    1409 	.db #0x01	; 1
      000541 01                    1410 	.db #0x01	; 1
      000542 01                    1411 	.db #0x01	; 1
      000543 01                    1412 	.db #0x01	; 1
      000544 01                    1413 	.db #0x01	; 1
      000545 01                    1414 	.db #0x01	; 1
      000546 01                    1415 	.db #0x01	; 1
      000547 01                    1416 	.db #0x01	; 1
      000548 01                    1417 	.db #0x01	; 1
      000549 01                    1418 	.db #0x01	; 1
      00054A 01                    1419 	.db #0x01	; 1
      00054B 01                    1420 	.db #0x01	; 1
      00054C 01                    1421 	.db #0x01	; 1
      00054D 01                    1422 	.db #0x01	; 1
      00054E 01                    1423 	.db #0x01	; 1
      00054F 01                    1424 	.db #0x01	; 1
      000550 01                    1425 	.db #0x01	; 1
      000551 01                    1426 	.db #0x01	; 1
      000552 01                    1427 	.db #0x01	; 1
      000553 01                    1428 	.db #0x01	; 1
      000554 01                    1429 	.db #0x01	; 1
      000555 01                    1430 	.db #0x01	; 1
      000556 01                    1431 	.db #0x01	; 1
      000557 01                    1432 	.db #0x01	; 1
      000558 01                    1433 	.db #0x01	; 1
      000559 01                    1434 	.db #0x01	; 1
      00055A 01                    1435 	.db #0x01	; 1
      00055B 01                    1436 	.db #0x01	; 1
      00055C 01                    1437 	.db #0x01	; 1
      00055D 01                    1438 	.db #0x01	; 1
      00055E 01                    1439 	.db #0x01	; 1
      00055F 01                    1440 	.db #0x01	; 1
      000560 01                    1441 	.db #0x01	; 1
      000561 01                    1442 	.db #0x01	; 1
      000562 01                    1443 	.db #0x01	; 1
      000563 01                    1444 	.db #0x01	; 1
      000564 01                    1445 	.db #0x01	; 1
      000565 01                    1446 	.db #0x01	; 1
      000566 01                    1447 	.db #0x01	; 1
      000567 01                    1448 	.db #0x01	; 1
      000568 01                    1449 	.db #0x01	; 1
      000569 01                    1450 	.db #0x01	; 1
      00056A 01                    1451 	.db #0x01	; 1
      00056B 01                    1452 	.db #0x01	; 1
      00056C 01                    1453 	.db #0x01	; 1
      00056D 01                    1454 	.db #0x01	; 1
      00056E 01                    1455 	.db #0x01	; 1
      00056F 01                    1456 	.db #0x01	; 1
      000570 01                    1457 	.db #0x01	; 1
      000571 01                    1458 	.db #0x01	; 1
      000572 01                    1459 	.db #0x01	; 1
      000573 01                    1460 	.db #0x01	; 1
      000574 01                    1461 	.db #0x01	; 1
      000575 01                    1462 	.db #0x01	; 1
      000576 01                    1463 	.db #0x01	; 1
      000577 01                    1464 	.db #0x01	; 1
      000578 01                    1465 	.db #0x01	; 1
      000579 01                    1466 	.db #0x01	; 1
      00057A 01                    1467 	.db #0x01	; 1
      00057B 01                    1468 	.db #0x01	; 1
      00057C 01                    1469 	.db #0x01	; 1
      00057D 01                    1470 	.db #0x01	; 1
      00057E 01                    1471 	.db #0x01	; 1
      00057F 01                    1472 	.db #0x01	; 1
      000580 01                    1473 	.db #0x01	; 1
      000581 01                    1474 	.db #0x01	; 1
      000582 01                    1475 	.db #0x01	; 1
      000583 01                    1476 	.db #0x01	; 1
      000584 01                    1477 	.db #0x01	; 1
      000585 01                    1478 	.db #0x01	; 1
      000586 01                    1479 	.db #0x01	; 1
      000587 01                    1480 	.db #0x01	; 1
      000588 01                    1481 	.db #0x01	; 1
      000589 01                    1482 	.db #0x01	; 1
      00058A 01                    1483 	.db #0x01	; 1
      00058B 01                    1484 	.db #0x01	; 1
      00058C 01                    1485 	.db #0x01	; 1
      00058D 01                    1486 	.db #0x01	; 1
      00058E 01                    1487 	.db #0x01	; 1
      00058F 01                    1488 	.db #0x01	; 1
      000590 01                    1489 	.db #0x01	; 1
      000591 01                    1490 	.db #0x01	; 1
      000592 01                    1491 	.db #0x01	; 1
      000593 01                    1492 	.db #0x01	; 1
      000594 01                    1493 	.db #0x01	; 1
      000595 01                    1494 	.db #0x01	; 1
      000596 01                    1495 	.db #0x01	; 1
      000597 01                    1496 	.db #0x01	; 1
      000598 01                    1497 	.db #0x01	; 1
      000599 01                    1498 	.db #0x01	; 1
      00059A 01                    1499 	.db #0x01	; 1
      00059B 01                    1500 	.db #0x01	; 1
      00059C 01                    1501 	.db #0x01	; 1
      00059D 01                    1502 	.db #0x01	; 1
      00059E 01                    1503 	.db #0x01	; 1
      00059F 01                    1504 	.db #0x01	; 1
      0005A0 01                    1505 	.db #0x01	; 1
      0005A1 01                    1506 	.db #0x01	; 1
      0005A2 01                    1507 	.db #0x01	; 1
      0005A3 01                    1508 	.db #0x01	; 1
      0005A4 01                    1509 	.db #0x01	; 1
      0005A5 01                    1510 	.db #0x01	; 1
      0005A6 01                    1511 	.db #0x01	; 1
      0005A7 01                    1512 	.db #0x01	; 1
      0005A8 01                    1513 	.db #0x01	; 1
      0005A9 01                    1514 	.db #0x01	; 1
      0005AA 01                    1515 	.db #0x01	; 1
      0005AB 01                    1516 	.db #0x01	; 1
      0005AC 01                    1517 	.db #0x01	; 1
      0005AD 01                    1518 	.db #0x01	; 1
      0005AE 01                    1519 	.db #0x01	; 1
      0005AF 01                    1520 	.db #0x01	; 1
      0005B0 01                    1521 	.db #0x01	; 1
      0005B1 01                    1522 	.db #0x01	; 1
      0005B2 01                    1523 	.db #0x01	; 1
      0005B3 01                    1524 	.db #0x01	; 1
      0005B4 01                    1525 	.db #0x01	; 1
      0005B5 01                    1526 	.db #0x01	; 1
      0005B6 01                    1527 	.db #0x01	; 1
      0005B7 01                    1528 	.db #0x01	; 1
      0005B8 01                    1529 	.db #0x01	; 1
      0005B9 01                    1530 	.db #0x01	; 1
      0005BA 01                    1531 	.db #0x01	; 1
      0005BB 01                    1532 	.db #0x01	; 1
      0005BC 01                    1533 	.db #0x01	; 1
      0005BD 01                    1534 	.db #0x01	; 1
      0005BE 01                    1535 	.db #0x01	; 1
      0005BF 01                    1536 	.db #0x01	; 1
      0005C0 01                    1537 	.db #0x01	; 1
      0005C1 01                    1538 	.db #0x01	; 1
      0005C2 01                    1539 	.db #0x01	; 1
      0005C3 01                    1540 	.db #0x01	; 1
      0005C4 01                    1541 	.db #0x01	; 1
      0005C5 01                    1542 	.db #0x01	; 1
      0005C6 01                    1543 	.db #0x01	; 1
      0005C7 01                    1544 	.db #0x01	; 1
      0005C8 01                    1545 	.db #0x01	; 1
      0005C9 01                    1546 	.db #0x01	; 1
      0005CA 01                    1547 	.db #0x01	; 1
      0005CB 01                    1548 	.db #0x01	; 1
      0005CC 01                    1549 	.db #0x01	; 1
      0005CD 01                    1550 	.db #0x01	; 1
      0005CE 01                    1551 	.db #0x01	; 1
      0005CF 01                    1552 	.db #0x01	; 1
      0005D0 01                    1553 	.db #0x01	; 1
      0005D1 01                    1554 	.db #0x01	; 1
      0005D2 01                    1555 	.db #0x01	; 1
      0005D3 01                    1556 	.db #0x01	; 1
      0005D4 01                    1557 	.db #0x01	; 1
      0005D5 01                    1558 	.db #0x01	; 1
      0005D6 01                    1559 	.db #0x01	; 1
      0005D7 01                    1560 	.db #0x01	; 1
      0005D8 01                    1561 	.db #0x01	; 1
      0005D9 01                    1562 	.db #0x01	; 1
      0005DA 01                    1563 	.db #0x01	; 1
      0005DB 01                    1564 	.db #0x01	; 1
      0005DC 01                    1565 	.db #0x01	; 1
      0005DD 01                    1566 	.db #0x01	; 1
      0005DE 01                    1567 	.db #0x01	; 1
      0005DF 01                    1568 	.db #0x01	; 1
      0005E0 01                    1569 	.db #0x01	; 1
      0005E1 01                    1570 	.db #0x01	; 1
      0005E2 01                    1571 	.db #0x01	; 1
      0005E3 01                    1572 	.db #0x01	; 1
      0005E4 01                    1573 	.db #0x01	; 1
      0005E5 01                    1574 	.db #0x01	; 1
      0005E6 01                    1575 	.db #0x01	; 1
      0005E7 01                    1576 	.db #0x01	; 1
      0005E8 01                    1577 	.db #0x01	; 1
      0005E9 01                    1578 	.db #0x01	; 1
      0005EA 01                    1579 	.db #0x01	; 1
      0005EB 01                    1580 	.db #0x01	; 1
      0005EC 01                    1581 	.db #0x01	; 1
      0005ED 01                    1582 	.db #0x01	; 1
      0005EE 01                    1583 	.db #0x01	; 1
      0005EF 01                    1584 	.db #0x01	; 1
      0005F0 01                    1585 	.db #0x01	; 1
      0005F1 01                    1586 	.db #0x01	; 1
      0005F2 01                    1587 	.db #0x01	; 1
      0005F3 01                    1588 	.db #0x01	; 1
      0005F4 01                    1589 	.db #0x01	; 1
      0005F5 01                    1590 	.db #0x01	; 1
      0005F6 01                    1591 	.db #0x01	; 1
      0005F7 01                    1592 	.db #0x01	; 1
      0005F8 01                    1593 	.db #0x01	; 1
      0005F9 01                    1594 	.db #0x01	; 1
      0005FA 01                    1595 	.db #0x01	; 1
      0005FB 01                    1596 	.db #0x01	; 1
      0005FC 01                    1597 	.db #0x01	; 1
      0005FD 01                    1598 	.db #0x01	; 1
      0005FE 01                    1599 	.db #0x01	; 1
      0005FF 01                    1600 	.db #0x01	; 1
                                   1601 	.area _CABS (ABS)
