                                      1 ;--------------------------------------------------------
                                      2 ; File Created by SDCC : free open source ISO C Compiler 
                                      3 ; Version 4.3.2 #14228 (Mac OS X x86_64)
                                      4 ;--------------------------------------------------------
                                      5 	.module menubuttons
                                      6 	.optsdcc -msm83
                                      7 	
                                      8 ;--------------------------------------------------------
                                      9 ; Public variables in this module
                                     10 ;--------------------------------------------------------
                                     11 	.globl _menubuttons_metasprites
                                     12 	.globl _menubuttons_metasprite0
                                     13 	.globl _menubuttons_tiles
                                     14 	.globl b___func_menubuttons
                                     15 	.globl ___func_menubuttons
                                     16 ;--------------------------------------------------------
                                     17 ; special function registers
                                     18 ;--------------------------------------------------------
                                     19 ;--------------------------------------------------------
                                     20 ; ram data
                                     21 ;--------------------------------------------------------
                                     22 	.area _DATA
                                     23 ;--------------------------------------------------------
                                     24 ; ram data
                                     25 ;--------------------------------------------------------
                                     26 	.area _INITIALIZED
                                     27 ;--------------------------------------------------------
                                     28 ; absolute external ram data
                                     29 ;--------------------------------------------------------
                                     30 	.area _DABS (ABS)
                                     31 ;--------------------------------------------------------
                                     32 ; global & static initialisations
                                     33 ;--------------------------------------------------------
                                     34 	.area _HOME
                                     35 	.area _GSINIT
                                     36 	.area _GSFINAL
                                     37 	.area _GSINIT
                                     38 ;--------------------------------------------------------
                                     39 ; Home
                                     40 ;--------------------------------------------------------
                                     41 	.area _HOME
                                     42 	.area _HOME
                                     43 ;--------------------------------------------------------
                                     44 ; code
                                     45 ;--------------------------------------------------------
                                     46 	.area _CODE_2
                           000000    47 	G$__func_menubuttons$0$0	= .
                                     48 	.globl	G$__func_menubuttons$0$0
                           000000    49 	C$menubuttons.c$9$0_0$161	= .
                                     50 	.globl	C$menubuttons.c$9$0_0$161
                                     51 ;assets/menubuttons.c:9: BANKREF(menubuttons)
                                     52 ;	---------------------------------
                                     53 ; Function __func_menubuttons
                                     54 ; ---------------------------------
                           000002    55 	b___func_menubuttons	= 2
      000000                         56 ___func_menubuttons::
                                     57 	.local b___func_menubuttons 
                           000002    58 	___bank_menubuttons = b___func_menubuttons 
                                     59 	.globl ___bank_menubuttons 
                                     60 	.area _CODE_2
                           000000    61 G$menubuttons_tiles$0_0$0 == .
      000000                         62 _menubuttons_tiles:
      000000 00                      63 	.db #0x00	; 0
      000001 00                      64 	.db #0x00	; 0
      000002 3F                      65 	.db #0x3f	; 63
      000003 00                      66 	.db #0x00	; 0
      000004 40                      67 	.db #0x40	; 64
      000005 3F                      68 	.db #0x3f	; 63
      000006 5F                      69 	.db #0x5f	; 95
      000007 20                      70 	.db #0x20	; 32
      000008 5F                      71 	.db #0x5f	; 95
      000009 20                      72 	.db #0x20	; 32
      00000A 5F                      73 	.db #0x5f	; 95
      00000B 20                      74 	.db #0x20	; 32
      00000C 40                      75 	.db #0x40	; 64
      00000D 3F                      76 	.db #0x3f	; 63
      00000E 3F                      77 	.db #0x3f	; 63
      00000F 00                      78 	.db #0x00	; 0
      000010 00                      79 	.db #0x00	; 0
      000011 00                      80 	.db #0x00	; 0
      000012 FF                      81 	.db #0xff	; 255
      000013 00                      82 	.db #0x00	; 0
      000014 09                      83 	.db #0x09	; 9
      000015 FF                      84 	.db #0xff	; 255
      000016 FF                      85 	.db #0xff	; 255
      000017 0D                      86 	.db #0x0d	; 13
      000018 FF                      87 	.db #0xff	; 255
      000019 0B                      88 	.db #0x0b	; 11
      00001A FF                      89 	.db #0xff	; 255
      00001B 09                      90 	.db #0x09	; 9
      00001C 09                      91 	.db #0x09	; 9
      00001D FF                      92 	.db #0xff	; 255
      00001E FF                      93 	.db #0xff	; 255
      00001F 00                      94 	.db #0x00	; 0
      000020 00                      95 	.db #0x00	; 0
      000021 00                      96 	.db #0x00	; 0
      000022 FF                      97 	.db #0xff	; 255
      000023 00                      98 	.db #0x00	; 0
      000024 74                      99 	.db #0x74	; 116	't'
      000025 FF                     100 	.db #0xff	; 255
      000026 FF                     101 	.db #0xff	; 255
      000027 44                     102 	.db #0x44	; 68	'D'
      000028 FF                     103 	.db #0xff	; 255
      000029 65                     104 	.db #0x65	; 101	'e'
      00002A FF                     105 	.db #0xff	; 255
      00002B 46                     106 	.db #0x46	; 70	'F'
      00002C 74                     107 	.db #0x74	; 116	't'
      00002D FF                     108 	.db #0xff	; 255
      00002E FF                     109 	.db #0xff	; 255
      00002F 00                     110 	.db #0x00	; 0
      000030 00                     111 	.db #0x00	; 0
      000031 00                     112 	.db #0x00	; 0
      000032 FF                     113 	.db #0xff	; 255
      000033 00                     114 	.db #0x00	; 0
      000034 47                     115 	.db #0x47	; 71	'G'
      000035 FF                     116 	.db #0xff	; 255
      000036 FF                     117 	.db #0xff	; 255
      000037 48                     118 	.db #0x48	; 72	'H'
      000038 FF                     119 	.db #0xff	; 255
      000039 4B                     120 	.db #0x4b	; 75	'K'
      00003A FF                     121 	.db #0xff	; 255
      00003B C9                     122 	.db #0xc9	; 201
      00003C 47                     123 	.db #0x47	; 71	'G'
      00003D FF                     124 	.db #0xff	; 255
      00003E FF                     125 	.db #0xff	; 255
      00003F 00                     126 	.db #0x00	; 0
      000040 00                     127 	.db #0x00	; 0
      000041 00                     128 	.db #0x00	; 0
      000042 FF                     129 	.db #0xff	; 255
      000043 00                     130 	.db #0x00	; 0
      000044 74                     131 	.db #0x74	; 116	't'
      000045 FF                     132 	.db #0xff	; 255
      000046 FF                     133 	.db #0xff	; 255
      000047 56                     134 	.db #0x56	; 86	'V'
      000048 FF                     135 	.db #0xff	; 255
      000049 75                     136 	.db #0x75	; 117	'u'
      00004A FF                     137 	.db #0xff	; 255
      00004B 54                     138 	.db #0x54	; 84	'T'
      00004C 54                     139 	.db #0x54	; 84	'T'
      00004D FF                     140 	.db #0xff	; 255
      00004E FF                     141 	.db #0xff	; 255
      00004F 00                     142 	.db #0x00	; 0
      000050 00                     143 	.db #0x00	; 0
      000051 00                     144 	.db #0x00	; 0
      000052 FF                     145 	.db #0xff	; 255
      000053 00                     146 	.db #0x00	; 0
      000054 5C                     147 	.db #0x5c	; 92
      000055 FF                     148 	.db #0xff	; 255
      000056 FF                     149 	.db #0xff	; 255
      000057 D0                     150 	.db #0xd0	; 208
      000058 FF                     151 	.db #0xff	; 255
      000059 58                     152 	.db #0x58	; 88	'X'
      00005A FF                     153 	.db #0xff	; 255
      00005B 50                     154 	.db #0x50	; 80	'P'
      00005C 5C                     155 	.db #0x5c	; 92
      00005D FF                     156 	.db #0xff	; 255
      00005E FF                     157 	.db #0xff	; 255
      00005F 00                     158 	.db #0x00	; 0
      000060 00                     159 	.db #0x00	; 0
      000061 00                     160 	.db #0x00	; 0
      000062 FC                     161 	.db #0xfc	; 252
      000063 00                     162 	.db #0x00	; 0
      000064 02                     163 	.db #0x02	; 2
      000065 FC                     164 	.db #0xfc	; 252
      000066 FA                     165 	.db #0xfa	; 250
      000067 04                     166 	.db #0x04	; 4
      000068 FA                     167 	.db #0xfa	; 250
      000069 04                     168 	.db #0x04	; 4
      00006A FA                     169 	.db #0xfa	; 250
      00006B 04                     170 	.db #0x04	; 4
      00006C 02                     171 	.db #0x02	; 2
      00006D FC                     172 	.db #0xfc	; 252
      00006E FC                     173 	.db #0xfc	; 252
      00006F 00                     174 	.db #0x00	; 0
      000070 00                     175 	.db #0x00	; 0
      000071 00                     176 	.db #0x00	; 0
      000072 3F                     177 	.db #0x3f	; 63
      000073 00                     178 	.db #0x00	; 0
      000074 40                     179 	.db #0x40	; 64
      000075 3F                     180 	.db #0x3f	; 63
      000076 5F                     181 	.db #0x5f	; 95
      000077 20                     182 	.db #0x20	; 32
      000078 5F                     183 	.db #0x5f	; 95
      000079 20                     184 	.db #0x20	; 32
      00007A 5F                     185 	.db #0x5f	; 95
      00007B 20                     186 	.db #0x20	; 32
      00007C 40                     187 	.db #0x40	; 64
      00007D 3F                     188 	.db #0x3f	; 63
      00007E 3F                     189 	.db #0x3f	; 63
      00007F 00                     190 	.db #0x00	; 0
      000080 00                     191 	.db #0x00	; 0
      000081 00                     192 	.db #0x00	; 0
      000082 FF                     193 	.db #0xff	; 255
      000083 00                     194 	.db #0x00	; 0
      000084 11                     195 	.db #0x11	; 17
      000085 FF                     196 	.db #0xff	; 255
      000086 FF                     197 	.db #0xff	; 255
      000087 11                     198 	.db #0x11	; 17
      000088 FF                     199 	.db #0xff	; 255
      000089 11                     200 	.db #0x11	; 17
      00008A FF                     201 	.db #0xff	; 255
      00008B 11                     202 	.db #0x11	; 17
      00008C 1D                     203 	.db #0x1d	; 29
      00008D FF                     204 	.db #0xff	; 255
      00008E FF                     205 	.db #0xff	; 255
      00008F 00                     206 	.db #0x00	; 0
      000090 00                     207 	.db #0x00	; 0
      000091 00                     208 	.db #0x00	; 0
      000092 FF                     209 	.db #0xff	; 255
      000093 00                     210 	.db #0x00	; 0
      000094 C9                     211 	.db #0xc9	; 201
      000095 FF                     212 	.db #0xff	; 255
      000096 FF                     213 	.db #0xff	; 255
      000097 55                     214 	.db #0x55	; 85	'U'
      000098 FF                     215 	.db #0xff	; 255
      000099 5D                     216 	.db #0x5d	; 93
      00009A FF                     217 	.db #0xff	; 255
      00009B 55                     218 	.db #0x55	; 85	'U'
      00009C D5                     219 	.db #0xd5	; 213
      00009D FF                     220 	.db #0xff	; 255
      00009E FF                     221 	.db #0xff	; 255
      00009F 00                     222 	.db #0x00	; 0
      0000A0 00                     223 	.db #0x00	; 0
      0000A1 00                     224 	.db #0x00	; 0
      0000A2 FF                     225 	.db #0xff	; 255
      0000A3 00                     226 	.db #0x00	; 0
      0000A4 87                     227 	.db #0x87	; 135
      0000A5 FF                     228 	.db #0xff	; 255
      0000A6 FF                     229 	.db #0xff	; 255
      0000A7 48                     230 	.db #0x48	; 72	'H'
      0000A8 FF                     231 	.db #0xff	; 255
      0000A9 4B                     232 	.db #0x4b	; 75	'K'
      0000AA FF                     233 	.db #0xff	; 255
      0000AB 49                     234 	.db #0x49	; 73	'I'
      0000AC 87                     235 	.db #0x87	; 135
      0000AD FF                     236 	.db #0xff	; 255
      0000AE FF                     237 	.db #0xff	; 255
      0000AF 00                     238 	.db #0x00	; 0
      0000B0 00                     239 	.db #0x00	; 0
      0000B1 00                     240 	.db #0x00	; 0
      0000B2 FF                     241 	.db #0xff	; 255
      0000B3 00                     242 	.db #0x00	; 0
      0000B4 24                     243 	.db #0x24	; 36
      0000B5 FF                     244 	.db #0xff	; 255
      0000B6 FF                     245 	.db #0xff	; 255
      0000B7 56                     246 	.db #0x56	; 86	'V'
      0000B8 FF                     247 	.db #0xff	; 255
      0000B9 75                     248 	.db #0x75	; 117	'u'
      0000BA FF                     249 	.db #0xff	; 255
      0000BB 54                     250 	.db #0x54	; 84	'T'
      0000BC 54                     251 	.db #0x54	; 84	'T'
      0000BD FF                     252 	.db #0xff	; 255
      0000BE FF                     253 	.db #0xff	; 255
      0000BF 00                     254 	.db #0x00	; 0
      0000C0 00                     255 	.db #0x00	; 0
      0000C1 00                     256 	.db #0x00	; 0
      0000C2 FF                     257 	.db #0xff	; 255
      0000C3 00                     258 	.db #0x00	; 0
      0000C4 5C                     259 	.db #0x5c	; 92
      0000C5 FF                     260 	.db #0xff	; 255
      0000C6 FF                     261 	.db #0xff	; 255
      0000C7 D0                     262 	.db #0xd0	; 208
      0000C8 FF                     263 	.db #0xff	; 255
      0000C9 58                     264 	.db #0x58	; 88	'X'
      0000CA FF                     265 	.db #0xff	; 255
      0000CB 50                     266 	.db #0x50	; 80	'P'
      0000CC 5C                     267 	.db #0x5c	; 92
      0000CD FF                     268 	.db #0xff	; 255
      0000CE FF                     269 	.db #0xff	; 255
      0000CF 00                     270 	.db #0x00	; 0
      0000D0 00                     271 	.db #0x00	; 0
      0000D1 00                     272 	.db #0x00	; 0
      0000D2 FC                     273 	.db #0xfc	; 252
      0000D3 00                     274 	.db #0x00	; 0
      0000D4 02                     275 	.db #0x02	; 2
      0000D5 FC                     276 	.db #0xfc	; 252
      0000D6 FA                     277 	.db #0xfa	; 250
      0000D7 04                     278 	.db #0x04	; 4
      0000D8 FA                     279 	.db #0xfa	; 250
      0000D9 04                     280 	.db #0x04	; 4
      0000DA FA                     281 	.db #0xfa	; 250
      0000DB 04                     282 	.db #0x04	; 4
      0000DC 02                     283 	.db #0x02	; 2
      0000DD FC                     284 	.db #0xfc	; 252
      0000DE FC                     285 	.db #0xfc	; 252
      0000DF 00                     286 	.db #0x00	; 0
      0000E0 00                     287 	.db #0x00	; 0
      0000E1 00                     288 	.db #0x00	; 0
      0000E2 3F                     289 	.db #0x3f	; 63
      0000E3 00                     290 	.db #0x00	; 0
      0000E4 42                     291 	.db #0x42	; 66	'B'
      0000E5 3F                     292 	.db #0x3f	; 63
      0000E6 5F                     293 	.db #0x5f	; 95
      0000E7 22                     294 	.db #0x22	; 34
      0000E8 5F                     295 	.db #0x5f	; 95
      0000E9 22                     296 	.db #0x22	; 34
      0000EA 5F                     297 	.db #0x5f	; 95
      0000EB 22                     298 	.db #0x22	; 34
      0000EC 42                     299 	.db #0x42	; 66	'B'
      0000ED 3F                     300 	.db #0x3f	; 63
      0000EE 3F                     301 	.db #0x3f	; 63
      0000EF 00                     302 	.db #0x00	; 0
      0000F0 00                     303 	.db #0x00	; 0
      0000F1 00                     304 	.db #0x00	; 0
      0000F2 FF                     305 	.db #0xff	; 255
      0000F3 00                     306 	.db #0x00	; 0
      0000F4 93                     307 	.db #0x93	; 147
      0000F5 FF                     308 	.db #0xff	; 255
      0000F6 FF                     309 	.db #0xff	; 255
      0000F7 D4                     310 	.db #0xd4	; 212
      0000F8 FF                     311 	.db #0xff	; 255
      0000F9 B7                     312 	.db #0xb7	; 183
      0000FA FF                     313 	.db #0xff	; 255
      0000FB 91                     314 	.db #0x91	; 145
      0000FC 96                     315 	.db #0x96	; 150
      0000FD FF                     316 	.db #0xff	; 255
      0000FE FF                     317 	.db #0xff	; 255
      0000FF 00                     318 	.db #0x00	; 0
      000100 00                     319 	.db #0x00	; 0
      000101 00                     320 	.db #0x00	; 0
      000102 FF                     321 	.db #0xff	; 255
      000103 00                     322 	.db #0x00	; 0
      000104 76                     323 	.db #0x76	; 118	'v'
      000105 FF                     324 	.db #0xff	; 255
      000106 FF                     325 	.db #0xff	; 255
      000107 25                     326 	.db #0x25	; 37
      000108 FF                     327 	.db #0xff	; 255
      000109 26                     328 	.db #0x26	; 38
      00010A FF                     329 	.db #0xff	; 255
      00010B 25                     330 	.db #0x25	; 37
      00010C 25                     331 	.db #0x25	; 37
      00010D FF                     332 	.db #0xff	; 255
      00010E FF                     333 	.db #0xff	; 255
      00010F 00                     334 	.db #0x00	; 0
      000110 00                     335 	.db #0x00	; 0
      000111 00                     336 	.db #0x00	; 0
      000112 FF                     337 	.db #0xff	; 255
      000113 00                     338 	.db #0x00	; 0
      000114 53                     339 	.db #0x53	; 83	'S'
      000115 FF                     340 	.db #0xff	; 255
      000116 FF                     341 	.db #0xff	; 255
      000117 54                     342 	.db #0x54	; 84	'T'
      000118 FF                     343 	.db #0xff	; 255
      000119 54                     344 	.db #0x54	; 84	'T'
      00011A FF                     345 	.db #0xff	; 255
      00011B 54                     346 	.db #0x54	; 84	'T'
      00011C 73                     347 	.db #0x73	; 115	's'
      00011D FF                     348 	.db #0xff	; 255
      00011E FF                     349 	.db #0xff	; 255
      00011F 00                     350 	.db #0x00	; 0
      000120 00                     351 	.db #0x00	; 0
      000121 00                     352 	.db #0x00	; 0
      000122 FF                     353 	.db #0xff	; 255
      000123 00                     354 	.db #0x00	; 0
      000124 75                     355 	.db #0x75	; 117	'u'
      000125 FF                     356 	.db #0xff	; 255
      000126 FF                     357 	.db #0xff	; 255
      000127 25                     358 	.db #0x25	; 37
      000128 FF                     359 	.db #0xff	; 255
      000129 25                     360 	.db #0x25	; 37
      00012A FF                     361 	.db #0xff	; 255
      00012B 25                     362 	.db #0x25	; 37
      00012C 25                     363 	.db #0x25	; 37
      00012D FF                     364 	.db #0xff	; 255
      00012E FF                     365 	.db #0xff	; 255
      00012F 00                     366 	.db #0x00	; 0
      000130 00                     367 	.db #0x00	; 0
      000131 00                     368 	.db #0x00	; 0
      000132 FF                     369 	.db #0xff	; 255
      000133 00                     370 	.db #0x00	; 0
      000134 D2                     371 	.db #0xd2	; 210
      000135 FF                     372 	.db #0xff	; 255
      000136 FF                     373 	.db #0xff	; 255
      000137 5A                     374 	.db #0x5a	; 90	'Z'
      000138 FF                     375 	.db #0xff	; 255
      000139 56                     376 	.db #0x56	; 86	'V'
      00013A FF                     377 	.db #0xff	; 255
      00013B 52                     378 	.db #0x52	; 82	'R'
      00013C D2                     379 	.db #0xd2	; 210
      00013D FF                     380 	.db #0xff	; 255
      00013E FF                     381 	.db #0xff	; 255
      00013F 00                     382 	.db #0x00	; 0
      000140 00                     383 	.db #0x00	; 0
      000141 00                     384 	.db #0x00	; 0
      000142 FC                     385 	.db #0xfc	; 252
      000143 00                     386 	.db #0x00	; 0
      000144 62                     387 	.db #0x62	; 98	'b'
      000145 FC                     388 	.db #0xfc	; 252
      000146 FA                     389 	.db #0xfa	; 250
      000147 84                     390 	.db #0x84	; 132
      000148 FA                     391 	.db #0xfa	; 250
      000149 E4                     392 	.db #0xe4	; 228
      00014A FA                     393 	.db #0xfa	; 250
      00014B 24                     394 	.db #0x24	; 36
      00014C C2                     395 	.db #0xc2	; 194
      00014D FC                     396 	.db #0xfc	; 252
      00014E FC                     397 	.db #0xfc	; 252
      00014F 00                     398 	.db #0x00	; 0
                           000150   399 G$menubuttons_metasprite0$0_0$0 == .
      000150                        400 _menubuttons_metasprite0:
      000150 F4                     401 	.db #0xf4	; -12
      000151 E4                     402 	.db #0xe4	; -28
      000152 00                     403 	.db #0x00	; 0
      000153 00                     404 	.db #0x00	; 0
      000154 00                     405 	.db #0x00	;  0
      000155 08                     406 	.db #0x08	;  8
      000156 01                     407 	.db #0x01	; 1
      000157 00                     408 	.db #0x00	; 0
      000158 00                     409 	.db #0x00	;  0
      000159 08                     410 	.db #0x08	;  8
      00015A 02                     411 	.db #0x02	; 2
      00015B 00                     412 	.db #0x00	; 0
      00015C 00                     413 	.db #0x00	;  0
      00015D 08                     414 	.db #0x08	;  8
      00015E 03                     415 	.db #0x03	; 3
      00015F 00                     416 	.db #0x00	; 0
      000160 00                     417 	.db #0x00	;  0
      000161 08                     418 	.db #0x08	;  8
      000162 04                     419 	.db #0x04	; 4
      000163 00                     420 	.db #0x00	; 0
      000164 00                     421 	.db #0x00	;  0
      000165 08                     422 	.db #0x08	;  8
      000166 05                     423 	.db #0x05	; 5
      000167 00                     424 	.db #0x00	; 0
      000168 00                     425 	.db #0x00	;  0
      000169 08                     426 	.db #0x08	;  8
      00016A 06                     427 	.db #0x06	; 6
      00016B 00                     428 	.db #0x00	; 0
      00016C 08                     429 	.db #0x08	;  8
      00016D D0                     430 	.db #0xd0	; -48
      00016E 07                     431 	.db #0x07	; 7
      00016F 00                     432 	.db #0x00	; 0
      000170 00                     433 	.db #0x00	;  0
      000171 08                     434 	.db #0x08	;  8
      000172 08                     435 	.db #0x08	; 8
      000173 00                     436 	.db #0x00	; 0
      000174 00                     437 	.db #0x00	;  0
      000175 08                     438 	.db #0x08	;  8
      000176 09                     439 	.db #0x09	; 9
      000177 00                     440 	.db #0x00	; 0
      000178 00                     441 	.db #0x00	;  0
      000179 08                     442 	.db #0x08	;  8
      00017A 0A                     443 	.db #0x0a	; 10
      00017B 00                     444 	.db #0x00	; 0
      00017C 00                     445 	.db #0x00	;  0
      00017D 08                     446 	.db #0x08	;  8
      00017E 0B                     447 	.db #0x0b	; 11
      00017F 00                     448 	.db #0x00	; 0
      000180 00                     449 	.db #0x00	;  0
      000181 08                     450 	.db #0x08	;  8
      000182 0C                     451 	.db #0x0c	; 12
      000183 00                     452 	.db #0x00	; 0
      000184 00                     453 	.db #0x00	;  0
      000185 08                     454 	.db #0x08	;  8
      000186 0D                     455 	.db #0x0d	; 13
      000187 00                     456 	.db #0x00	; 0
      000188 08                     457 	.db #0x08	;  8
      000189 D0                     458 	.db #0xd0	; -48
      00018A 0E                     459 	.db #0x0e	; 14
      00018B 00                     460 	.db #0x00	; 0
      00018C 00                     461 	.db #0x00	;  0
      00018D 08                     462 	.db #0x08	;  8
      00018E 0F                     463 	.db #0x0f	; 15
      00018F 00                     464 	.db #0x00	; 0
      000190 00                     465 	.db #0x00	;  0
      000191 08                     466 	.db #0x08	;  8
      000192 10                     467 	.db #0x10	; 16
      000193 00                     468 	.db #0x00	; 0
      000194 00                     469 	.db #0x00	;  0
      000195 08                     470 	.db #0x08	;  8
      000196 11                     471 	.db #0x11	; 17
      000197 00                     472 	.db #0x00	; 0
      000198 00                     473 	.db #0x00	;  0
      000199 08                     474 	.db #0x08	;  8
      00019A 12                     475 	.db #0x12	; 18
      00019B 00                     476 	.db #0x00	; 0
      00019C 00                     477 	.db #0x00	;  0
      00019D 08                     478 	.db #0x08	;  8
      00019E 13                     479 	.db #0x13	; 19
      00019F 00                     480 	.db #0x00	; 0
      0001A0 00                     481 	.db #0x00	;  0
      0001A1 08                     482 	.db #0x08	;  8
      0001A2 14                     483 	.db #0x14	; 20
      0001A3 00                     484 	.db #0x00	; 0
      0001A4 80                     485 	.db #0x80	; -128
      0001A5 00                     486 	.db #0x00	;  0
      0001A6 00                     487 	.db #0x00	; 0
      0001A7 00                     488 	.db #0x00	; 0
                           0001A8   489 G$menubuttons_metasprites$0_0$0 == .
      0001A8                        490 _menubuttons_metasprites:
      0001A8r50r01                  491 	.dw _menubuttons_metasprite0
                                    492 	.area _INITIALIZER
                                    493 	.area _CABS (ABS)
