                                      1 ;--------------------------------------------------------
                                      2 ; File Created by SDCC : free open source ISO C Compiler 
                                      3 ; Version 4.3.2 #14228 (Mac OS X x86_64)
                                      4 ;--------------------------------------------------------
                                      5 	.module nav
                                      6 	.optsdcc -msm83
                                      7 	
                                      8 ;--------------------------------------------------------
                                      9 ; Public variables in this module
                                     10 ;--------------------------------------------------------
                                     11 	.globl _nav_map
                                     12 	.globl _nav_tiles
                                     13 	.globl _nav_palettes
                                     14 	.globl b___func_nav
                                     15 	.globl ___func_nav
                                     16 ;--------------------------------------------------------
                                     17 ; special function registers
                                     18 ;--------------------------------------------------------
                                     19 ;--------------------------------------------------------
                                     20 ; ram data
                                     21 ;--------------------------------------------------------
                                     22 	.area _DATA
                                     23 ;--------------------------------------------------------
                                     24 ; ram data
                                     25 ;--------------------------------------------------------
                                     26 	.area _INITIALIZED
                                     27 ;--------------------------------------------------------
                                     28 ; absolute external ram data
                                     29 ;--------------------------------------------------------
                                     30 	.area _DABS (ABS)
                                     31 ;--------------------------------------------------------
                                     32 ; global & static initialisations
                                     33 ;--------------------------------------------------------
                                     34 	.area _HOME
                                     35 	.area _GSINIT
                                     36 	.area _GSFINAL
                                     37 	.area _GSINIT
                                     38 ;--------------------------------------------------------
                                     39 ; Home
                                     40 ;--------------------------------------------------------
                                     41 	.area _HOME
                                     42 	.area _HOME
                                     43 ;--------------------------------------------------------
                                     44 ; code
                                     45 ;--------------------------------------------------------
                                     46 	.area _CODE_1
                           000000    47 	G$__func_nav$0$0	= .
                                     48 	.globl	G$__func_nav$0$0
                           000000    49 	C$nav.c$9$0_0$161	= .
                                     50 	.globl	C$nav.c$9$0_0$161
                                     51 ;assets/nav.c:9: BANKREF(nav)
                                     52 ;	---------------------------------
                                     53 ; Function __func_nav
                                     54 ; ---------------------------------
                           000001    55 	b___func_nav	= 1
      000000                         56 ___func_nav::
                                     57 	.local b___func_nav 
                           000001    58 	___bank_nav = b___func_nav 
                                     59 	.globl ___bank_nav 
                                     60 	.area _CODE_1
                           000000    61 G$nav_palettes$0_0$0 == .
      000000                         62 _nav_palettes:
      000000 B1 16                   63 	.dw #0x16b1
      000002 4D 12                   64 	.dw #0x124d
      000004 A8 15                   65 	.dw #0x15a8
      000006 04 19                   66 	.dw #0x1904
                           000008    67 G$nav_tiles$0_0$0 == .
      000008                         68 _nav_tiles:
      000008 00                      69 	.db #0x00	; 0
      000009 00                      70 	.db #0x00	; 0
      00000A 00                      71 	.db #0x00	; 0
      00000B 00                      72 	.db #0x00	; 0
      00000C 00                      73 	.db #0x00	; 0
      00000D 00                      74 	.db #0x00	; 0
      00000E 00                      75 	.db #0x00	; 0
      00000F 1F                      76 	.db #0x1f	; 31
      000010 00                      77 	.db #0x00	; 0
      000011 10                      78 	.db #0x10	; 16
      000012 00                      79 	.db #0x00	; 0
      000013 10                      80 	.db #0x10	; 16
      000014 00                      81 	.db #0x00	; 0
      000015 10                      82 	.db #0x10	; 16
      000016 00                      83 	.db #0x00	; 0
      000017 10                      84 	.db #0x10	; 16
      000018 00                      85 	.db #0x00	; 0
      000019 00                      86 	.db #0x00	; 0
      00001A 00                      87 	.db #0x00	; 0
      00001B 00                      88 	.db #0x00	; 0
      00001C 00                      89 	.db #0x00	; 0
      00001D 00                      90 	.db #0x00	; 0
      00001E 00                      91 	.db #0x00	; 0
      00001F FF                      92 	.db #0xff	; 255
      000020 00                      93 	.db #0x00	; 0
      000021 00                      94 	.db #0x00	; 0
      000022 00                      95 	.db #0x00	; 0
      000023 00                      96 	.db #0x00	; 0
      000024 00                      97 	.db #0x00	; 0
      000025 00                      98 	.db #0x00	; 0
      000026 00                      99 	.db #0x00	; 0
      000027 00                     100 	.db #0x00	; 0
      000028 00                     101 	.db #0x00	; 0
      000029 00                     102 	.db #0x00	; 0
      00002A 00                     103 	.db #0x00	; 0
      00002B 00                     104 	.db #0x00	; 0
      00002C 00                     105 	.db #0x00	; 0
      00002D 00                     106 	.db #0x00	; 0
      00002E 00                     107 	.db #0x00	; 0
      00002F F0                     108 	.db #0xf0	; 240
      000030 00                     109 	.db #0x00	; 0
      000031 18                     110 	.db #0x18	; 24
      000032 00                     111 	.db #0x00	; 0
      000033 08                     112 	.db #0x08	; 8
      000034 00                     113 	.db #0x00	; 0
      000035 08                     114 	.db #0x08	; 8
      000036 00                     115 	.db #0x00	; 0
      000037 08                     116 	.db #0x08	; 8
      000038 00                     117 	.db #0x00	; 0
      000039 00                     118 	.db #0x00	; 0
      00003A 00                     119 	.db #0x00	; 0
      00003B 00                     120 	.db #0x00	; 0
      00003C 00                     121 	.db #0x00	; 0
      00003D 00                     122 	.db #0x00	; 0
      00003E 00                     123 	.db #0x00	; 0
      00003F 00                     124 	.db #0x00	; 0
      000040 CC                     125 	.db #0xcc	; 204
      000041 CC                     126 	.db #0xcc	; 204
      000042 CC                     127 	.db #0xcc	; 204
      000043 CC                     128 	.db #0xcc	; 204
      000044 CC                     129 	.db #0xcc	; 204
      000045 CC                     130 	.db #0xcc	; 204
      000046 FC                     131 	.db #0xfc	; 252
      000047 FC                     132 	.db #0xfc	; 252
      000048 00                     133 	.db #0x00	; 0
      000049 00                     134 	.db #0x00	; 0
      00004A 00                     135 	.db #0x00	; 0
      00004B 00                     136 	.db #0x00	; 0
      00004C 00                     137 	.db #0x00	; 0
      00004D 00                     138 	.db #0x00	; 0
      00004E 00                     139 	.db #0x00	; 0
      00004F 00                     140 	.db #0x00	; 0
      000050 FC                     141 	.db #0xfc	; 252
      000051 FC                     142 	.db #0xfc	; 252
      000052 C0                     143 	.db #0xc0	; 192
      000053 C0                     144 	.db #0xc0	; 192
      000054 C0                     145 	.db #0xc0	; 192
      000055 C0                     146 	.db #0xc0	; 192
      000056 F8                     147 	.db #0xf8	; 248
      000057 F8                     148 	.db #0xf8	; 248
      000058 00                     149 	.db #0x00	; 0
      000059 00                     150 	.db #0x00	; 0
      00005A 00                     151 	.db #0x00	; 0
      00005B 00                     152 	.db #0x00	; 0
      00005C 00                     153 	.db #0x00	; 0
      00005D 00                     154 	.db #0x00	; 0
      00005E 00                     155 	.db #0x00	; 0
      00005F 00                     156 	.db #0x00	; 0
      000060 00                     157 	.db #0x00	; 0
      000061 00                     158 	.db #0x00	; 0
      000062 00                     159 	.db #0x00	; 0
      000063 00                     160 	.db #0x00	; 0
      000064 00                     161 	.db #0x00	; 0
      000065 00                     162 	.db #0x00	; 0
      000066 00                     163 	.db #0x00	; 0
      000067 00                     164 	.db #0x00	; 0
      000068 00                     165 	.db #0x00	; 0
      000069 10                     166 	.db #0x10	; 16
      00006A 00                     167 	.db #0x00	; 0
      00006B 10                     168 	.db #0x10	; 16
      00006C 00                     169 	.db #0x00	; 0
      00006D 10                     170 	.db #0x10	; 16
      00006E 00                     171 	.db #0x00	; 0
      00006F 10                     172 	.db #0x10	; 16
      000070 00                     173 	.db #0x00	; 0
      000071 1F                     174 	.db #0x1f	; 31
      000072 00                     175 	.db #0x00	; 0
      000073 00                     176 	.db #0x00	; 0
      000074 00                     177 	.db #0x00	; 0
      000075 00                     178 	.db #0x00	; 0
      000076 00                     179 	.db #0x00	; 0
      000077 00                     180 	.db #0x00	; 0
      000078 00                     181 	.db #0x00	; 0
      000079 00                     182 	.db #0x00	; 0
      00007A 00                     183 	.db #0x00	; 0
      00007B 00                     184 	.db #0x00	; 0
      00007C 00                     185 	.db #0x00	; 0
      00007D 00                     186 	.db #0x00	; 0
      00007E 00                     187 	.db #0x00	; 0
      00007F 00                     188 	.db #0x00	; 0
      000080 00                     189 	.db #0x00	; 0
      000081 FF                     190 	.db #0xff	; 255
      000082 00                     191 	.db #0x00	; 0
      000083 00                     192 	.db #0x00	; 0
      000084 00                     193 	.db #0x00	; 0
      000085 00                     194 	.db #0x00	; 0
      000086 00                     195 	.db #0x00	; 0
      000087 00                     196 	.db #0x00	; 0
      000088 00                     197 	.db #0x00	; 0
      000089 08                     198 	.db #0x08	; 8
      00008A 00                     199 	.db #0x00	; 0
      00008B 08                     200 	.db #0x08	; 8
      00008C 00                     201 	.db #0x00	; 0
      00008D 08                     202 	.db #0x08	; 8
      00008E 00                     203 	.db #0x00	; 0
      00008F 18                     204 	.db #0x18	; 24
      000090 00                     205 	.db #0x00	; 0
      000091 F0                     206 	.db #0xf0	; 240
      000092 00                     207 	.db #0x00	; 0
      000093 00                     208 	.db #0x00	; 0
      000094 00                     209 	.db #0x00	; 0
      000095 00                     210 	.db #0x00	; 0
      000096 00                     211 	.db #0x00	; 0
      000097 00                     212 	.db #0x00	; 0
      000098 CC                     213 	.db #0xcc	; 204
      000099 CC                     214 	.db #0xcc	; 204
      00009A CC                     215 	.db #0xcc	; 204
      00009B CC                     216 	.db #0xcc	; 204
      00009C CC                     217 	.db #0xcc	; 204
      00009D CC                     218 	.db #0xcc	; 204
      00009E CC                     219 	.db #0xcc	; 204
      00009F CC                     220 	.db #0xcc	; 204
      0000A0 00                     221 	.db #0x00	; 0
      0000A1 00                     222 	.db #0x00	; 0
      0000A2 00                     223 	.db #0x00	; 0
      0000A3 00                     224 	.db #0x00	; 0
      0000A4 00                     225 	.db #0x00	; 0
      0000A5 00                     226 	.db #0x00	; 0
      0000A6 00                     227 	.db #0x00	; 0
      0000A7 00                     228 	.db #0x00	; 0
      0000A8 C0                     229 	.db #0xc0	; 192
      0000A9 C0                     230 	.db #0xc0	; 192
      0000AA C0                     231 	.db #0xc0	; 192
      0000AB C0                     232 	.db #0xc0	; 192
      0000AC C0                     233 	.db #0xc0	; 192
      0000AD C0                     234 	.db #0xc0	; 192
      0000AE C0                     235 	.db #0xc0	; 192
      0000AF C0                     236 	.db #0xc0	; 192
      0000B0 00                     237 	.db #0x00	; 0
      0000B1 00                     238 	.db #0x00	; 0
      0000B2 00                     239 	.db #0x00	; 0
      0000B3 00                     240 	.db #0x00	; 0
      0000B4 00                     241 	.db #0x00	; 0
      0000B5 00                     242 	.db #0x00	; 0
      0000B6 00                     243 	.db #0x00	; 0
      0000B7 00                     244 	.db #0x00	; 0
      0000B8 FF                     245 	.db #0xff	; 255
      0000B9 00                     246 	.db #0x00	; 0
      0000BA 00                     247 	.db #0x00	; 0
      0000BB 00                     248 	.db #0x00	; 0
      0000BC 00                     249 	.db #0x00	; 0
      0000BD 00                     250 	.db #0x00	; 0
      0000BE 00                     251 	.db #0x00	; 0
      0000BF 00                     252 	.db #0x00	; 0
      0000C0 00                     253 	.db #0x00	; 0
      0000C1 00                     254 	.db #0x00	; 0
      0000C2 00                     255 	.db #0x00	; 0
      0000C3 00                     256 	.db #0x00	; 0
      0000C4 00                     257 	.db #0x00	; 0
      0000C5 00                     258 	.db #0x00	; 0
      0000C6 00                     259 	.db #0x00	; 0
      0000C7 00                     260 	.db #0x00	; 0
                           0000C8   261 G$nav_map$0_0$0 == .
      0000C8                        262 _nav_map:
      0000C8 80                     263 	.db #0x80	; 128
      0000C9 81                     264 	.db #0x81	; 129
      0000CA 82                     265 	.db #0x82	; 130
      0000CB 83                     266 	.db #0x83	; 131
      0000CC 80                     267 	.db #0x80	; 128
      0000CD 81                     268 	.db #0x81	; 129
      0000CE 81                     269 	.db #0x81	; 129
      0000CF 82                     270 	.db #0x82	; 130
      0000D0 84                     271 	.db #0x84	; 132
      0000D1 85                     272 	.db #0x85	; 133
      0000D2 85                     273 	.db #0x85	; 133
      0000D3 85                     274 	.db #0x85	; 133
      0000D4 85                     275 	.db #0x85	; 133
      0000D5 85                     276 	.db #0x85	; 133
      0000D6 85                     277 	.db #0x85	; 133
      0000D7 85                     278 	.db #0x85	; 133
      0000D8 85                     279 	.db #0x85	; 133
      0000D9 85                     280 	.db #0x85	; 133
      0000DA 85                     281 	.db #0x85	; 133
      0000DB 85                     282 	.db #0x85	; 133
      0000DC 86                     283 	.db #0x86	; 134
      0000DD 87                     284 	.db #0x87	; 135
      0000DE 88                     285 	.db #0x88	; 136
      0000DF 89                     286 	.db #0x89	; 137
      0000E0 86                     287 	.db #0x86	; 134
      0000E1 87                     288 	.db #0x87	; 135
      0000E2 87                     289 	.db #0x87	; 135
      0000E3 88                     290 	.db #0x88	; 136
      0000E4 8A                     291 	.db #0x8a	; 138
      0000E5 85                     292 	.db #0x85	; 133
      0000E6 85                     293 	.db #0x85	; 133
      0000E7 85                     294 	.db #0x85	; 133
      0000E8 85                     295 	.db #0x85	; 133
      0000E9 85                     296 	.db #0x85	; 133
      0000EA 85                     297 	.db #0x85	; 133
      0000EB 85                     298 	.db #0x85	; 133
      0000EC 85                     299 	.db #0x85	; 133
      0000ED 85                     300 	.db #0x85	; 133
      0000EE 85                     301 	.db #0x85	; 133
      0000EF 85                     302 	.db #0x85	; 133
      0000F0 8B                     303 	.db #0x8b	; 139
      0000F1 8B                     304 	.db #0x8b	; 139
      0000F2 8B                     305 	.db #0x8b	; 139
      0000F3 8B                     306 	.db #0x8b	; 139
      0000F4 8B                     307 	.db #0x8b	; 139
      0000F5 8B                     308 	.db #0x8b	; 139
      0000F6 8B                     309 	.db #0x8b	; 139
      0000F7 8B                     310 	.db #0x8b	; 139
      0000F8 8B                     311 	.db #0x8b	; 139
      0000F9 8B                     312 	.db #0x8b	; 139
      0000FA 8B                     313 	.db #0x8b	; 139
      0000FB 8B                     314 	.db #0x8b	; 139
      0000FC 8B                     315 	.db #0x8b	; 139
      0000FD 8B                     316 	.db #0x8b	; 139
      0000FE 8B                     317 	.db #0x8b	; 139
      0000FF 8B                     318 	.db #0x8b	; 139
      000100 8B                     319 	.db #0x8b	; 139
      000101 8B                     320 	.db #0x8b	; 139
      000102 8B                     321 	.db #0x8b	; 139
      000103 8B                     322 	.db #0x8b	; 139
                                    323 	.area _INITIALIZER
                                    324 	.area _CABS (ABS)
