                                      1 ;--------------------------------------------------------
                                      2 ; File Created by SDCC : free open source ISO C Compiler 
                                      3 ; Version 4.3.2 #14228 (Mac OS X x86_64)
                                      4 ;--------------------------------------------------------
                                      5 	.module progressbar
                                      6 	.optsdcc -msm83
                                      7 	
                                      8 ;--------------------------------------------------------
                                      9 ; Public variables in this module
                                     10 ;--------------------------------------------------------
                                     11 	.globl _progressbar_tiles
                                     12 	.globl b___func_progressbar
                                     13 	.globl ___func_progressbar
                                     14 ;--------------------------------------------------------
                                     15 ; special function registers
                                     16 ;--------------------------------------------------------
                                     17 ;--------------------------------------------------------
                                     18 ; ram data
                                     19 ;--------------------------------------------------------
                                     20 	.area _DATA
                                     21 ;--------------------------------------------------------
                                     22 ; ram data
                                     23 ;--------------------------------------------------------
                                     24 	.area _INITIALIZED
                                     25 ;--------------------------------------------------------
                                     26 ; absolute external ram data
                                     27 ;--------------------------------------------------------
                                     28 	.area _DABS (ABS)
                                     29 ;--------------------------------------------------------
                                     30 ; global & static initialisations
                                     31 ;--------------------------------------------------------
                                     32 	.area _HOME
                                     33 	.area _GSINIT
                                     34 	.area _GSFINAL
                                     35 	.area _GSINIT
                                     36 ;--------------------------------------------------------
                                     37 ; Home
                                     38 ;--------------------------------------------------------
                                     39 	.area _HOME
                                     40 	.area _HOME
                                     41 ;--------------------------------------------------------
                                     42 ; code
                                     43 ;--------------------------------------------------------
                                     44 	.area _CODE_1
                           000000    45 	G$__func_progressbar$0$0	= .
                                     46 	.globl	G$__func_progressbar$0$0
                           000000    47 	C$progressbar.c$9$0_0$161	= .
                                     48 	.globl	C$progressbar.c$9$0_0$161
                                     49 ;assets/progressbar.c:9: BANKREF(progressbar)
                                     50 ;	---------------------------------
                                     51 ; Function __func_progressbar
                                     52 ; ---------------------------------
                           000001    53 	b___func_progressbar	= 1
      000000                         54 ___func_progressbar::
                                     55 	.local b___func_progressbar 
                           000001    56 	___bank_progressbar = b___func_progressbar 
                                     57 	.globl ___bank_progressbar 
                                     58 	.area _CODE_1
                           000000    59 G$progressbar_tiles$0_0$0 == .
      000000                         60 _progressbar_tiles:
      000000 00                      61 	.db #0x00	; 0
      000001 00                      62 	.db #0x00	; 0
      000002 80                      63 	.db #0x80	; 128
      000003 00                      64 	.db #0x00	; 0
      000004 80                      65 	.db #0x80	; 128
      000005 00                      66 	.db #0x00	; 0
      000006 80                      67 	.db #0x80	; 128
      000007 00                      68 	.db #0x00	; 0
      000008 80                      69 	.db #0x80	; 128
      000009 00                      70 	.db #0x00	; 0
      00000A 80                      71 	.db #0x80	; 128
      00000B 00                      72 	.db #0x00	; 0
      00000C 80                      73 	.db #0x80	; 128
      00000D 00                      74 	.db #0x00	; 0
      00000E 00                      75 	.db #0x00	; 0
      00000F 00                      76 	.db #0x00	; 0
      000010 80                      77 	.db #0x80	; 128
      000011 00                      78 	.db #0x00	; 0
      000012 C0                      79 	.db #0xc0	; 192
      000013 00                      80 	.db #0x00	; 0
      000014 C0                      81 	.db #0xc0	; 192
      000015 00                      82 	.db #0x00	; 0
      000016 C0                      83 	.db #0xc0	; 192
      000017 00                      84 	.db #0x00	; 0
      000018 C0                      85 	.db #0xc0	; 192
      000019 00                      86 	.db #0x00	; 0
      00001A C0                      87 	.db #0xc0	; 192
      00001B 00                      88 	.db #0x00	; 0
      00001C C0                      89 	.db #0xc0	; 192
      00001D 00                      90 	.db #0x00	; 0
      00001E 80                      91 	.db #0x80	; 128
      00001F 00                      92 	.db #0x00	; 0
      000020 C0                      93 	.db #0xc0	; 192
      000021 00                      94 	.db #0x00	; 0
      000022 E0                      95 	.db #0xe0	; 224
      000023 00                      96 	.db #0x00	; 0
      000024 E0                      97 	.db #0xe0	; 224
      000025 00                      98 	.db #0x00	; 0
      000026 E0                      99 	.db #0xe0	; 224
      000027 00                     100 	.db #0x00	; 0
      000028 E0                     101 	.db #0xe0	; 224
      000029 00                     102 	.db #0x00	; 0
      00002A E0                     103 	.db #0xe0	; 224
      00002B 00                     104 	.db #0x00	; 0
      00002C E0                     105 	.db #0xe0	; 224
      00002D 00                     106 	.db #0x00	; 0
      00002E C0                     107 	.db #0xc0	; 192
      00002F 00                     108 	.db #0x00	; 0
      000030 E0                     109 	.db #0xe0	; 224
      000031 00                     110 	.db #0x00	; 0
      000032 F0                     111 	.db #0xf0	; 240
      000033 00                     112 	.db #0x00	; 0
      000034 F0                     113 	.db #0xf0	; 240
      000035 00                     114 	.db #0x00	; 0
      000036 F0                     115 	.db #0xf0	; 240
      000037 00                     116 	.db #0x00	; 0
      000038 F0                     117 	.db #0xf0	; 240
      000039 00                     118 	.db #0x00	; 0
      00003A F0                     119 	.db #0xf0	; 240
      00003B 00                     120 	.db #0x00	; 0
      00003C F0                     121 	.db #0xf0	; 240
      00003D 00                     122 	.db #0x00	; 0
      00003E E0                     123 	.db #0xe0	; 224
      00003F 00                     124 	.db #0x00	; 0
      000040 F0                     125 	.db #0xf0	; 240
      000041 00                     126 	.db #0x00	; 0
      000042 F8                     127 	.db #0xf8	; 248
      000043 00                     128 	.db #0x00	; 0
      000044 F8                     129 	.db #0xf8	; 248
      000045 00                     130 	.db #0x00	; 0
      000046 F8                     131 	.db #0xf8	; 248
      000047 00                     132 	.db #0x00	; 0
      000048 F8                     133 	.db #0xf8	; 248
      000049 00                     134 	.db #0x00	; 0
      00004A F8                     135 	.db #0xf8	; 248
      00004B 00                     136 	.db #0x00	; 0
      00004C F8                     137 	.db #0xf8	; 248
      00004D 00                     138 	.db #0x00	; 0
      00004E F0                     139 	.db #0xf0	; 240
      00004F 00                     140 	.db #0x00	; 0
      000050 F8                     141 	.db #0xf8	; 248
      000051 00                     142 	.db #0x00	; 0
      000052 FC                     143 	.db #0xfc	; 252
      000053 00                     144 	.db #0x00	; 0
      000054 FC                     145 	.db #0xfc	; 252
      000055 00                     146 	.db #0x00	; 0
      000056 FC                     147 	.db #0xfc	; 252
      000057 00                     148 	.db #0x00	; 0
      000058 FC                     149 	.db #0xfc	; 252
      000059 00                     150 	.db #0x00	; 0
      00005A FC                     151 	.db #0xfc	; 252
      00005B 00                     152 	.db #0x00	; 0
      00005C FC                     153 	.db #0xfc	; 252
      00005D 00                     154 	.db #0x00	; 0
      00005E F8                     155 	.db #0xf8	; 248
      00005F 00                     156 	.db #0x00	; 0
      000060 FC                     157 	.db #0xfc	; 252
      000061 00                     158 	.db #0x00	; 0
      000062 FE                     159 	.db #0xfe	; 254
      000063 00                     160 	.db #0x00	; 0
      000064 FE                     161 	.db #0xfe	; 254
      000065 00                     162 	.db #0x00	; 0
      000066 FE                     163 	.db #0xfe	; 254
      000067 00                     164 	.db #0x00	; 0
      000068 FE                     165 	.db #0xfe	; 254
      000069 00                     166 	.db #0x00	; 0
      00006A FE                     167 	.db #0xfe	; 254
      00006B 00                     168 	.db #0x00	; 0
      00006C FE                     169 	.db #0xfe	; 254
      00006D 00                     170 	.db #0x00	; 0
      00006E FC                     171 	.db #0xfc	; 252
      00006F 00                     172 	.db #0x00	; 0
      000070 FE                     173 	.db #0xfe	; 254
      000071 00                     174 	.db #0x00	; 0
      000072 FF                     175 	.db #0xff	; 255
      000073 00                     176 	.db #0x00	; 0
      000074 FF                     177 	.db #0xff	; 255
      000075 00                     178 	.db #0x00	; 0
      000076 FF                     179 	.db #0xff	; 255
      000077 00                     180 	.db #0x00	; 0
      000078 FF                     181 	.db #0xff	; 255
      000079 00                     182 	.db #0x00	; 0
      00007A FF                     183 	.db #0xff	; 255
      00007B 00                     184 	.db #0x00	; 0
      00007C FF                     185 	.db #0xff	; 255
      00007D 00                     186 	.db #0x00	; 0
      00007E FE                     187 	.db #0xfe	; 254
      00007F 00                     188 	.db #0x00	; 0
      000080 FF                     189 	.db #0xff	; 255
      000081 00                     190 	.db #0x00	; 0
      000082 FF                     191 	.db #0xff	; 255
      000083 00                     192 	.db #0x00	; 0
      000084 FF                     193 	.db #0xff	; 255
      000085 00                     194 	.db #0x00	; 0
      000086 FF                     195 	.db #0xff	; 255
      000087 00                     196 	.db #0x00	; 0
      000088 FF                     197 	.db #0xff	; 255
      000089 00                     198 	.db #0x00	; 0
      00008A FF                     199 	.db #0xff	; 255
      00008B 00                     200 	.db #0x00	; 0
      00008C FF                     201 	.db #0xff	; 255
      00008D 00                     202 	.db #0x00	; 0
      00008E FF                     203 	.db #0xff	; 255
      00008F 00                     204 	.db #0x00	; 0
                                    205 	.area _INITIALIZER
                                    206 	.area _CABS (ABS)
