                                      1 ;--------------------------------------------------------
                                      2 ; File Created by SDCC : free open source ISO C Compiler 
                                      3 ; Version 4.3.2 #14228 (Mac OS X x86_64)
                                      4 ;--------------------------------------------------------
                                      5 	.module rover
                                      6 	.optsdcc -msm83
                                      7 	
                                      8 ;--------------------------------------------------------
                                      9 ; Public variables in this module
                                     10 ;--------------------------------------------------------
                                     11 	.globl _rover_tiles
                                     12 	.globl b___func_rover
                                     13 	.globl ___func_rover
                                     14 ;--------------------------------------------------------
                                     15 ; special function registers
                                     16 ;--------------------------------------------------------
                                     17 ;--------------------------------------------------------
                                     18 ; ram data
                                     19 ;--------------------------------------------------------
                                     20 	.area _DATA
                                     21 ;--------------------------------------------------------
                                     22 ; ram data
                                     23 ;--------------------------------------------------------
                                     24 	.area _INITIALIZED
                                     25 ;--------------------------------------------------------
                                     26 ; absolute external ram data
                                     27 ;--------------------------------------------------------
                                     28 	.area _DABS (ABS)
                                     29 ;--------------------------------------------------------
                                     30 ; global & static initialisations
                                     31 ;--------------------------------------------------------
                                     32 	.area _HOME
                                     33 	.area _GSINIT
                                     34 	.area _GSFINAL
                                     35 	.area _GSINIT
                                     36 ;--------------------------------------------------------
                                     37 ; Home
                                     38 ;--------------------------------------------------------
                                     39 	.area _HOME
                                     40 	.area _HOME
                                     41 ;--------------------------------------------------------
                                     42 ; code
                                     43 ;--------------------------------------------------------
                                     44 	.area _CODE_1
                           000000    45 	G$__func_rover$0$0	= .
                                     46 	.globl	G$__func_rover$0$0
                           000000    47 	C$rover.c$9$0_0$161	= .
                                     48 	.globl	C$rover.c$9$0_0$161
                                     49 ;assets/rover.c:9: BANKREF(rover)
                                     50 ;	---------------------------------
                                     51 ; Function __func_rover
                                     52 ; ---------------------------------
                           000001    53 	b___func_rover	= 1
      000000                         54 ___func_rover::
                                     55 	.local b___func_rover 
                           000001    56 	___bank_rover = b___func_rover 
                                     57 	.globl ___bank_rover 
                                     58 	.area _CODE_1
                           000000    59 G$rover_tiles$0_0$0 == .
      000000                         60 _rover_tiles:
      000000 01                      61 	.db #0x01	; 1
      000001 01                      62 	.db #0x01	; 1
      000002 0F                      63 	.db #0x0f	; 15
      000003 07                      64 	.db #0x07	; 7
      000004 00                      65 	.db #0x00	; 0
      000005 3F                      66 	.db #0x3f	; 63
      000006 00                      67 	.db #0x00	; 0
      000007 7F                      68 	.db #0x7f	; 127
      000008 7F                      69 	.db #0x7f	; 127
      000009 73                      70 	.db #0x73	; 115	's'
      00000A FF                      71 	.db #0xff	; 255
      00000B EF                      72 	.db #0xef	; 239
      00000C FF                      73 	.db #0xff	; 255
      00000D FF                      74 	.db #0xff	; 255
      00000E 00                      75 	.db #0x00	; 0
      00000F FF                      76 	.db #0xff	; 255
      000010 83                      77 	.db #0x83	; 131
      000011 80                      78 	.db #0x80	; 128
      000012 F6                      79 	.db #0xf6	; 246
      000013 E0                      80 	.db #0xe0	; 224
      000014 04                      81 	.db #0x04	; 4
      000015 F8                      82 	.db #0xf8	; 248
      000016 00                      83 	.db #0x00	; 0
      000017 FE                      84 	.db #0xfe	; 254
      000018 FF                      85 	.db #0xff	; 255
      000019 FF                      86 	.db #0xff	; 255
      00001A FF                      87 	.db #0xff	; 255
      00001B FF                      88 	.db #0xff	; 255
      00001C FF                      89 	.db #0xff	; 255
      00001D FF                      90 	.db #0xff	; 255
      00001E 00                      91 	.db #0x00	; 0
      00001F FF                      92 	.db #0xff	; 255
      000020 00                      93 	.db #0x00	; 0
      000021 FF                      94 	.db #0xff	; 255
      000022 E0                      95 	.db #0xe0	; 224
      000023 FF                      96 	.db #0xff	; 255
      000024 60                      97 	.db #0x60	; 96
      000025 1F                      98 	.db #0x1f	; 31
      000026 7F                      99 	.db #0x7f	; 127
      000027 3F                     100 	.db #0x3f	; 63
      000028 7B                     101 	.db #0x7b	; 123
      000029 6E                     102 	.db #0x6e	; 110	'n'
      00002A 7B                     103 	.db #0x7b	; 123
      00002B 44                     104 	.db #0x44	; 68	'D'
      00002C 7B                     105 	.db #0x7b	; 123
      00002D 6E                     106 	.db #0x6e	; 110	'n'
      00002E 3F                     107 	.db #0x3f	; 63
      00002F 3F                     108 	.db #0x3f	; 63
      000030 6C                     109 	.db #0x6c	; 108	'l'
      000031 92                     110 	.db #0x92	; 146
      000032 37                     111 	.db #0x37	; 55	'7'
      000033 C8                     112 	.db #0xc8	; 200
      000034 1B                     113 	.db #0x1b	; 27
      000035 E4                     114 	.db #0xe4	; 228
      000036 FE                     115 	.db #0xfe	; 254
      000037 FE                     116 	.db #0xfe	; 254
      000038 BB                     117 	.db #0xbb	; 187
      000039 EF                     118 	.db #0xef	; 239
      00003A B9                     119 	.db #0xb9	; 185
      00003B 47                     120 	.db #0x47	; 71	'G'
      00003C BB                     121 	.db #0xbb	; 187
      00003D EF                     122 	.db #0xef	; 239
      00003E FE                     123 	.db #0xfe	; 254
      00003F FE                     124 	.db #0xfe	; 254
      000040 00                     125 	.db #0x00	; 0
      000041 FF                     126 	.db #0xff	; 255
      000042 E0                     127 	.db #0xe0	; 224
      000043 FF                     128 	.db #0xff	; 255
      000044 60                     129 	.db #0x60	; 96
      000045 1F                     130 	.db #0x1f	; 31
      000046 7F                     131 	.db #0x7f	; 127
      000047 3F                     132 	.db #0x3f	; 63
      000048 6A                     133 	.db #0x6a	; 106	'j'
      000049 7F                     134 	.db #0x7f	; 127
      00004A 5D                     135 	.db #0x5d	; 93
      00004B 62                     136 	.db #0x62	; 98	'b'
      00004C 6A                     137 	.db #0x6a	; 106	'j'
      00004D 7F                     138 	.db #0x7f	; 127
      00004E 3F                     139 	.db #0x3f	; 63
      00004F 3F                     140 	.db #0x3f	; 63
      000050 6C                     141 	.db #0x6c	; 108	'l'
      000051 93                     142 	.db #0x93	; 147
      000052 37                     143 	.db #0x37	; 55	'7'
      000053 C8                     144 	.db #0xc8	; 200
      000054 1B                     145 	.db #0x1b	; 27
      000055 E4                     146 	.db #0xe4	; 228
      000056 FE                     147 	.db #0xfe	; 254
      000057 FE                     148 	.db #0xfe	; 254
      000058 AB                     149 	.db #0xab	; 171
      000059 FF                     150 	.db #0xff	; 255
      00005A DD                     151 	.db #0xdd	; 221
      00005B 23                     152 	.db #0x23	; 35
      00005C AB                     153 	.db #0xab	; 171
      00005D FF                     154 	.db #0xff	; 255
      00005E FE                     155 	.db #0xfe	; 254
      00005F FE                     156 	.db #0xfe	; 254
      000060 00                     157 	.db #0x00	; 0
      000061 FF                     158 	.db #0xff	; 255
      000062 E0                     159 	.db #0xe0	; 224
      000063 FF                     160 	.db #0xff	; 255
      000064 60                     161 	.db #0x60	; 96
      000065 1F                     162 	.db #0x1f	; 31
      000066 7F                     163 	.db #0x7f	; 127
      000067 3F                     164 	.db #0x3f	; 63
      000068 6E                     165 	.db #0x6e	; 110	'n'
      000069 7B                     166 	.db #0x7b	; 123
      00006A 4E                     167 	.db #0x4e	; 78	'N'
      00006B 71                     168 	.db #0x71	; 113	'q'
      00006C 6E                     169 	.db #0x6e	; 110	'n'
      00006D 7B                     170 	.db #0x7b	; 123
      00006E 3F                     171 	.db #0x3f	; 63
      00006F 3F                     172 	.db #0x3f	; 63
      000070 6C                     173 	.db #0x6c	; 108	'l'
      000071 93                     174 	.db #0x93	; 147
      000072 37                     175 	.db #0x37	; 55	'7'
      000073 C8                     176 	.db #0xc8	; 200
      000074 1B                     177 	.db #0x1b	; 27
      000075 E4                     178 	.db #0xe4	; 228
      000076 FE                     179 	.db #0xfe	; 254
      000077 FE                     180 	.db #0xfe	; 254
      000078 EF                     181 	.db #0xef	; 239
      000079 BB                     182 	.db #0xbb	; 187
      00007A EF                     183 	.db #0xef	; 239
      00007B 11                     184 	.db #0x11	; 17
      00007C EF                     185 	.db #0xef	; 239
      00007D BB                     186 	.db #0xbb	; 187
      00007E FE                     187 	.db #0xfe	; 254
      00007F FE                     188 	.db #0xfe	; 254
      000080 00                     189 	.db #0x00	; 0
      000081 FF                     190 	.db #0xff	; 255
      000082 E0                     191 	.db #0xe0	; 224
      000083 FF                     192 	.db #0xff	; 255
      000084 60                     193 	.db #0x60	; 96
      000085 1F                     194 	.db #0x1f	; 31
      000086 7F                     195 	.db #0x7f	; 127
      000087 3F                     196 	.db #0x3f	; 63
      000088 6A                     197 	.db #0x6a	; 106	'j'
      000089 7F                     198 	.db #0x7f	; 127
      00008A 77                     199 	.db #0x77	; 119	'w'
      00008B 48                     200 	.db #0x48	; 72	'H'
      00008C 6A                     201 	.db #0x6a	; 106	'j'
      00008D 7F                     202 	.db #0x7f	; 127
      00008E 3F                     203 	.db #0x3f	; 63
      00008F 3F                     204 	.db #0x3f	; 63
      000090 6C                     205 	.db #0x6c	; 108	'l'
      000091 93                     206 	.db #0x93	; 147
      000092 37                     207 	.db #0x37	; 55	'7'
      000093 C8                     208 	.db #0xc8	; 200
      000094 1B                     209 	.db #0x1b	; 27
      000095 E4                     210 	.db #0xe4	; 228
      000096 FE                     211 	.db #0xfe	; 254
      000097 FE                     212 	.db #0xfe	; 254
      000098 AB                     213 	.db #0xab	; 171
      000099 FF                     214 	.db #0xff	; 255
      00009A 77                     215 	.db #0x77	; 119	'w'
      00009B 89                     216 	.db #0x89	; 137
      00009C AB                     217 	.db #0xab	; 171
      00009D FF                     218 	.db #0xff	; 255
      00009E FE                     219 	.db #0xfe	; 254
      00009F FE                     220 	.db #0xfe	; 254
      0000A0 00                     221 	.db #0x00	; 0
      0000A1 00                     222 	.db #0x00	; 0
      0000A2 00                     223 	.db #0x00	; 0
      0000A3 00                     224 	.db #0x00	; 0
      0000A4 00                     225 	.db #0x00	; 0
      0000A5 00                     226 	.db #0x00	; 0
      0000A6 01                     227 	.db #0x01	; 1
      0000A7 00                     228 	.db #0x00	; 0
      0000A8 02                     229 	.db #0x02	; 2
      0000A9 01                     230 	.db #0x01	; 1
      0000AA 05                     231 	.db #0x05	; 5
      0000AB 02                     232 	.db #0x02	; 2
      0000AC 0A                     233 	.db #0x0a	; 10
      0000AD 05                     234 	.db #0x05	; 5
      0000AE 15                     235 	.db #0x15	; 21
      0000AF 0A                     236 	.db #0x0a	; 10
      0000B0 3F                     237 	.db #0x3f	; 63
      0000B1 15                     238 	.db #0x15	; 21
      0000B2 0A                     239 	.db #0x0a	; 10
      0000B3 1F                     240 	.db #0x1f	; 31
      0000B4 05                     241 	.db #0x05	; 5
      0000B5 0F                     242 	.db #0x0f	; 15
      0000B6 02                     243 	.db #0x02	; 2
      0000B7 07                     244 	.db #0x07	; 7
      0000B8 01                     245 	.db #0x01	; 1
      0000B9 03                     246 	.db #0x03	; 3
      0000BA 00                     247 	.db #0x00	; 0
      0000BB 01                     248 	.db #0x01	; 1
      0000BC 00                     249 	.db #0x00	; 0
      0000BD 00                     250 	.db #0x00	; 0
      0000BE 00                     251 	.db #0x00	; 0
      0000BF 00                     252 	.db #0x00	; 0
      0000C0 00                     253 	.db #0x00	; 0
      0000C1 00                     254 	.db #0x00	; 0
      0000C2 00                     255 	.db #0x00	; 0
      0000C3 00                     256 	.db #0x00	; 0
      0000C4 00                     257 	.db #0x00	; 0
      0000C5 00                     258 	.db #0x00	; 0
      0000C6 00                     259 	.db #0x00	; 0
      0000C7 01                     260 	.db #0x01	; 1
      0000C8 01                     261 	.db #0x01	; 1
      0000C9 02                     262 	.db #0x02	; 2
      0000CA 02                     263 	.db #0x02	; 2
      0000CB 05                     264 	.db #0x05	; 5
      0000CC 05                     265 	.db #0x05	; 5
      0000CD 0A                     266 	.db #0x0a	; 10
      0000CE 0A                     267 	.db #0x0a	; 10
      0000CF 15                     268 	.db #0x15	; 21
      0000D0 3F                     269 	.db #0x3f	; 63
      0000D1 2A                     270 	.db #0x2a	; 42
      0000D2 15                     271 	.db #0x15	; 21
      0000D3 1F                     272 	.db #0x1f	; 31
      0000D4 0A                     273 	.db #0x0a	; 10
      0000D5 0F                     274 	.db #0x0f	; 15
      0000D6 05                     275 	.db #0x05	; 5
      0000D7 07                     276 	.db #0x07	; 7
      0000D8 02                     277 	.db #0x02	; 2
      0000D9 03                     278 	.db #0x03	; 3
      0000DA 01                     279 	.db #0x01	; 1
      0000DB 01                     280 	.db #0x01	; 1
      0000DC 00                     281 	.db #0x00	; 0
      0000DD 00                     282 	.db #0x00	; 0
      0000DE 00                     283 	.db #0x00	; 0
      0000DF 00                     284 	.db #0x00	; 0
      0000E0 2B                     285 	.db #0x2b	; 43
      0000E1 15                     286 	.db #0x15	; 21
      0000E2 15                     287 	.db #0x15	; 21
      0000E3 0A                     288 	.db #0x0a	; 10
      0000E4 0B                     289 	.db #0x0b	; 11
      0000E5 05                     290 	.db #0x05	; 5
      0000E6 05                     291 	.db #0x05	; 5
      0000E7 02                     292 	.db #0x02	; 2
      0000E8 03                     293 	.db #0x03	; 3
      0000E9 01                     294 	.db #0x01	; 1
      0000EA 01                     295 	.db #0x01	; 1
      0000EB 00                     296 	.db #0x00	; 0
      0000EC 00                     297 	.db #0x00	; 0
      0000ED 00                     298 	.db #0x00	; 0
      0000EE 00                     299 	.db #0x00	; 0
      0000EF 00                     300 	.db #0x00	; 0
      0000F0 D4                     301 	.db #0xd4	; 212
      0000F1 7C                     302 	.db #0x7c	; 124
      0000F2 A8                     303 	.db #0xa8	; 168
      0000F3 F8                     304 	.db #0xf8	; 248
      0000F4 D0                     305 	.db #0xd0	; 208
      0000F5 70                     306 	.db #0x70	; 112	'p'
      0000F6 A0                     307 	.db #0xa0	; 160
      0000F7 E0                     308 	.db #0xe0	; 224
      0000F8 C0                     309 	.db #0xc0	; 192
      0000F9 40                     310 	.db #0x40	; 64
      0000FA 80                     311 	.db #0x80	; 128
      0000FB 80                     312 	.db #0x80	; 128
      0000FC 00                     313 	.db #0x00	; 0
      0000FD 00                     314 	.db #0x00	; 0
      0000FE 00                     315 	.db #0x00	; 0
      0000FF 00                     316 	.db #0x00	; 0
      000100 00                     317 	.db #0x00	; 0
      000101 00                     318 	.db #0x00	; 0
      000102 00                     319 	.db #0x00	; 0
      000103 00                     320 	.db #0x00	; 0
      000104 00                     321 	.db #0x00	; 0
      000105 00                     322 	.db #0x00	; 0
      000106 00                     323 	.db #0x00	; 0
      000107 00                     324 	.db #0x00	; 0
      000108 00                     325 	.db #0x00	; 0
      000109 01                     326 	.db #0x01	; 1
      00010A 7F                     327 	.db #0x7f	; 127
      00010B FF                     328 	.db #0xff	; 255
      00010C 00                     329 	.db #0x00	; 0
      00010D 01                     330 	.db #0x01	; 1
      00010E 00                     331 	.db #0x00	; 0
      00010F 01                     332 	.db #0x01	; 1
      000110 00                     333 	.db #0x00	; 0
      000111 00                     334 	.db #0x00	; 0
      000112 00                     335 	.db #0x00	; 0
      000113 00                     336 	.db #0x00	; 0
      000114 00                     337 	.db #0x00	; 0
      000115 00                     338 	.db #0x00	; 0
      000116 00                     339 	.db #0x00	; 0
      000117 00                     340 	.db #0x00	; 0
      000118 00                     341 	.db #0x00	; 0
      000119 80                     342 	.db #0x80	; 128
      00011A FE                     343 	.db #0xfe	; 254
      00011B FF                     344 	.db #0xff	; 255
      00011C 00                     345 	.db #0x00	; 0
      00011D 80                     346 	.db #0x80	; 128
      00011E 00                     347 	.db #0x00	; 0
      00011F 80                     348 	.db #0x80	; 128
      000120 00                     349 	.db #0x00	; 0
      000121 00                     350 	.db #0x00	; 0
      000122 00                     351 	.db #0x00	; 0
      000123 00                     352 	.db #0x00	; 0
      000124 00                     353 	.db #0x00	; 0
      000125 00                     354 	.db #0x00	; 0
      000126 00                     355 	.db #0x00	; 0
      000127 00                     356 	.db #0x00	; 0
      000128 00                     357 	.db #0x00	; 0
      000129 01                     358 	.db #0x01	; 1
      00012A 9F                     359 	.db #0x9f	; 159
      00012B 7F                     360 	.db #0x7f	; 127
      00012C 00                     361 	.db #0x00	; 0
      00012D 01                     362 	.db #0x01	; 1
      00012E 00                     363 	.db #0x00	; 0
      00012F 01                     364 	.db #0x01	; 1
      000130 00                     365 	.db #0x00	; 0
      000131 00                     366 	.db #0x00	; 0
      000132 00                     367 	.db #0x00	; 0
      000133 00                     368 	.db #0x00	; 0
      000134 00                     369 	.db #0x00	; 0
      000135 00                     370 	.db #0x00	; 0
      000136 00                     371 	.db #0x00	; 0
      000137 00                     372 	.db #0x00	; 0
      000138 00                     373 	.db #0x00	; 0
      000139 80                     374 	.db #0x80	; 128
      00013A F9                     375 	.db #0xf9	; 249
      00013B FE                     376 	.db #0xfe	; 254
      00013C 00                     377 	.db #0x00	; 0
      00013D 80                     378 	.db #0x80	; 128
      00013E 00                     379 	.db #0x00	; 0
      00013F 80                     380 	.db #0x80	; 128
      000140 00                     381 	.db #0x00	; 0
      000141 00                     382 	.db #0x00	; 0
      000142 00                     383 	.db #0x00	; 0
      000143 00                     384 	.db #0x00	; 0
      000144 00                     385 	.db #0x00	; 0
      000145 00                     386 	.db #0x00	; 0
      000146 00                     387 	.db #0x00	; 0
      000147 00                     388 	.db #0x00	; 0
      000148 00                     389 	.db #0x00	; 0
      000149 01                     390 	.db #0x01	; 1
      00014A 27                     391 	.db #0x27	; 39
      00014B 1F                     392 	.db #0x1f	; 31
      00014C 00                     393 	.db #0x00	; 0
      00014D 01                     394 	.db #0x01	; 1
      00014E 00                     395 	.db #0x00	; 0
      00014F 01                     396 	.db #0x01	; 1
      000150 00                     397 	.db #0x00	; 0
      000151 00                     398 	.db #0x00	; 0
      000152 00                     399 	.db #0x00	; 0
      000153 00                     400 	.db #0x00	; 0
      000154 00                     401 	.db #0x00	; 0
      000155 00                     402 	.db #0x00	; 0
      000156 00                     403 	.db #0x00	; 0
      000157 00                     404 	.db #0x00	; 0
      000158 00                     405 	.db #0x00	; 0
      000159 80                     406 	.db #0x80	; 128
      00015A E4                     407 	.db #0xe4	; 228
      00015B F8                     408 	.db #0xf8	; 248
      00015C 00                     409 	.db #0x00	; 0
      00015D 80                     410 	.db #0x80	; 128
      00015E 00                     411 	.db #0x00	; 0
      00015F 80                     412 	.db #0x80	; 128
      000160 00                     413 	.db #0x00	; 0
      000161 00                     414 	.db #0x00	; 0
      000162 00                     415 	.db #0x00	; 0
      000163 00                     416 	.db #0x00	; 0
      000164 00                     417 	.db #0x00	; 0
      000165 00                     418 	.db #0x00	; 0
      000166 00                     419 	.db #0x00	; 0
      000167 00                     420 	.db #0x00	; 0
      000168 00                     421 	.db #0x00	; 0
      000169 01                     422 	.db #0x01	; 1
      00016A 09                     423 	.db #0x09	; 9
      00016B 07                     424 	.db #0x07	; 7
      00016C 00                     425 	.db #0x00	; 0
      00016D 01                     426 	.db #0x01	; 1
      00016E 00                     427 	.db #0x00	; 0
      00016F 01                     428 	.db #0x01	; 1
      000170 00                     429 	.db #0x00	; 0
      000171 00                     430 	.db #0x00	; 0
      000172 00                     431 	.db #0x00	; 0
      000173 00                     432 	.db #0x00	; 0
      000174 00                     433 	.db #0x00	; 0
      000175 00                     434 	.db #0x00	; 0
      000176 00                     435 	.db #0x00	; 0
      000177 00                     436 	.db #0x00	; 0
      000178 00                     437 	.db #0x00	; 0
      000179 80                     438 	.db #0x80	; 128
      00017A 90                     439 	.db #0x90	; 144
      00017B E0                     440 	.db #0xe0	; 224
      00017C 00                     441 	.db #0x00	; 0
      00017D 80                     442 	.db #0x80	; 128
      00017E 00                     443 	.db #0x00	; 0
      00017F 80                     444 	.db #0x80	; 128
      000180 00                     445 	.db #0x00	; 0
      000181 00                     446 	.db #0x00	; 0
      000182 00                     447 	.db #0x00	; 0
      000183 00                     448 	.db #0x00	; 0
      000184 00                     449 	.db #0x00	; 0
      000185 00                     450 	.db #0x00	; 0
      000186 00                     451 	.db #0x00	; 0
      000187 00                     452 	.db #0x00	; 0
      000188 00                     453 	.db #0x00	; 0
      000189 01                     454 	.db #0x01	; 1
      00018A 03                     455 	.db #0x03	; 3
      00018B 01                     456 	.db #0x01	; 1
      00018C 00                     457 	.db #0x00	; 0
      00018D 01                     458 	.db #0x01	; 1
      00018E 00                     459 	.db #0x00	; 0
      00018F 01                     460 	.db #0x01	; 1
      000190 00                     461 	.db #0x00	; 0
      000191 00                     462 	.db #0x00	; 0
      000192 00                     463 	.db #0x00	; 0
      000193 00                     464 	.db #0x00	; 0
      000194 00                     465 	.db #0x00	; 0
      000195 00                     466 	.db #0x00	; 0
      000196 00                     467 	.db #0x00	; 0
      000197 00                     468 	.db #0x00	; 0
      000198 00                     469 	.db #0x00	; 0
      000199 80                     470 	.db #0x80	; 128
      00019A C0                     471 	.db #0xc0	; 192
      00019B 80                     472 	.db #0x80	; 128
      00019C 00                     473 	.db #0x00	; 0
      00019D 80                     474 	.db #0x80	; 128
      00019E 00                     475 	.db #0x00	; 0
      00019F 80                     476 	.db #0x80	; 128
                                    477 	.area _INITIALIZER
                                    478 	.area _CABS (ABS)
