                                      1 ;--------------------------------------------------------
                                      2 ; File Created by SDCC : free open source ISO C Compiler 
                                      3 ; Version 4.3.2 #14228 (Mac OS X x86_64)
                                      4 ;--------------------------------------------------------
                                      5 	.module shopframe
                                      6 	.optsdcc -msm83
                                      7 	
                                      8 ;--------------------------------------------------------
                                      9 ; Public variables in this module
                                     10 ;--------------------------------------------------------
                                     11 	.globl _shopframe_map
                                     12 	.globl _shopframe_tiles
                                     13 	.globl _shopframe_palettes
                                     14 	.globl b___func_shopframe
                                     15 	.globl ___func_shopframe
                                     16 ;--------------------------------------------------------
                                     17 ; special function registers
                                     18 ;--------------------------------------------------------
                                     19 ;--------------------------------------------------------
                                     20 ; ram data
                                     21 ;--------------------------------------------------------
                                     22 	.area _DATA
                                     23 ;--------------------------------------------------------
                                     24 ; ram data
                                     25 ;--------------------------------------------------------
                                     26 	.area _INITIALIZED
                                     27 ;--------------------------------------------------------
                                     28 ; absolute external ram data
                                     29 ;--------------------------------------------------------
                                     30 	.area _DABS (ABS)
                                     31 ;--------------------------------------------------------
                                     32 ; global & static initialisations
                                     33 ;--------------------------------------------------------
                                     34 	.area _HOME
                                     35 	.area _GSINIT
                                     36 	.area _GSFINAL
                                     37 	.area _GSINIT
                                     38 ;--------------------------------------------------------
                                     39 ; Home
                                     40 ;--------------------------------------------------------
                                     41 	.area _HOME
                                     42 	.area _HOME
                                     43 ;--------------------------------------------------------
                                     44 ; code
                                     45 ;--------------------------------------------------------
                                     46 	.area _CODE_2
                           000000    47 	G$__func_shopframe$0$0	= .
                                     48 	.globl	G$__func_shopframe$0$0
                           000000    49 	C$shopframe.c$9$0_0$161	= .
                                     50 	.globl	C$shopframe.c$9$0_0$161
                                     51 ;assets/shopframe.c:9: BANKREF(shopframe)
                                     52 ;	---------------------------------
                                     53 ; Function __func_shopframe
                                     54 ; ---------------------------------
                           000002    55 	b___func_shopframe	= 2
      000000                         56 ___func_shopframe::
                                     57 	.local b___func_shopframe 
                           000002    58 	___bank_shopframe = b___func_shopframe 
                                     59 	.globl ___bank_shopframe 
                                     60 	.area _CODE_2
                           000000    61 G$shopframe_palettes$0_0$0 == .
      000000                         62 _shopframe_palettes:
      000000 B1 16                   63 	.dw #0x16b1
      000002 04 19                   64 	.dw #0x1904
      000004 00 00                   65 	.dw #0x0000
      000006 00 00                   66 	.dw #0x0000
                           000008    67 G$shopframe_tiles$0_0$0 == .
      000008                         68 _shopframe_tiles:
      000008 00                      69 	.db #0x00	; 0
      000009 00                      70 	.db #0x00	; 0
      00000A 00                      71 	.db #0x00	; 0
      00000B 00                      72 	.db #0x00	; 0
      00000C 00                      73 	.db #0x00	; 0
      00000D 00                      74 	.db #0x00	; 0
      00000E 00                      75 	.db #0x00	; 0
      00000F 00                      76 	.db #0x00	; 0
      000010 00                      77 	.db #0x00	; 0
      000011 00                      78 	.db #0x00	; 0
      000012 00                      79 	.db #0x00	; 0
      000013 00                      80 	.db #0x00	; 0
      000014 00                      81 	.db #0x00	; 0
      000015 00                      82 	.db #0x00	; 0
      000016 00                      83 	.db #0x00	; 0
      000017 00                      84 	.db #0x00	; 0
      000018 FF                      85 	.db #0xff	; 255
      000019 00                      86 	.db #0x00	; 0
      00001A 80                      87 	.db #0x80	; 128
      00001B 00                      88 	.db #0x00	; 0
      00001C 80                      89 	.db #0x80	; 128
      00001D 00                      90 	.db #0x00	; 0
      00001E 80                      91 	.db #0x80	; 128
      00001F 00                      92 	.db #0x00	; 0
      000020 80                      93 	.db #0x80	; 128
      000021 00                      94 	.db #0x00	; 0
      000022 80                      95 	.db #0x80	; 128
      000023 00                      96 	.db #0x00	; 0
      000024 80                      97 	.db #0x80	; 128
      000025 00                      98 	.db #0x00	; 0
      000026 80                      99 	.db #0x80	; 128
      000027 00                     100 	.db #0x00	; 0
      000028 FF                     101 	.db #0xff	; 255
      000029 00                     102 	.db #0x00	; 0
      00002A 00                     103 	.db #0x00	; 0
      00002B 00                     104 	.db #0x00	; 0
      00002C 00                     105 	.db #0x00	; 0
      00002D 00                     106 	.db #0x00	; 0
      00002E 00                     107 	.db #0x00	; 0
      00002F 00                     108 	.db #0x00	; 0
      000030 00                     109 	.db #0x00	; 0
      000031 00                     110 	.db #0x00	; 0
      000032 00                     111 	.db #0x00	; 0
      000033 00                     112 	.db #0x00	; 0
      000034 00                     113 	.db #0x00	; 0
      000035 00                     114 	.db #0x00	; 0
      000036 00                     115 	.db #0x00	; 0
      000037 00                     116 	.db #0x00	; 0
      000038 FF                     117 	.db #0xff	; 255
      000039 00                     118 	.db #0x00	; 0
      00003A 01                     119 	.db #0x01	; 1
      00003B 00                     120 	.db #0x00	; 0
      00003C 01                     121 	.db #0x01	; 1
      00003D 00                     122 	.db #0x00	; 0
      00003E 01                     123 	.db #0x01	; 1
      00003F 00                     124 	.db #0x00	; 0
      000040 01                     125 	.db #0x01	; 1
      000041 00                     126 	.db #0x00	; 0
      000042 01                     127 	.db #0x01	; 1
      000043 00                     128 	.db #0x00	; 0
      000044 01                     129 	.db #0x01	; 1
      000045 00                     130 	.db #0x00	; 0
      000046 01                     131 	.db #0x01	; 1
      000047 00                     132 	.db #0x00	; 0
      000048 80                     133 	.db #0x80	; 128
      000049 00                     134 	.db #0x00	; 0
      00004A 80                     135 	.db #0x80	; 128
      00004B 00                     136 	.db #0x00	; 0
      00004C 80                     137 	.db #0x80	; 128
      00004D 00                     138 	.db #0x00	; 0
      00004E 80                     139 	.db #0x80	; 128
      00004F 00                     140 	.db #0x00	; 0
      000050 80                     141 	.db #0x80	; 128
      000051 00                     142 	.db #0x00	; 0
      000052 80                     143 	.db #0x80	; 128
      000053 00                     144 	.db #0x00	; 0
      000054 80                     145 	.db #0x80	; 128
      000055 00                     146 	.db #0x00	; 0
      000056 80                     147 	.db #0x80	; 128
      000057 00                     148 	.db #0x00	; 0
      000058 01                     149 	.db #0x01	; 1
      000059 00                     150 	.db #0x00	; 0
      00005A 01                     151 	.db #0x01	; 1
      00005B 00                     152 	.db #0x00	; 0
      00005C 01                     153 	.db #0x01	; 1
      00005D 00                     154 	.db #0x00	; 0
      00005E 01                     155 	.db #0x01	; 1
      00005F 00                     156 	.db #0x00	; 0
      000060 01                     157 	.db #0x01	; 1
      000061 00                     158 	.db #0x00	; 0
      000062 01                     159 	.db #0x01	; 1
      000063 00                     160 	.db #0x00	; 0
      000064 01                     161 	.db #0x01	; 1
      000065 00                     162 	.db #0x00	; 0
      000066 01                     163 	.db #0x01	; 1
      000067 00                     164 	.db #0x00	; 0
      000068 80                     165 	.db #0x80	; 128
      000069 00                     166 	.db #0x00	; 0
      00006A 80                     167 	.db #0x80	; 128
      00006B 00                     168 	.db #0x00	; 0
      00006C 80                     169 	.db #0x80	; 128
      00006D 00                     170 	.db #0x00	; 0
      00006E 80                     171 	.db #0x80	; 128
      00006F 00                     172 	.db #0x00	; 0
      000070 80                     173 	.db #0x80	; 128
      000071 00                     174 	.db #0x00	; 0
      000072 80                     175 	.db #0x80	; 128
      000073 00                     176 	.db #0x00	; 0
      000074 80                     177 	.db #0x80	; 128
      000075 00                     178 	.db #0x00	; 0
      000076 FF                     179 	.db #0xff	; 255
      000077 00                     180 	.db #0x00	; 0
      000078 00                     181 	.db #0x00	; 0
      000079 00                     182 	.db #0x00	; 0
      00007A 00                     183 	.db #0x00	; 0
      00007B 00                     184 	.db #0x00	; 0
      00007C 00                     185 	.db #0x00	; 0
      00007D 00                     186 	.db #0x00	; 0
      00007E 00                     187 	.db #0x00	; 0
      00007F 00                     188 	.db #0x00	; 0
      000080 00                     189 	.db #0x00	; 0
      000081 00                     190 	.db #0x00	; 0
      000082 00                     191 	.db #0x00	; 0
      000083 00                     192 	.db #0x00	; 0
      000084 00                     193 	.db #0x00	; 0
      000085 00                     194 	.db #0x00	; 0
      000086 FF                     195 	.db #0xff	; 255
      000087 00                     196 	.db #0x00	; 0
      000088 01                     197 	.db #0x01	; 1
      000089 00                     198 	.db #0x00	; 0
      00008A 01                     199 	.db #0x01	; 1
      00008B 00                     200 	.db #0x00	; 0
      00008C 01                     201 	.db #0x01	; 1
      00008D 00                     202 	.db #0x00	; 0
      00008E 01                     203 	.db #0x01	; 1
      00008F 00                     204 	.db #0x00	; 0
      000090 01                     205 	.db #0x01	; 1
      000091 00                     206 	.db #0x00	; 0
      000092 01                     207 	.db #0x01	; 1
      000093 00                     208 	.db #0x00	; 0
      000094 01                     209 	.db #0x01	; 1
      000095 00                     210 	.db #0x00	; 0
      000096 FF                     211 	.db #0xff	; 255
      000097 00                     212 	.db #0x00	; 0
                           000098   213 G$shopframe_map$0_0$0 == .
      000098                        214 _shopframe_map:
      000098 97                     215 	.db #0x97	; 151
      000099 97                     216 	.db #0x97	; 151
      00009A 97                     217 	.db #0x97	; 151
      00009B 97                     218 	.db #0x97	; 151
      00009C 97                     219 	.db #0x97	; 151
      00009D 97                     220 	.db #0x97	; 151
      00009E 97                     221 	.db #0x97	; 151
      00009F 97                     222 	.db #0x97	; 151
      0000A0 97                     223 	.db #0x97	; 151
      0000A1 97                     224 	.db #0x97	; 151
      0000A2 97                     225 	.db #0x97	; 151
      0000A3 97                     226 	.db #0x97	; 151
      0000A4 97                     227 	.db #0x97	; 151
      0000A5 97                     228 	.db #0x97	; 151
      0000A6 97                     229 	.db #0x97	; 151
      0000A7 97                     230 	.db #0x97	; 151
      0000A8 97                     231 	.db #0x97	; 151
      0000A9 97                     232 	.db #0x97	; 151
      0000AA 97                     233 	.db #0x97	; 151
      0000AB 97                     234 	.db #0x97	; 151
      0000AC 97                     235 	.db #0x97	; 151
      0000AD 97                     236 	.db #0x97	; 151
      0000AE 98                     237 	.db #0x98	; 152
      0000AF 99                     238 	.db #0x99	; 153
      0000B0 99                     239 	.db #0x99	; 153
      0000B1 99                     240 	.db #0x99	; 153
      0000B2 99                     241 	.db #0x99	; 153
      0000B3 99                     242 	.db #0x99	; 153
      0000B4 99                     243 	.db #0x99	; 153
      0000B5 99                     244 	.db #0x99	; 153
      0000B6 99                     245 	.db #0x99	; 153
      0000B7 99                     246 	.db #0x99	; 153
      0000B8 99                     247 	.db #0x99	; 153
      0000B9 99                     248 	.db #0x99	; 153
      0000BA 99                     249 	.db #0x99	; 153
      0000BB 99                     250 	.db #0x99	; 153
      0000BC 99                     251 	.db #0x99	; 153
      0000BD 9A                     252 	.db #0x9a	; 154
      0000BE 97                     253 	.db #0x97	; 151
      0000BF 97                     254 	.db #0x97	; 151
      0000C0 97                     255 	.db #0x97	; 151
      0000C1 97                     256 	.db #0x97	; 151
      0000C2 9B                     257 	.db #0x9b	; 155
      0000C3 97                     258 	.db #0x97	; 151
      0000C4 97                     259 	.db #0x97	; 151
      0000C5 97                     260 	.db #0x97	; 151
      0000C6 97                     261 	.db #0x97	; 151
      0000C7 97                     262 	.db #0x97	; 151
      0000C8 97                     263 	.db #0x97	; 151
      0000C9 97                     264 	.db #0x97	; 151
      0000CA 97                     265 	.db #0x97	; 151
      0000CB 97                     266 	.db #0x97	; 151
      0000CC 97                     267 	.db #0x97	; 151
      0000CD 97                     268 	.db #0x97	; 151
      0000CE 97                     269 	.db #0x97	; 151
      0000CF 97                     270 	.db #0x97	; 151
      0000D0 97                     271 	.db #0x97	; 151
      0000D1 9C                     272 	.db #0x9c	; 156
      0000D2 97                     273 	.db #0x97	; 151
      0000D3 97                     274 	.db #0x97	; 151
      0000D4 97                     275 	.db #0x97	; 151
      0000D5 97                     276 	.db #0x97	; 151
      0000D6 9B                     277 	.db #0x9b	; 155
      0000D7 97                     278 	.db #0x97	; 151
      0000D8 97                     279 	.db #0x97	; 151
      0000D9 97                     280 	.db #0x97	; 151
      0000DA 97                     281 	.db #0x97	; 151
      0000DB 97                     282 	.db #0x97	; 151
      0000DC 97                     283 	.db #0x97	; 151
      0000DD 97                     284 	.db #0x97	; 151
      0000DE 97                     285 	.db #0x97	; 151
      0000DF 97                     286 	.db #0x97	; 151
      0000E0 97                     287 	.db #0x97	; 151
      0000E1 97                     288 	.db #0x97	; 151
      0000E2 97                     289 	.db #0x97	; 151
      0000E3 97                     290 	.db #0x97	; 151
      0000E4 97                     291 	.db #0x97	; 151
      0000E5 9C                     292 	.db #0x9c	; 156
      0000E6 97                     293 	.db #0x97	; 151
      0000E7 97                     294 	.db #0x97	; 151
      0000E8 97                     295 	.db #0x97	; 151
      0000E9 97                     296 	.db #0x97	; 151
      0000EA 9B                     297 	.db #0x9b	; 155
      0000EB 97                     298 	.db #0x97	; 151
      0000EC 97                     299 	.db #0x97	; 151
      0000ED 97                     300 	.db #0x97	; 151
      0000EE 97                     301 	.db #0x97	; 151
      0000EF 97                     302 	.db #0x97	; 151
      0000F0 97                     303 	.db #0x97	; 151
      0000F1 97                     304 	.db #0x97	; 151
      0000F2 97                     305 	.db #0x97	; 151
      0000F3 97                     306 	.db #0x97	; 151
      0000F4 97                     307 	.db #0x97	; 151
      0000F5 97                     308 	.db #0x97	; 151
      0000F6 97                     309 	.db #0x97	; 151
      0000F7 97                     310 	.db #0x97	; 151
      0000F8 97                     311 	.db #0x97	; 151
      0000F9 9C                     312 	.db #0x9c	; 156
      0000FA 97                     313 	.db #0x97	; 151
      0000FB 97                     314 	.db #0x97	; 151
      0000FC 97                     315 	.db #0x97	; 151
      0000FD 97                     316 	.db #0x97	; 151
      0000FE 9B                     317 	.db #0x9b	; 155
      0000FF 97                     318 	.db #0x97	; 151
      000100 97                     319 	.db #0x97	; 151
      000101 97                     320 	.db #0x97	; 151
      000102 97                     321 	.db #0x97	; 151
      000103 97                     322 	.db #0x97	; 151
      000104 97                     323 	.db #0x97	; 151
      000105 97                     324 	.db #0x97	; 151
      000106 97                     325 	.db #0x97	; 151
      000107 97                     326 	.db #0x97	; 151
      000108 97                     327 	.db #0x97	; 151
      000109 97                     328 	.db #0x97	; 151
      00010A 97                     329 	.db #0x97	; 151
      00010B 97                     330 	.db #0x97	; 151
      00010C 97                     331 	.db #0x97	; 151
      00010D 9C                     332 	.db #0x9c	; 156
      00010E 97                     333 	.db #0x97	; 151
      00010F 97                     334 	.db #0x97	; 151
      000110 97                     335 	.db #0x97	; 151
      000111 97                     336 	.db #0x97	; 151
      000112 9B                     337 	.db #0x9b	; 155
      000113 97                     338 	.db #0x97	; 151
      000114 97                     339 	.db #0x97	; 151
      000115 97                     340 	.db #0x97	; 151
      000116 97                     341 	.db #0x97	; 151
      000117 97                     342 	.db #0x97	; 151
      000118 97                     343 	.db #0x97	; 151
      000119 97                     344 	.db #0x97	; 151
      00011A 97                     345 	.db #0x97	; 151
      00011B 97                     346 	.db #0x97	; 151
      00011C 97                     347 	.db #0x97	; 151
      00011D 97                     348 	.db #0x97	; 151
      00011E 97                     349 	.db #0x97	; 151
      00011F 97                     350 	.db #0x97	; 151
      000120 97                     351 	.db #0x97	; 151
      000121 9C                     352 	.db #0x9c	; 156
      000122 97                     353 	.db #0x97	; 151
      000123 97                     354 	.db #0x97	; 151
      000124 97                     355 	.db #0x97	; 151
      000125 97                     356 	.db #0x97	; 151
      000126 9B                     357 	.db #0x9b	; 155
      000127 97                     358 	.db #0x97	; 151
      000128 97                     359 	.db #0x97	; 151
      000129 97                     360 	.db #0x97	; 151
      00012A 97                     361 	.db #0x97	; 151
      00012B 97                     362 	.db #0x97	; 151
      00012C 97                     363 	.db #0x97	; 151
      00012D 97                     364 	.db #0x97	; 151
      00012E 97                     365 	.db #0x97	; 151
      00012F 97                     366 	.db #0x97	; 151
      000130 97                     367 	.db #0x97	; 151
      000131 97                     368 	.db #0x97	; 151
      000132 97                     369 	.db #0x97	; 151
      000133 97                     370 	.db #0x97	; 151
      000134 97                     371 	.db #0x97	; 151
      000135 9C                     372 	.db #0x9c	; 156
      000136 97                     373 	.db #0x97	; 151
      000137 97                     374 	.db #0x97	; 151
      000138 97                     375 	.db #0x97	; 151
      000139 97                     376 	.db #0x97	; 151
      00013A 9B                     377 	.db #0x9b	; 155
      00013B 97                     378 	.db #0x97	; 151
      00013C 97                     379 	.db #0x97	; 151
      00013D 97                     380 	.db #0x97	; 151
      00013E 97                     381 	.db #0x97	; 151
      00013F 97                     382 	.db #0x97	; 151
      000140 97                     383 	.db #0x97	; 151
      000141 97                     384 	.db #0x97	; 151
      000142 97                     385 	.db #0x97	; 151
      000143 97                     386 	.db #0x97	; 151
      000144 97                     387 	.db #0x97	; 151
      000145 97                     388 	.db #0x97	; 151
      000146 97                     389 	.db #0x97	; 151
      000147 97                     390 	.db #0x97	; 151
      000148 97                     391 	.db #0x97	; 151
      000149 9C                     392 	.db #0x9c	; 156
      00014A 97                     393 	.db #0x97	; 151
      00014B 97                     394 	.db #0x97	; 151
      00014C 97                     395 	.db #0x97	; 151
      00014D 97                     396 	.db #0x97	; 151
      00014E 9B                     397 	.db #0x9b	; 155
      00014F 97                     398 	.db #0x97	; 151
      000150 97                     399 	.db #0x97	; 151
      000151 97                     400 	.db #0x97	; 151
      000152 97                     401 	.db #0x97	; 151
      000153 97                     402 	.db #0x97	; 151
      000154 97                     403 	.db #0x97	; 151
      000155 97                     404 	.db #0x97	; 151
      000156 97                     405 	.db #0x97	; 151
      000157 97                     406 	.db #0x97	; 151
      000158 97                     407 	.db #0x97	; 151
      000159 97                     408 	.db #0x97	; 151
      00015A 97                     409 	.db #0x97	; 151
      00015B 97                     410 	.db #0x97	; 151
      00015C 97                     411 	.db #0x97	; 151
      00015D 9C                     412 	.db #0x9c	; 156
      00015E 97                     413 	.db #0x97	; 151
      00015F 97                     414 	.db #0x97	; 151
      000160 97                     415 	.db #0x97	; 151
      000161 97                     416 	.db #0x97	; 151
      000162 9B                     417 	.db #0x9b	; 155
      000163 97                     418 	.db #0x97	; 151
      000164 97                     419 	.db #0x97	; 151
      000165 97                     420 	.db #0x97	; 151
      000166 97                     421 	.db #0x97	; 151
      000167 97                     422 	.db #0x97	; 151
      000168 97                     423 	.db #0x97	; 151
      000169 97                     424 	.db #0x97	; 151
      00016A 97                     425 	.db #0x97	; 151
      00016B 97                     426 	.db #0x97	; 151
      00016C 97                     427 	.db #0x97	; 151
      00016D 97                     428 	.db #0x97	; 151
      00016E 97                     429 	.db #0x97	; 151
      00016F 97                     430 	.db #0x97	; 151
      000170 97                     431 	.db #0x97	; 151
      000171 9C                     432 	.db #0x9c	; 156
      000172 97                     433 	.db #0x97	; 151
      000173 97                     434 	.db #0x97	; 151
      000174 97                     435 	.db #0x97	; 151
      000175 97                     436 	.db #0x97	; 151
      000176 9B                     437 	.db #0x9b	; 155
      000177 97                     438 	.db #0x97	; 151
      000178 97                     439 	.db #0x97	; 151
      000179 97                     440 	.db #0x97	; 151
      00017A 97                     441 	.db #0x97	; 151
      00017B 97                     442 	.db #0x97	; 151
      00017C 97                     443 	.db #0x97	; 151
      00017D 97                     444 	.db #0x97	; 151
      00017E 97                     445 	.db #0x97	; 151
      00017F 97                     446 	.db #0x97	; 151
      000180 97                     447 	.db #0x97	; 151
      000181 97                     448 	.db #0x97	; 151
      000182 97                     449 	.db #0x97	; 151
      000183 97                     450 	.db #0x97	; 151
      000184 97                     451 	.db #0x97	; 151
      000185 9C                     452 	.db #0x9c	; 156
      000186 97                     453 	.db #0x97	; 151
      000187 97                     454 	.db #0x97	; 151
      000188 97                     455 	.db #0x97	; 151
      000189 97                     456 	.db #0x97	; 151
      00018A 9B                     457 	.db #0x9b	; 155
      00018B 97                     458 	.db #0x97	; 151
      00018C 97                     459 	.db #0x97	; 151
      00018D 97                     460 	.db #0x97	; 151
      00018E 97                     461 	.db #0x97	; 151
      00018F 97                     462 	.db #0x97	; 151
      000190 97                     463 	.db #0x97	; 151
      000191 97                     464 	.db #0x97	; 151
      000192 97                     465 	.db #0x97	; 151
      000193 97                     466 	.db #0x97	; 151
      000194 97                     467 	.db #0x97	; 151
      000195 97                     468 	.db #0x97	; 151
      000196 97                     469 	.db #0x97	; 151
      000197 97                     470 	.db #0x97	; 151
      000198 97                     471 	.db #0x97	; 151
      000199 9C                     472 	.db #0x9c	; 156
      00019A 97                     473 	.db #0x97	; 151
      00019B 97                     474 	.db #0x97	; 151
      00019C 97                     475 	.db #0x97	; 151
      00019D 97                     476 	.db #0x97	; 151
      00019E 9B                     477 	.db #0x9b	; 155
      00019F 97                     478 	.db #0x97	; 151
      0001A0 97                     479 	.db #0x97	; 151
      0001A1 97                     480 	.db #0x97	; 151
      0001A2 97                     481 	.db #0x97	; 151
      0001A3 97                     482 	.db #0x97	; 151
      0001A4 97                     483 	.db #0x97	; 151
      0001A5 97                     484 	.db #0x97	; 151
      0001A6 97                     485 	.db #0x97	; 151
      0001A7 97                     486 	.db #0x97	; 151
      0001A8 97                     487 	.db #0x97	; 151
      0001A9 97                     488 	.db #0x97	; 151
      0001AA 97                     489 	.db #0x97	; 151
      0001AB 97                     490 	.db #0x97	; 151
      0001AC 97                     491 	.db #0x97	; 151
      0001AD 9C                     492 	.db #0x9c	; 156
      0001AE 97                     493 	.db #0x97	; 151
      0001AF 97                     494 	.db #0x97	; 151
      0001B0 97                     495 	.db #0x97	; 151
      0001B1 97                     496 	.db #0x97	; 151
      0001B2 9B                     497 	.db #0x9b	; 155
      0001B3 97                     498 	.db #0x97	; 151
      0001B4 97                     499 	.db #0x97	; 151
      0001B5 97                     500 	.db #0x97	; 151
      0001B6 97                     501 	.db #0x97	; 151
      0001B7 97                     502 	.db #0x97	; 151
      0001B8 97                     503 	.db #0x97	; 151
      0001B9 97                     504 	.db #0x97	; 151
      0001BA 97                     505 	.db #0x97	; 151
      0001BB 97                     506 	.db #0x97	; 151
      0001BC 97                     507 	.db #0x97	; 151
      0001BD 97                     508 	.db #0x97	; 151
      0001BE 97                     509 	.db #0x97	; 151
      0001BF 97                     510 	.db #0x97	; 151
      0001C0 97                     511 	.db #0x97	; 151
      0001C1 9C                     512 	.db #0x9c	; 156
      0001C2 97                     513 	.db #0x97	; 151
      0001C3 97                     514 	.db #0x97	; 151
      0001C4 97                     515 	.db #0x97	; 151
      0001C5 97                     516 	.db #0x97	; 151
      0001C6 9B                     517 	.db #0x9b	; 155
      0001C7 97                     518 	.db #0x97	; 151
      0001C8 97                     519 	.db #0x97	; 151
      0001C9 97                     520 	.db #0x97	; 151
      0001CA 97                     521 	.db #0x97	; 151
      0001CB 97                     522 	.db #0x97	; 151
      0001CC 97                     523 	.db #0x97	; 151
      0001CD 97                     524 	.db #0x97	; 151
      0001CE 97                     525 	.db #0x97	; 151
      0001CF 97                     526 	.db #0x97	; 151
      0001D0 97                     527 	.db #0x97	; 151
      0001D1 97                     528 	.db #0x97	; 151
      0001D2 97                     529 	.db #0x97	; 151
      0001D3 97                     530 	.db #0x97	; 151
      0001D4 97                     531 	.db #0x97	; 151
      0001D5 9C                     532 	.db #0x9c	; 156
      0001D6 97                     533 	.db #0x97	; 151
      0001D7 97                     534 	.db #0x97	; 151
      0001D8 97                     535 	.db #0x97	; 151
      0001D9 97                     536 	.db #0x97	; 151
      0001DA 9D                     537 	.db #0x9d	; 157
      0001DB 9E                     538 	.db #0x9e	; 158
      0001DC 9E                     539 	.db #0x9e	; 158
      0001DD 9E                     540 	.db #0x9e	; 158
      0001DE 9E                     541 	.db #0x9e	; 158
      0001DF 9E                     542 	.db #0x9e	; 158
      0001E0 9E                     543 	.db #0x9e	; 158
      0001E1 9E                     544 	.db #0x9e	; 158
      0001E2 9E                     545 	.db #0x9e	; 158
      0001E3 9E                     546 	.db #0x9e	; 158
      0001E4 9E                     547 	.db #0x9e	; 158
      0001E5 9E                     548 	.db #0x9e	; 158
      0001E6 9E                     549 	.db #0x9e	; 158
      0001E7 9E                     550 	.db #0x9e	; 158
      0001E8 9E                     551 	.db #0x9e	; 158
      0001E9 9F                     552 	.db #0x9f	; 159
      0001EA 97                     553 	.db #0x97	; 151
      0001EB 97                     554 	.db #0x97	; 151
      0001EC 97                     555 	.db #0x97	; 151
      0001ED 97                     556 	.db #0x97	; 151
      0001EE 97                     557 	.db #0x97	; 151
      0001EF 97                     558 	.db #0x97	; 151
      0001F0 97                     559 	.db #0x97	; 151
      0001F1 97                     560 	.db #0x97	; 151
      0001F2 97                     561 	.db #0x97	; 151
      0001F3 97                     562 	.db #0x97	; 151
      0001F4 97                     563 	.db #0x97	; 151
      0001F5 97                     564 	.db #0x97	; 151
      0001F6 97                     565 	.db #0x97	; 151
      0001F7 97                     566 	.db #0x97	; 151
      0001F8 97                     567 	.db #0x97	; 151
      0001F9 97                     568 	.db #0x97	; 151
      0001FA 97                     569 	.db #0x97	; 151
      0001FB 97                     570 	.db #0x97	; 151
      0001FC 97                     571 	.db #0x97	; 151
      0001FD 97                     572 	.db #0x97	; 151
      0001FE 97                     573 	.db #0x97	; 151
      0001FF 97                     574 	.db #0x97	; 151
                                    575 	.area _INITIALIZER
                                    576 	.area _CABS (ABS)
