                                      1 ;--------------------------------------------------------
                                      2 ; File Created by SDCC : free open source ISO C Compiler 
                                      3 ; Version 4.3.2 #14228 (Mac OS X x86_64)
                                      4 ;--------------------------------------------------------
                                      5 	.module tile
                                      6 	.optsdcc -msm83
                                      7 	
                                      8 ;--------------------------------------------------------
                                      9 ; Public variables in this module
                                     10 ;--------------------------------------------------------
                                     11 	.globl _tile_tiles
                                     12 	.globl b___func_tile
                                     13 	.globl ___func_tile
                                     14 ;--------------------------------------------------------
                                     15 ; special function registers
                                     16 ;--------------------------------------------------------
                                     17 ;--------------------------------------------------------
                                     18 ; ram data
                                     19 ;--------------------------------------------------------
                                     20 	.area _DATA
                                     21 ;--------------------------------------------------------
                                     22 ; ram data
                                     23 ;--------------------------------------------------------
                                     24 	.area _INITIALIZED
                                     25 ;--------------------------------------------------------
                                     26 ; absolute external ram data
                                     27 ;--------------------------------------------------------
                                     28 	.area _DABS (ABS)
                                     29 ;--------------------------------------------------------
                                     30 ; global & static initialisations
                                     31 ;--------------------------------------------------------
                                     32 	.area _HOME
                                     33 	.area _GSINIT
                                     34 	.area _GSFINAL
                                     35 	.area _GSINIT
                                     36 ;--------------------------------------------------------
                                     37 ; Home
                                     38 ;--------------------------------------------------------
                                     39 	.area _HOME
                                     40 	.area _HOME
                                     41 ;--------------------------------------------------------
                                     42 ; code
                                     43 ;--------------------------------------------------------
                                     44 	.area _CODE_1
                           000000    45 	G$__func_tile$0$0	= .
                                     46 	.globl	G$__func_tile$0$0
                           000000    47 	C$tile.c$9$0_0$161	= .
                                     48 	.globl	C$tile.c$9$0_0$161
                                     49 ;assets/tile.c:9: BANKREF(tile)
                                     50 ;	---------------------------------
                                     51 ; Function __func_tile
                                     52 ; ---------------------------------
                           000001    53 	b___func_tile	= 1
      000000                         54 ___func_tile::
                                     55 	.local b___func_tile 
                           000001    56 	___bank_tile = b___func_tile 
                                     57 	.globl ___bank_tile 
                                     58 	.area _CODE_1
                           000000    59 G$tile_tiles$0_0$0 == .
      000000                         60 _tile_tiles:
      000000 FE                      61 	.db #0xfe	; 254
      000001 01                      62 	.db #0x01	; 1
      000002 EF                      63 	.db #0xef	; 239
      000003 10                      64 	.db #0x10	; 16
      000004 FB                      65 	.db #0xfb	; 251
      000005 04                      66 	.db #0x04	; 4
      000006 BF                      67 	.db #0xbf	; 191
      000007 40                      68 	.db #0x40	; 64
      000008 EF                      69 	.db #0xef	; 239
      000009 10                      70 	.db #0x10	; 16
      00000A FF                      71 	.db #0xff	; 255
      00000B 00                      72 	.db #0x00	; 0
      00000C DB                      73 	.db #0xdb	; 219
      00000D 24                      74 	.db #0x24	; 36
      00000E BF                      75 	.db #0xbf	; 191
      00000F 40                      76 	.db #0x40	; 64
      000010 FF                      77 	.db #0xff	; 255
      000011 00                      78 	.db #0x00	; 0
      000012 F6                      79 	.db #0xf6	; 246
      000013 09                      80 	.db #0x09	; 9
      000014 FF                      81 	.db #0xff	; 255
      000015 00                      82 	.db #0x00	; 0
      000016 DF                      83 	.db #0xdf	; 223
      000017 20                      84 	.db #0x20	; 32
      000018 F7                      85 	.db #0xf7	; 247
      000019 08                      86 	.db #0x08	; 8
      00001A BD                      87 	.db #0xbd	; 189
      00001B 42                      88 	.db #0x42	; 66	'B'
      00001C FF                      89 	.db #0xff	; 255
      00001D 00                      90 	.db #0x00	; 0
      00001E EF                      91 	.db #0xef	; 239
      00001F 10                      92 	.db #0x10	; 16
      000020 FB                      93 	.db #0xfb	; 251
      000021 04                      94 	.db #0x04	; 4
      000022 FF                      95 	.db #0xff	; 255
      000023 00                      96 	.db #0x00	; 0
      000024 DE                      97 	.db #0xde	; 222
      000025 21                      98 	.db #0x21	; 33
      000026 FF                      99 	.db #0xff	; 255
      000027 00                     100 	.db #0x00	; 0
      000028 7D                     101 	.db #0x7d	; 125
      000029 82                     102 	.db #0x82	; 130
      00002A FF                     103 	.db #0xff	; 255
      00002B 00                     104 	.db #0x00	; 0
      00002C D7                     105 	.db #0xd7	; 215
      00002D 28                     106 	.db #0x28	; 40
      00002E 7D                     107 	.db #0x7d	; 125
      00002F 82                     108 	.db #0x82	; 130
      000030 DB                     109 	.db #0xdb	; 219
      000031 24                     110 	.db #0x24	; 36
      000032 7F                     111 	.db #0x7f	; 127
      000033 80                     112 	.db #0x80	; 128
      000034 FF                     113 	.db #0xff	; 255
      000035 00                     114 	.db #0x00	; 0
      000036 BD                     115 	.db #0xbd	; 189
      000037 42                     116 	.db #0x42	; 66	'B'
      000038 EF                     117 	.db #0xef	; 239
      000039 10                     118 	.db #0x10	; 16
      00003A 7F                     119 	.db #0x7f	; 127
      00003B 80                     120 	.db #0x80	; 128
      00003C FD                     121 	.db #0xfd	; 253
      00003D 02                     122 	.db #0x02	; 2
      00003E F7                     123 	.db #0xf7	; 247
      00003F 08                     124 	.db #0x08	; 8
      000040 B7                     125 	.db #0xb7	; 183
      000041 48                     126 	.db #0x48	; 72	'H'
      000042 04                     127 	.db #0x04	; 4
      000043 FB                     128 	.db #0xfb	; 251
      000044 00                     129 	.db #0x00	; 0
      000045 FF                     130 	.db #0xff	; 255
      000046 80                     131 	.db #0x80	; 128
      000047 FF                     132 	.db #0xff	; 255
      000048 4A                     133 	.db #0x4a	; 74	'J'
      000049 FF                     134 	.db #0xff	; 255
      00004A 0C                     135 	.db #0x0c	; 12
      00004B FF                     136 	.db #0xff	; 255
      00004C BF                     137 	.db #0xbf	; 191
      00004D FB                     138 	.db #0xfb	; 251
      00004E FF                     139 	.db #0xff	; 255
      00004F 61                     140 	.db #0x61	; 97	'a'
      000050 6B                     141 	.db #0x6b	; 107	'k'
      000051 94                     142 	.db #0x94	; 148
      000052 08                     143 	.db #0x08	; 8
      000053 F7                     144 	.db #0xf7	; 247
      000054 20                     145 	.db #0x20	; 32
      000055 FF                     146 	.db #0xff	; 255
      000056 20                     147 	.db #0x20	; 32
      000057 FF                     148 	.db #0xff	; 255
      000058 1D                     149 	.db #0x1d	; 29
      000059 FF                     150 	.db #0xff	; 255
      00005A 82                     151 	.db #0x82	; 130
      00005B FF                     152 	.db #0xff	; 255
      00005C D6                     153 	.db #0xd6	; 214
      00005D FF                     154 	.db #0xff	; 255
      00005E BF                     155 	.db #0xbf	; 191
      00005F 63                     156 	.db #0x63	; 99	'c'
      000060 ED                     157 	.db #0xed	; 237
      000061 12                     158 	.db #0x12	; 18
      000062 48                     159 	.db #0x48	; 72	'H'
      000063 B7                     160 	.db #0xb7	; 183
      000064 00                     161 	.db #0x00	; 0
      000065 FF                     162 	.db #0xff	; 255
      000066 B0                     163 	.db #0xb0	; 176
      000067 FF                     164 	.db #0xff	; 255
      000068 41                     165 	.db #0x41	; 65	'A'
      000069 FF                     166 	.db #0xff	; 255
      00006A 35                     167 	.db #0x35	; 53	'5'
      00006B FF                     168 	.db #0xff	; 255
      00006C FF                     169 	.db #0xff	; 255
      00006D 8A                     170 	.db #0x8a	; 138
      00006E FF                     171 	.db #0xff	; 255
      00006F 00                     172 	.db #0x00	; 0
      000070 DD                     173 	.db #0xdd	; 221
      000071 22                     174 	.db #0x22	; 34
      000072 98                     175 	.db #0x98	; 152
      000073 67                     176 	.db #0x67	; 103	'g'
      000074 00                     177 	.db #0x00	; 0
      000075 FF                     178 	.db #0xff	; 255
      000076 20                     179 	.db #0x20	; 32
      000077 FF                     180 	.db #0xff	; 255
      000078 AD                     181 	.db #0xad	; 173
      000079 FF                     182 	.db #0xff	; 255
      00007A 65                     183 	.db #0x65	; 101	'e'
      00007B FF                     184 	.db #0xff	; 255
      00007C D5                     185 	.db #0xd5	; 213
      00007D BA                     186 	.db #0xba	; 186
      00007E FF                     187 	.db #0xff	; 255
      00007F 88                     188 	.db #0x88	; 136
      000080 7B                     189 	.db #0x7b	; 123
      000081 84                     190 	.db #0x84	; 132
      000082 BF                     191 	.db #0xbf	; 191
      000083 40                     192 	.db #0x40	; 64
      000084 F8                     193 	.db #0xf8	; 248
      000085 18                     194 	.db #0x18	; 24
      000086 E0                     195 	.db #0xe0	; 224
      000087 20                     196 	.db #0x20	; 32
      000088 C0                     197 	.db #0xc0	; 192
      000089 00                     198 	.db #0x00	; 0
      00008A 80                     199 	.db #0x80	; 128
      00008B 40                     200 	.db #0x40	; 64
      00008C C0                     201 	.db #0xc0	; 192
      00008D 00                     202 	.db #0x00	; 0
      00008E 80                     203 	.db #0x80	; 128
      00008F 00                     204 	.db #0x00	; 0
      000090 AD                     205 	.db #0xad	; 173
      000091 52                     206 	.db #0x52	; 82	'R'
      000092 FF                     207 	.db #0xff	; 255
      000093 00                     208 	.db #0x00	; 0
      000094 0F                     209 	.db #0x0f	; 15
      000095 08                     210 	.db #0x08	; 8
      000096 07                     211 	.db #0x07	; 7
      000097 04                     212 	.db #0x04	; 4
      000098 03                     213 	.db #0x03	; 3
      000099 00                     214 	.db #0x00	; 0
      00009A 07                     215 	.db #0x07	; 7
      00009B 00                     216 	.db #0x00	; 0
      00009C 3F                     217 	.db #0x3f	; 63
      00009D 3C                     218 	.db #0x3c	; 60
      00009E 0B                     219 	.db #0x0b	; 11
      00009F 08                     220 	.db #0x08	; 8
      0000A0 80                     221 	.db #0x80	; 128
      0000A1 00                     222 	.db #0x00	; 0
      0000A2 82                     223 	.db #0x82	; 130
      0000A3 02                     224 	.db #0x02	; 2
      0000A4 A2                     225 	.db #0xa2	; 162
      0000A5 22                     226 	.db #0x22	; 34
      0000A6 EE                     227 	.db #0xee	; 238
      0000A7 6E                     228 	.db #0x6e	; 110	'n'
      0000A8 F4                     229 	.db #0xf4	; 244
      0000A9 34                     230 	.db #0x34	; 52	'4'
      0000AA FC                     231 	.db #0xfc	; 252
      0000AB 1C                     232 	.db #0x1c	; 28
      0000AC 7F                     233 	.db #0x7f	; 127
      0000AD 8F                     234 	.db #0x8f	; 143
      0000AE BF                     235 	.db #0xbf	; 191
      0000AF 40                     236 	.db #0x40	; 64
      0000B0 0F                     237 	.db #0x0f	; 15
      0000B1 0C                     238 	.db #0x0c	; 12
      0000B2 0F                     239 	.db #0x0f	; 15
      0000B3 0C                     240 	.db #0x0c	; 12
      0000B4 16                     241 	.db #0x16	; 22
      0000B5 15                     242 	.db #0x15	; 21
      0000B6 0F                     243 	.db #0x0f	; 15
      0000B7 0C                     244 	.db #0x0c	; 12
      0000B8 3F                     245 	.db #0x3f	; 63
      0000B9 38                     246 	.db #0x38	; 56	'8'
      0000BA FA                     247 	.db #0xfa	; 250
      0000BB E5                     248 	.db #0xe5	; 229
      0000BC FF                     249 	.db #0xff	; 255
      0000BD C0                     250 	.db #0xc0	; 192
      0000BE F7                     251 	.db #0xf7	; 247
      0000BF 08                     252 	.db #0x08	; 8
      0000C0 FD                     253 	.db #0xfd	; 253
      0000C1 02                     254 	.db #0x02	; 2
      0000C2 F7                     255 	.db #0xf7	; 247
      0000C3 08                     256 	.db #0x08	; 8
      0000C4 BF                     257 	.db #0xbf	; 191
      0000C5 40                     258 	.db #0x40	; 64
      0000C6 FF                     259 	.db #0xff	; 255
      0000C7 00                     260 	.db #0x00	; 0
      0000C8 70                     261 	.db #0x70	; 112	'p'
      0000C9 80                     262 	.db #0x80	; 128
      0000CA EC                     263 	.db #0xec	; 236
      0000CB 0C                     264 	.db #0x0c	; 12
      0000CC FF                     265 	.db #0xff	; 255
      0000CD 07                     266 	.db #0x07	; 7
      0000CE EF                     267 	.db #0xef	; 239
      0000CF 10                     268 	.db #0x10	; 16
      0000D0 F7                     269 	.db #0xf7	; 247
      0000D1 08                     270 	.db #0x08	; 8
      0000D2 EF                     271 	.db #0xef	; 239
      0000D3 10                     272 	.db #0x10	; 16
      0000D4 FE                     273 	.db #0xfe	; 254
      0000D5 01                     274 	.db #0x01	; 1
      0000D6 07                     275 	.db #0x07	; 7
      0000D7 04                     276 	.db #0x04	; 4
      0000D8 1F                     277 	.db #0x1f	; 31
      0000D9 1E                     278 	.db #0x1e	; 30
      0000DA F3                     279 	.db #0xf3	; 243
      0000DB FE                     280 	.db #0xfe	; 254
      0000DC F3                     281 	.db #0xf3	; 243
      0000DD 80                     282 	.db #0x80	; 128
      0000DE CE                     283 	.db #0xce	; 206
      0000DF 0D                     284 	.db #0x0d	; 13
      0000E0 F0                     285 	.db #0xf0	; 240
      0000E1 00                     286 	.db #0x00	; 0
      0000E2 CC                     287 	.db #0xcc	; 204
      0000E3 0C                     288 	.db #0x0c	; 12
      0000E4 DF                     289 	.db #0xdf	; 223
      0000E5 1F                     290 	.db #0x1f	; 31
      0000E6 FF                     291 	.db #0xff	; 255
      0000E7 31                     292 	.db #0x31	; 49	'1'
      0000E8 7D                     293 	.db #0x7d	; 125
      0000E9 82                     294 	.db #0x82	; 130
      0000EA EF                     295 	.db #0xef	; 239
      0000EB 10                     296 	.db #0x10	; 16
      0000EC F7                     297 	.db #0xf7	; 247
      0000ED 09                     298 	.db #0x09	; 9
      0000EE 7D                     299 	.db #0x7d	; 125
      0000EF 82                     300 	.db #0x82	; 130
      0000F0 1F                     301 	.db #0x1f	; 31
      0000F1 18                     302 	.db #0x18	; 24
      0000F2 FF                     303 	.db #0xff	; 255
      0000F3 E0                     304 	.db #0xe0	; 224
      0000F4 FF                     305 	.db #0xff	; 255
      0000F5 86                     306 	.db #0x86	; 134
      0000F6 E2                     307 	.db #0xe2	; 226
      0000F7 03                     308 	.db #0x03	; 3
      0000F8 8F                     309 	.db #0x8f	; 143
      0000F9 0E                     310 	.db #0x0e	; 14
      0000FA 3F                     311 	.db #0x3f	; 63
      0000FB 38                     312 	.db #0x38	; 56	'8'
      0000FC FB                     313 	.db #0xfb	; 251
      0000FD E4                     314 	.db #0xe4	; 228
      0000FE FE                     315 	.db #0xfe	; 254
      0000FF 01                     316 	.db #0x01	; 1
      000100 FF                     317 	.db #0xff	; 255
      000101 00                     318 	.db #0x00	; 0
      000102 BB                     319 	.db #0xbb	; 187
      000103 44                     320 	.db #0x44	; 68	'D'
      000104 FF                     321 	.db #0xff	; 255
      000105 00                     322 	.db #0x00	; 0
      000106 C1                     323 	.db #0xc1	; 193
      000107 22                     324 	.db #0x22	; 34
      000108 40                     325 	.db #0x40	; 64
      000109 80                     326 	.db #0x80	; 128
      00010A C0                     327 	.db #0xc0	; 192
      00010B 02                     328 	.db #0x02	; 2
      00010C C0                     329 	.db #0xc0	; 192
      00010D 2A                     330 	.db #0x2a	; 42
      00010E C0                     331 	.db #0xc0	; 192
      00010F 29                     332 	.db #0x29	; 41
      000110 BF                     333 	.db #0xbf	; 191
      000111 40                     334 	.db #0x40	; 64
      000112 FD                     335 	.db #0xfd	; 253
      000113 02                     336 	.db #0x02	; 2
      000114 FF                     337 	.db #0xff	; 255
      000115 00                     338 	.db #0x00	; 0
      000116 03                     339 	.db #0x03	; 3
      000117 90                     340 	.db #0x90	; 144
      000118 07                     341 	.db #0x07	; 7
      000119 50                     342 	.db #0x50	; 80	'P'
      00011A 05                     343 	.db #0x05	; 5
      00011B 52                     344 	.db #0x52	; 82	'R'
      00011C 07                     345 	.db #0x07	; 7
      00011D 48                     346 	.db #0x48	; 72	'H'
      00011E 07                     347 	.db #0x07	; 7
      00011F 48                     348 	.db #0x48	; 72	'H'
      000120 C0                     349 	.db #0xc0	; 192
      000121 23                     350 	.db #0x23	; 35
      000122 C0                     351 	.db #0xc0	; 192
      000123 00                     352 	.db #0x00	; 0
      000124 80                     353 	.db #0x80	; 128
      000125 48                     354 	.db #0x48	; 72	'H'
      000126 C0                     355 	.db #0xc0	; 192
      000127 08                     356 	.db #0x08	; 8
      000128 C0                     357 	.db #0xc0	; 192
      000129 20                     358 	.db #0x20	; 32
      00012A C0                     359 	.db #0xc0	; 192
      00012B 2F                     360 	.db #0x2f	; 47
      00012C 77                     361 	.db #0x77	; 119	'w'
      00012D 88                     362 	.db #0x88	; 136
      00012E FB                     363 	.db #0xfb	; 251
      00012F 04                     364 	.db #0x04	; 4
      000130 06                     365 	.db #0x06	; 6
      000131 09                     366 	.db #0x09	; 9
      000132 07                     367 	.db #0x07	; 7
      000133 C8                     368 	.db #0xc8	; 200
      000134 03                     369 	.db #0x03	; 3
      000135 04                     370 	.db #0x04	; 4
      000136 03                     371 	.db #0x03	; 3
      000137 60                     372 	.db #0x60	; 96
      000138 03                     373 	.db #0x03	; 3
      000139 24                     374 	.db #0x24	; 36
      00013A 0A                     375 	.db #0x0a	; 10
      00013B 65                     376 	.db #0x65	; 101	'e'
      00013C EF                     377 	.db #0xef	; 239
      00013D 10                     378 	.db #0x10	; 16
      00013E BF                     379 	.db #0xbf	; 191
      00013F 40                     380 	.db #0x40	; 64
      000140 FD                     381 	.db #0xfd	; 253
      000141 02                     382 	.db #0x02	; 2
      000142 7F                     383 	.db #0x7f	; 127
      000143 80                     384 	.db #0x80	; 128
      000144 DD                     385 	.db #0xdd	; 221
      000145 22                     386 	.db #0x22	; 34
      000146 EA                     387 	.db #0xea	; 234
      000147 08                     388 	.db #0x08	; 8
      000148 EA                     389 	.db #0xea	; 234
      000149 0B                     390 	.db #0x0b	; 11
      00014A EA                     391 	.db #0xea	; 234
      00014B 0A                     392 	.db #0x0a	; 10
      00014C 6C                     393 	.db #0x6c	; 108	'l'
      00014D 8C                     394 	.db #0x8c	; 140
      00014E ED                     395 	.db #0xed	; 237
      00014F 0D                     396 	.db #0x0d	; 13
      000150 FF                     397 	.db #0xff	; 255
      000151 00                     398 	.db #0x00	; 0
      000152 DE                     399 	.db #0xde	; 222
      000153 21                     400 	.db #0x21	; 33
      000154 FB                     401 	.db #0xfb	; 251
      000155 04                     402 	.db #0x04	; 4
      000156 AF                     403 	.db #0xaf	; 175
      000157 00                     404 	.db #0x00	; 0
      000158 A7                     405 	.db #0xa7	; 167
      000159 20                     406 	.db #0x20	; 32
      00015A D6                     407 	.db #0xd6	; 214
      00015B 51                     408 	.db #0x51	; 81	'Q'
      00015C D7                     409 	.db #0xd7	; 215
      00015D 50                     410 	.db #0x50	; 80	'P'
      00015E 75                     411 	.db #0x75	; 117	'u'
      00015F 52                     412 	.db #0x52	; 82	'R'
      000160 ED                     413 	.db #0xed	; 237
      000161 09                     414 	.db #0x09	; 9
      000162 CD                     415 	.db #0xcd	; 205
      000163 09                     416 	.db #0x09	; 9
      000164 CD                     417 	.db #0xcd	; 205
      000165 09                     418 	.db #0x09	; 9
      000166 5D                     419 	.db #0x5d	; 93
      000167 99                     420 	.db #0x99	; 153
      000168 DD                     421 	.db #0xdd	; 221
      000169 11                     422 	.db #0x11	; 17
      00016A DE                     423 	.db #0xde	; 222
      00016B 08                     424 	.db #0x08	; 8
      00016C F6                     425 	.db #0xf6	; 246
      00016D 08                     426 	.db #0x08	; 8
      00016E BF                     427 	.db #0xbf	; 191
      00016F 40                     428 	.db #0x40	; 64
      000170 67                     429 	.db #0x67	; 103	'g'
      000171 40                     430 	.db #0x40	; 64
      000172 67                     431 	.db #0x67	; 103	'g'
      000173 40                     432 	.db #0x40	; 64
      000174 6D                     433 	.db #0x6d	; 109	'm'
      000175 4A                     434 	.db #0x4a	; 74	'J'
      000176 6F                     435 	.db #0x6f	; 111	'o'
      000177 08                     436 	.db #0x08	; 8
      000178 6B                     437 	.db #0x6b	; 107	'k'
      000179 6C                     438 	.db #0x6c	; 108	'l'
      00017A 7F                     439 	.db #0x7f	; 127
      00017B 08                     440 	.db #0x08	; 8
      00017C FE                     441 	.db #0xfe	; 254
      00017D 81                     442 	.db #0x81	; 129
      00017E DF                     443 	.db #0xdf	; 223
      00017F 20                     444 	.db #0x20	; 32
      000180 8F                     445 	.db #0x8f	; 143
      000181 71                     446 	.db #0x71	; 113	'q'
      000182 EF                     447 	.db #0xef	; 239
      000183 13                     448 	.db #0x13	; 19
      000184 F8                     449 	.db #0xf8	; 248
      000185 00                     450 	.db #0x00	; 0
      000186 F0                     451 	.db #0xf0	; 240
      000187 80                     452 	.db #0x80	; 128
      000188 F0                     453 	.db #0xf0	; 240
      000189 00                     454 	.db #0x00	; 0
      00018A E0                     455 	.db #0xe0	; 224
      00018B 00                     456 	.db #0x00	; 0
      00018C F0                     457 	.db #0xf0	; 240
      00018D 10                     458 	.db #0x10	; 16
      00018E F0                     459 	.db #0xf0	; 240
      00018F 10                     460 	.db #0x10	; 16
      000190 FF                     461 	.db #0xff	; 255
      000191 F0                     462 	.db #0xf0	; 240
      000192 1F                     463 	.db #0x1f	; 31
      000193 1C                     464 	.db #0x1c	; 28
      000194 01                     465 	.db #0x01	; 1
      000195 00                     466 	.db #0x00	; 0
      000196 01                     467 	.db #0x01	; 1
      000197 00                     468 	.db #0x00	; 0
      000198 60                     469 	.db #0x60	; 96
      000199 60                     470 	.db #0x60	; 96
      00019A F0                     471 	.db #0xf0	; 240
      00019B F0                     472 	.db #0xf0	; 240
      00019C B8                     473 	.db #0xb8	; 184
      00019D E8                     474 	.db #0xe8	; 232
      00019E FF                     475 	.db #0xff	; 255
      00019F 8F                     476 	.db #0x8f	; 143
      0001A0 F0                     477 	.db #0xf0	; 240
      0001A1 10                     478 	.db #0x10	; 16
      0001A2 FC                     479 	.db #0xfc	; 252
      0001A3 3C                     480 	.db #0x3c	; 60
      0001A4 E6                     481 	.db #0xe6	; 230
      0001A5 66                     482 	.db #0x66	; 102	'f'
      0001A6 CF                     483 	.db #0xcf	; 207
      0001A7 CF                     484 	.db #0xcf	; 207
      0001A8 9F                     485 	.db #0x9f	; 159
      0001A9 9F                     486 	.db #0x9f	; 159
      0001AA 98                     487 	.db #0x98	; 152
      0001AB 98                     488 	.db #0x98	; 152
      0001AC C3                     489 	.db #0xc3	; 195
      0001AD 42                     490 	.db #0x42	; 66	'B'
      0001AE EF                     491 	.db #0xef	; 239
      0001AF A8                     492 	.db #0xa8	; 168
      0001B0 FE                     493 	.db #0xfe	; 254
      0001B1 CE                     494 	.db #0xce	; 206
      0001B2 71                     495 	.db #0x71	; 113	'q'
      0001B3 71                     496 	.db #0x71	; 113	'q'
      0001B4 1B                     497 	.db #0x1b	; 27
      0001B5 1B                     498 	.db #0x1b	; 27
      0001B6 0F                     499 	.db #0x0f	; 15
      0001B7 08                     500 	.db #0x08	; 8
      0001B8 1F                     501 	.db #0x1f	; 31
      0001B9 10                     502 	.db #0x10	; 16
      0001BA 3F                     503 	.db #0x3f	; 63
      0001BB 30                     504 	.db #0x30	; 48	'0'
      0001BC FC                     505 	.db #0xfc	; 252
      0001BD E3                     506 	.db #0xe3	; 227
      0001BE 9B                     507 	.db #0x9b	; 155
      0001BF 64                     508 	.db #0x64	; 100	'd'
      0001C0 BE                     509 	.db #0xbe	; 190
      0001C1 41                     510 	.db #0x41	; 65	'A'
      0001C2 ED                     511 	.db #0xed	; 237
      0001C3 12                     512 	.db #0x12	; 18
      0001C4 FF                     513 	.db #0xff	; 255
      0001C5 00                     514 	.db #0x00	; 0
      0001C6 7B                     515 	.db #0x7b	; 123
      0001C7 84                     516 	.db #0x84	; 132
      0001C8 FE                     517 	.db #0xfe	; 254
      0001C9 00                     518 	.db #0x00	; 0
      0001CA EE                     519 	.db #0xee	; 238
      0001CB 10                     520 	.db #0x10	; 16
      0001CC FC                     521 	.db #0xfc	; 252
      0001CD 00                     522 	.db #0x00	; 0
      0001CE FC                     523 	.db #0xfc	; 252
      0001CF 00                     524 	.db #0x00	; 0
      0001D0 FF                     525 	.db #0xff	; 255
      0001D1 60                     526 	.db #0x60	; 96
      0001D2 35                     527 	.db #0x35	; 53	'5'
      0001D3 3A                     528 	.db #0x3a	; 58
      0001D4 1F                     529 	.db #0x1f	; 31
      0001D5 1C                     530 	.db #0x1c	; 28
      0001D6 07                     531 	.db #0x07	; 7
      0001D7 04                     532 	.db #0x04	; 4
      0001D8 05                     533 	.db #0x05	; 5
      0001D9 06                     534 	.db #0x06	; 6
      0001DA 3F                     535 	.db #0x3f	; 63
      0001DB 38                     536 	.db #0x38	; 56	'8'
      0001DC 7F                     537 	.db #0x7f	; 127
      0001DD 70                     538 	.db #0x70	; 112	'p'
      0001DE 7F                     539 	.db #0x7f	; 127
      0001DF 60                     540 	.db #0x60	; 96
      0001E0 F8                     541 	.db #0xf8	; 248
      0001E1 00                     542 	.db #0x00	; 0
      0001E2 48                     543 	.db #0x48	; 72	'H'
      0001E3 80                     544 	.db #0x80	; 128
      0001E4 81                     545 	.db #0x81	; 129
      0001E5 01                     546 	.db #0x01	; 1
      0001E6 83                     547 	.db #0x83	; 131
      0001E7 03                     548 	.db #0x03	; 3
      0001E8 C3                     549 	.db #0xc3	; 195
      0001E9 13                     550 	.db #0x13	; 19
      0001EA 71                     551 	.db #0x71	; 113	'q'
      0001EB 81                     552 	.db #0x81	; 129
      0001EC E1                     553 	.db #0xe1	; 225
      0001ED 01                     554 	.db #0x01	; 1
      0001EE 63                     555 	.db #0x63	; 99	'c'
      0001EF 93                     556 	.db #0x93	; 147
      0001F0 D7                     557 	.db #0xd7	; 215
      0001F1 E8                     558 	.db #0xe8	; 232
      0001F2 FF                     559 	.db #0xff	; 255
      0001F3 80                     560 	.db #0x80	; 128
      0001F4 FD                     561 	.db #0xfd	; 253
      0001F5 82                     562 	.db #0x82	; 130
      0001F6 F7                     563 	.db #0xf7	; 247
      0001F7 08                     564 	.db #0x08	; 8
      0001F8 FF                     565 	.db #0xff	; 255
      0001F9 00                     566 	.db #0x00	; 0
      0001FA DF                     567 	.db #0xdf	; 223
      0001FB A0                     568 	.db #0xa0	; 160
      0001FC FD                     569 	.db #0xfd	; 253
      0001FD 82                     570 	.db #0x82	; 130
      0001FE FB                     571 	.db #0xfb	; 251
      0001FF 04                     572 	.db #0x04	; 4
                                    573 	.area _INITIALIZER
                                    574 	.area _CABS (ABS)
